<?xml version="1.0" encoding="UTF-8"?>
<coverage generated="1487858117143" clover="3.2.0">
  <project timestamp="1487858117143" name="All files">
    <metrics statements="427" coveredstatements="424" conditionals="259" coveredconditionals="259" methods="117" coveredmethods="115" elements="803" coveredelements="798" complexity="0" loc="427" ncloc="427" packages="9" files="42" classes="42">
      <package name="jest">
        <metrics statements="1" coveredstatements="1" conditionals="0" coveredconditionals="0" methods="0" coveredmethods="0"/>
        <file name="setup.js" path="/Users/jkalis/Pro/QL/WebCore/luxui/lux-core/jest/setup.js">
          <metrics statements="1" coveredstatements="1" conditionals="0" coveredconditionals="0" methods="0" coveredmethods="0"/>
          <line num="1" count="39" type="stmt"/>
        </file>
      </package>
      <package name="src.lib">
        <metrics statements="171" coveredstatements="171" conditionals="134" coveredconditionals="134" methods="54" coveredmethods="54"/>
        <file name="apiRequest.js" path="/Users/jkalis/Pro/QL/WebCore/luxui/lux-core/src/lib/apiRequest.js">
          <metrics statements="22" coveredstatements="22" conditionals="13" coveredconditionals="13" methods="7" coveredmethods="7"/>
          <line num="11" count="2" type="stmt"/>
          <line num="26" count="6" type="stmt"/>
          <line num="34" count="48" type="stmt"/>
          <line num="36" count="48" type="stmt"/>
          <line num="39" count="6" type="stmt"/>
          <line num="87" count="6" type="stmt"/>
          <line num="89" count="6" type="stmt"/>
          <line num="91" count="6" type="stmt"/>
          <line num="92" count="1" type="stmt"/>
          <line num="96" count="6" type="stmt"/>
          <line num="97" count="6" type="stmt"/>
          <line num="100" count="6" type="stmt"/>
          <line num="101" count="3" type="stmt"/>
          <line num="104" count="6" type="stmt"/>
          <line num="114" count="6" type="stmt"/>
          <line num="120" count="6" type="stmt"/>
          <line num="121" count="1" type="stmt"/>
          <line num="123" count="1" type="stmt"/>
          <line num="125" count="1" type="stmt"/>
          <line num="127" count="1" type="stmt"/>
          <line num="132" count="5" type="stmt"/>
          <line num="135" count="6" type="stmt"/>
        </file>
        <file name="broker.js" path="/Users/jkalis/Pro/QL/WebCore/luxui/lux-core/src/lib/broker.js">
          <metrics statements="7" coveredstatements="7" conditionals="3" coveredconditionals="3" methods="2" coveredmethods="2"/>
          <line num="8" count="3" type="stmt"/>
          <line num="50" count="4" type="stmt"/>
          <line num="52" count="1" type="stmt"/>
          <line num="55" count="3" type="stmt"/>
          <line num="57" count="5" type="stmt"/>
          <line num="60" count="10" type="stmt"/>
          <line num="64" count="3" type="stmt"/>
        </file>
        <file name="componentRegistry.js" path="/Users/jkalis/Pro/QL/WebCore/luxui/lux-core/src/lib/componentRegistry.js">
          <metrics statements="11" coveredstatements="11" conditionals="19" coveredconditionals="19" methods="1" coveredmethods="1"/>
          <line num="8" count="20" type="stmt"/>
          <line num="34" count="276" type="stmt"/>
          <line num="35" count="3" type="stmt"/>
          <line num="38" count="273" type="stmt"/>
          <line num="39" count="1" type="stmt"/>
          <line num="42" count="272" type="stmt"/>
          <line num="43" count="1" type="stmt"/>
          <line num="46" count="271" type="stmt"/>
          <line num="48" count="271" type="stmt"/>
          <line num="49" count="163" type="stmt"/>
          <line num="52" count="271" type="stmt"/>
        </file>
        <file name="debounce.js" path="/Users/jkalis/Pro/QL/WebCore/luxui/lux-core/src/lib/debounce.js">
          <metrics statements="5" coveredstatements="5" conditionals="4" coveredconditionals="4" methods="2" coveredmethods="2"/>
          <line num="49" count="4" type="stmt"/>
          <line num="53" count="4" type="stmt"/>
          <line num="54" count="1" type="stmt"/>
          <line num="57" count="4" type="stmt"/>
          <line num="60" count="4" type="stmt"/>
        </file>
        <file name="flattenArray.js" path="/Users/jkalis/Pro/QL/WebCore/luxui/lux-core/src/lib/flattenArray.js">
          <metrics statements="4" coveredstatements="4" conditionals="4" coveredconditionals="4" methods="2" coveredmethods="2"/>
          <line num="22" count="4" type="stmt"/>
          <line num="23" count="1" type="stmt"/>
          <line num="26" count="3" type="stmt"/>
          <line num="27" count="7" type="stmt"/>
        </file>
        <file name="has.js" path="/Users/jkalis/Pro/QL/WebCore/luxui/lux-core/src/lib/has.js">
          <metrics statements="5" coveredstatements="5" conditionals="2" coveredconditionals="2" methods="5" coveredmethods="5"/>
          <line num="30" count="4" type="stmt"/>
          <line num="31" count="6" type="stmt"/>
          <line num="36" count="18" type="stmt"/>
          <line num="37" count="32" type="stmt"/>
          <line num="42" count="111" type="stmt"/>
        </file>
        <file name="herald.js" path="/Users/jkalis/Pro/QL/WebCore/luxui/lux-core/src/lib/herald.js">
          <metrics statements="14" coveredstatements="14" conditionals="4" coveredconditionals="4" methods="6" coveredmethods="6"/>
          <line num="52" count="9" type="stmt"/>
          <line num="55" count="18" type="stmt"/>
          <line num="56" count="1" type="stmt"/>
          <line num="59" count="17" type="stmt"/>
          <line num="60" count="11" type="stmt"/>
          <line num="62" count="11" type="stmt"/>
          <line num="64" count="11" type="stmt"/>
          <line num="65" count="2" type="stmt"/>
          <line num="66" count="2" type="stmt"/>
          <line num="70" count="8" type="stmt"/>
          <line num="72" count="6" type="stmt"/>
          <line num="76" count="22" type="stmt"/>
          <line num="79" count="9" type="stmt"/>
          <line num="81" count="9" type="stmt"/>
        </file>
        <file name="is.js" path="/Users/jkalis/Pro/QL/WebCore/luxui/lux-core/src/lib/is.js">
          <metrics statements="11" coveredstatements="11" conditionals="13" coveredconditionals="13" methods="9" coveredmethods="9"/>
          <line num="32" count="557" type="stmt"/>
          <line num="34" count="37" type="stmt"/>
          <line num="35" count="197" type="stmt"/>
          <line num="36" count="37" type="stmt"/>
          <line num="37" count="37" type="stmt"/>
          <line num="38" count="37" type="stmt"/>
          <line num="39" count="336" type="stmt"/>
          <line num="50" count="37" type="stmt"/>
          <line num="51" count="3" type="stmt"/>
          <line num="67" count="37" type="stmt"/>
          <line num="68" count="6" type="stmt"/>
        </file>
        <file name="luxPath.js" path="/Users/jkalis/Pro/QL/WebCore/luxui/lux-core/src/lib/luxPath.js">
          <metrics statements="3" coveredstatements="3" conditionals="2" coveredconditionals="2" methods="1" coveredmethods="1"/>
          <line num="34" count="14" type="stmt"/>
          <line num="35" count="14" type="stmt"/>
          <line num="38" count="14" type="stmt"/>
        </file>
        <file name="responseModel.js" path="/Users/jkalis/Pro/QL/WebCore/luxui/lux-core/src/lib/responseModel.js">
          <metrics statements="18" coveredstatements="18" conditionals="12" coveredconditionals="12" methods="2" coveredmethods="2"/>
          <line num="7" count="4" type="stmt"/>
          <line num="9" count="4" type="stmt"/>
          <line num="36" count="10" type="stmt"/>
          <line num="62" count="9" type="stmt"/>
          <line num="64" count="9" type="stmt"/>
          <line num="65" count="2" type="stmt"/>
          <line num="67" count="2" type="stmt"/>
          <line num="70" count="7" type="stmt"/>
          <line num="72" count="7" type="stmt"/>
          <line num="75" count="1" type="stmt"/>
          <line num="78" count="1" type="stmt"/>
          <line num="80" count="3" type="stmt"/>
          <line num="81" count="1" type="stmt"/>
          <line num="82" count="1" type="stmt"/>
          <line num="84" count="1" type="stmt"/>
          <line num="87" count="2" type="stmt"/>
          <line num="92" count="2" type="stmt"/>
          <line num="94" count="2" type="stmt"/>
        </file>
        <file name="routing.js" path="/Users/jkalis/Pro/QL/WebCore/luxui/lux-core/src/lib/routing.js">
          <metrics statements="33" coveredstatements="33" conditionals="26" coveredconditionals="26" methods="8" coveredmethods="8"/>
          <line num="8" count="4" type="stmt"/>
          <line num="9" count="4" type="stmt"/>
          <line num="42" count="6" type="stmt"/>
          <line num="47" count="5" type="stmt"/>
          <line num="48" count="3" type="stmt"/>
          <line num="50" count="7" type="stmt"/>
          <line num="52" count="3" type="stmt"/>
          <line num="57" count="5" type="stmt"/>
          <line num="63" count="9" type="stmt"/>
          <line num="64" count="1" type="stmt"/>
          <line num="67" count="8" type="stmt"/>
          <line num="68" count="1" type="stmt"/>
          <line num="69" count="1" type="stmt"/>
          <line num="72" count="7" type="stmt"/>
          <line num="73" count="3" type="stmt"/>
          <line num="75" count="3" type="stmt"/>
          <line num="78" count="4" type="stmt"/>
          <line num="79" count="4" type="stmt"/>
          <line num="80" count="4" type="stmt"/>
          <line num="82" count="4" type="stmt"/>
          <line num="84" count="1" type="stmt"/>
          <line num="89" count="3" type="stmt"/>
          <line num="90" count="3" type="stmt"/>
          <line num="91" count="2" type="stmt"/>
          <line num="92" count="3" type="stmt"/>
          <line num="94" count="1" type="stmt"/>
          <line num="97" count="3" type="stmt"/>
          <line num="129" count="19" type="stmt"/>
          <line num="130" count="4" type="stmt"/>
          <line num="133" count="15" type="stmt"/>
          <line num="136" count="5" type="stmt"/>
          <line num="139" count="9" type="stmt"/>
          <line num="141" count="1" type="stmt"/>
        </file>
        <file name="series.js" path="/Users/jkalis/Pro/QL/WebCore/luxui/lux-core/src/lib/series.js">
          <metrics statements="4" coveredstatements="4" conditionals="2" coveredconditionals="2" methods="3" coveredmethods="3"/>
          <line num="27" count="1" type="stmt"/>
          <line num="28" count="3" type="stmt"/>
          <line num="30" count="1" type="stmt"/>
          <line num="33" count="2" type="stmt"/>
        </file>
        <file name="storage.js" path="/Users/jkalis/Pro/QL/WebCore/luxui/lux-core/src/lib/storage.js">
          <metrics statements="10" coveredstatements="10" conditionals="7" coveredconditionals="7" methods="1" coveredmethods="1"/>
          <line num="35" count="6" type="stmt"/>
          <line num="36" count="1" type="stmt"/>
          <line num="37" count="1" type="stmt"/>
          <line num="40" count="5" type="stmt"/>
          <line num="45" count="5" type="stmt"/>
          <line num="47" count="5" type="stmt"/>
          <line num="48" count="1" type="stmt"/>
          <line num="49" count="4" type="stmt"/>
          <line num="50" count="1" type="stmt"/>
          <line num="53" count="5" type="stmt"/>
        </file>
        <file name="urlParse.js" path="/Users/jkalis/Pro/QL/WebCore/luxui/lux-core/src/lib/urlParse.js">
          <metrics statements="24" coveredstatements="24" conditionals="23" coveredconditionals="23" methods="5" coveredmethods="5"/>
          <line num="8" count="14" type="stmt"/>
          <line num="15" count="29" type="stmt"/>
          <line num="23" count="29" type="stmt"/>
          <line num="25" count="29" type="stmt"/>
          <line num="29" count="29" type="stmt"/>
          <line num="33" count="49" type="stmt"/>
          <line num="35" count="2" type="stmt"/>
          <line num="37" count="2" type="stmt"/>
          <line num="39" count="45" type="stmt"/>
          <line num="79" count="31" type="stmt"/>
          <line num="80" count="1" type="stmt"/>
          <line num="83" count="30" type="stmt"/>
          <line num="84" count="1" type="stmt"/>
          <line num="87" count="116" type="stmt"/>
          <line num="89" count="29" type="stmt"/>
          <line num="91" count="29" type="stmt"/>
          <line num="92" count="29" type="stmt"/>
          <line num="93" count="29" type="stmt"/>
          <line num="95" count="29" type="stmt"/>
          <line num="99" count="29" type="stmt"/>
          <line num="100" count="29" type="stmt"/>
          <line num="102" count="29" type="stmt"/>
          <line num="103" count="29" type="stmt"/>
          <line num="105" count="29" type="stmt"/>
        </file>
      </package>
      <package name="src.react">
        <metrics statements="87" coveredstatements="87" conditionals="39" coveredconditionals="39" methods="24" coveredmethods="24"/>
        <file name="appContext.js" path="/Users/jkalis/Pro/QL/WebCore/luxui/lux-core/src/react/appContext.js">
          <metrics statements="5" coveredstatements="5" conditionals="0" coveredconditionals="0" methods="2" coveredmethods="2"/>
          <line num="40" count="1" type="stmt"/>
          <line num="47" count="1" type="stmt"/>
          <line num="52" count="1" type="stmt"/>
          <line num="55" count="3" type="stmt"/>
          <line num="61" count="3" type="stmt"/>
        </file>
        <file name="config.js" path="/Users/jkalis/Pro/QL/WebCore/luxui/lux-core/src/react/config.js">
          <metrics statements="12" coveredstatements="12" conditionals="8" coveredconditionals="8" methods="1" coveredmethods="1"/>
          <line num="11" count="2" type="stmt"/>
          <line num="31" count="7" type="stmt"/>
          <line num="32" count="2" type="stmt"/>
          <line num="33" count="5" type="stmt"/>
          <line num="35" count="1" type="stmt"/>
          <line num="38" count="4" type="stmt"/>
          <line num="39" count="1" type="stmt"/>
          <line num="40" count="3" type="stmt"/>
          <line num="42" count="1" type="stmt"/>
          <line num="46" count="2" type="stmt"/>
          <line num="48" count="2" type="stmt"/>
          <line num="53" count="2" type="stmt"/>
        </file>
        <file name="error.js" path="/Users/jkalis/Pro/QL/WebCore/luxui/lux-core/src/react/error.js">
          <metrics statements="3" coveredstatements="3" conditionals="0" coveredconditionals="0" methods="1" coveredmethods="1"/>
          <line num="15" count="4" type="stmt"/>
          <line num="24" count="4" type="stmt"/>
          <line num="26" count="4" type="stmt"/>
        </file>
        <file name="fatal.js" path="/Users/jkalis/Pro/QL/WebCore/luxui/lux-core/src/react/fatal.js">
          <metrics statements="7" coveredstatements="7" conditionals="0" coveredconditionals="0" methods="1" coveredmethods="1"/>
          <line num="9" count="1" type="stmt"/>
          <line num="10" count="1" type="stmt"/>
          <line num="11" count="1" type="stmt"/>
          <line num="12" count="1" type="stmt"/>
          <line num="14" count="1" type="stmt"/>
          <line num="16" count="1" type="stmt"/>
          <line num="31" count="2" type="stmt"/>
        </file>
        <file name="index.js" path="/Users/jkalis/Pro/QL/WebCore/luxui/lux-core/src/react/index.js">
          <metrics statements="31" coveredstatements="31" conditionals="4" coveredconditionals="4" methods="13" coveredmethods="13"/>
          <line num="20" count="1" type="stmt"/>
          <line num="48" count="2" type="stmt"/>
          <line num="53" count="1" type="stmt"/>
          <line num="56" count="3" type="stmt"/>
          <line num="57" count="3" type="stmt"/>
          <line num="60" count="3" type="stmt"/>
          <line num="63" count="1" type="stmt"/>
          <line num="64" count="1" type="stmt"/>
          <line num="65" count="6" type="stmt"/>
          <line num="66" count="3" type="stmt"/>
          <line num="68" count="1" type="stmt"/>
          <line num="70" count="6" type="stmt"/>
          <line num="77" count="1" type="stmt"/>
          <line num="87" count="1" type="stmt"/>
          <line num="106" count="1" type="stmt"/>
          <line num="108" count="1" type="stmt"/>
          <line num="113" count="2" type="stmt"/>
          <line num="115" count="2" type="stmt"/>
          <line num="120" count="3" type="stmt"/>
          <line num="122" count="3" type="stmt"/>
          <line num="124" count="3" type="stmt"/>
          <line num="129" count="1" type="stmt"/>
          <line num="135" count="6" type="stmt"/>
          <line num="137" count="6" type="stmt"/>
          <line num="146" count="6" type="stmt"/>
          <line num="149" count="5" type="stmt"/>
          <line num="151" count="5" type="stmt"/>
          <line num="160" count="3" type="stmt"/>
          <line num="161" count="3" type="stmt"/>
          <line num="163" count="1" type="stmt"/>
          <line num="166" count="3" type="stmt"/>
        </file>
        <file name="link.js" path="/Users/jkalis/Pro/QL/WebCore/luxui/lux-core/src/react/link.js">
          <metrics statements="24" coveredstatements="24" conditionals="27" coveredconditionals="27" methods="5" coveredmethods="5"/>
          <line num="14" count="4" type="stmt"/>
          <line num="15" count="4" type="stmt"/>
          <line num="16" count="4" type="stmt"/>
          <line num="18" count="4" type="stmt"/>
          <line num="19" count="1" type="stmt"/>
          <line num="22" count="4" type="stmt"/>
          <line num="24" count="4" type="stmt"/>
          <line num="25" count="3" type="stmt"/>
          <line num="26" count="3" type="stmt"/>
          <line num="33" count="8" type="stmt"/>
          <line num="38" count="10" type="stmt"/>
          <line num="69" count="22" type="stmt"/>
          <line num="70" count="22" type="stmt"/>
          <line num="72" count="22" type="stmt"/>
          <line num="73" count="22" type="stmt"/>
          <line num="74" count="21" type="stmt"/>
          <line num="76" count="1" type="stmt"/>
          <line num="79" count="21" type="stmt"/>
          <line num="80" count="21" type="stmt"/>
          <line num="82" count="21" type="stmt"/>
          <line num="83" count="20" type="stmt"/>
          <line num="88" count="21" type="stmt"/>
          <line num="92" count="12" type="stmt"/>
          <line num="93" count="12" type="stmt"/>
        </file>
        <file name="randomKey.js" path="/Users/jkalis/Pro/QL/WebCore/luxui/lux-core/src/react/randomKey.js">
          <metrics statements="1" coveredstatements="1" conditionals="0" coveredconditionals="0" methods="1" coveredmethods="1"/>
          <line num="9" count="11" type="stmt"/>
        </file>
        <file name="responseModel.propType.js" path="/Users/jkalis/Pro/QL/WebCore/luxui/lux-core/src/react/responseModel.propType.js">
          <metrics statements="1" coveredstatements="1" conditionals="0" coveredconditionals="0" methods="0" coveredmethods="0"/>
          <line num="5" count="4" type="stmt"/>
        </file>
        <file name="siren.propType.js" path="/Users/jkalis/Pro/QL/WebCore/luxui/lux-core/src/react/siren.propType.js">
          <metrics statements="3" coveredstatements="3" conditionals="0" coveredconditionals="0" methods="0" coveredmethods="0"/>
          <line num="3" count="11" type="stmt"/>
          <line num="39" count="11" type="stmt"/>
          <line num="50" count="11" type="stmt"/>
        </file>
      </package>
      <package name="src.react.form">
        <metrics statements="5" coveredstatements="2" conditionals="0" coveredconditionals="0" methods="2" coveredmethods="0"/>
        <file name="index.js" path="/Users/jkalis/Pro/QL/WebCore/luxui/lux-core/src/react/form/index.js">
          <metrics statements="5" coveredstatements="2" conditionals="0" coveredconditionals="0" methods="2" coveredmethods="0"/>
          <line num="10" count="0" type="stmt"/>
          <line num="12" count="0" type="stmt"/>
          <line num="17" count="0" type="stmt"/>
          <line num="23" count="5" type="stmt"/>
          <line num="36" count="5" type="stmt"/>
        </file>
      </package>
      <package name="src.react.form.field">
        <metrics statements="12" coveredstatements="12" conditionals="6" coveredconditionals="6" methods="2" coveredmethods="2"/>
        <file name="index.js" path="/Users/jkalis/Pro/QL/WebCore/luxui/lux-core/src/react/form/field/index.js">
          <metrics statements="6" coveredstatements="6" conditionals="2" coveredconditionals="2" methods="1" coveredmethods="1"/>
          <line num="30" count="6" type="stmt"/>
          <line num="31" count="6" type="stmt"/>
          <line num="57" count="2" type="stmt"/>
          <line num="59" count="2" type="stmt"/>
          <line num="61" count="6" type="stmt"/>
          <line num="65" count="6" type="stmt"/>
        </file>
        <file name="wrapper.js" path="/Users/jkalis/Pro/QL/WebCore/luxui/lux-core/src/react/form/field/wrapper.js">
          <metrics statements="6" coveredstatements="6" conditionals="4" coveredconditionals="4" methods="1" coveredmethods="1"/>
          <line num="6" count="7" type="stmt"/>
          <line num="11" count="7" type="stmt"/>
          <line num="12" count="3" type="stmt"/>
          <line num="15" count="7" type="stmt"/>
          <line num="21" count="9" type="stmt"/>
          <line num="31" count="9" type="stmt"/>
        </file>
      </package>
      <package name="src.react.form.field.types">
        <metrics statements="14" coveredstatements="14" conditionals="1" coveredconditionals="1" methods="3" coveredmethods="3"/>
        <file name="default.js" path="/Users/jkalis/Pro/QL/WebCore/luxui/lux-core/src/react/form/field/types/default.js">
          <metrics statements="6" coveredstatements="6" conditionals="1" coveredconditionals="1" methods="1" coveredmethods="1"/>
          <line num="8" count="2" type="stmt"/>
          <line num="9" count="2" type="stmt"/>
          <line num="10" count="2" type="stmt"/>
          <line num="16" count="2" type="stmt"/>
          <line num="23" count="7" type="stmt"/>
          <line num="30" count="7" type="stmt"/>
        </file>
        <file name="text.js" path="/Users/jkalis/Pro/QL/WebCore/luxui/lux-core/src/react/form/field/types/text.js">
          <metrics statements="8" coveredstatements="8" conditionals="0" coveredconditionals="0" methods="2" coveredmethods="2"/>
          <line num="8" count="2" type="stmt"/>
          <line num="9" count="2" type="stmt"/>
          <line num="11" count="2" type="stmt"/>
          <line num="16" count="1" type="stmt"/>
          <line num="23" count="2" type="stmt"/>
          <line num="30" count="7" type="stmt"/>
          <line num="34" count="7" type="stmt"/>
          <line num="41" count="7" type="stmt"/>
        </file>
      </package>
      <package name="src.react.layout">
        <metrics statements="61" coveredstatements="61" conditionals="32" coveredconditionals="32" methods="13" coveredmethods="13"/>
        <file name="auth.js" path="/Users/jkalis/Pro/QL/WebCore/luxui/lux-core/src/react/layout/auth.js">
          <metrics statements="14" coveredstatements="14" conditionals="7" coveredconditionals="7" methods="5" coveredmethods="5"/>
          <line num="16" count="4" type="stmt"/>
          <line num="18" count="4" type="stmt"/>
          <line num="20" count="1" type="stmt"/>
          <line num="21" count="1" type="stmt"/>
          <line num="26" count="9" type="stmt"/>
          <line num="27" count="3" type="stmt"/>
          <line num="29" count="9" type="stmt"/>
          <line num="31" count="6" type="stmt"/>
          <line num="34" count="3" type="stmt"/>
          <line num="38" count="1" type="stmt"/>
          <line num="39" count="1" type="stmt"/>
          <line num="43" count="3" type="stmt"/>
          <line num="45" count="4" type="stmt"/>
          <line num="49" count="4" type="stmt"/>
        </file>
        <file name="footer.js" path="/Users/jkalis/Pro/QL/WebCore/luxui/lux-core/src/react/layout/footer.js">
          <metrics statements="3" coveredstatements="3" conditionals="0" coveredconditionals="0" methods="1" coveredmethods="1"/>
          <line num="12" count="4" type="stmt"/>
          <line num="23" count="3" type="stmt"/>
          <line num="26" count="3" type="stmt"/>
        </file>
        <file name="header.js" path="/Users/jkalis/Pro/QL/WebCore/luxui/lux-core/src/react/layout/header.js">
          <metrics statements="9" coveredstatements="9" conditionals="12" coveredconditionals="12" methods="2" coveredmethods="2"/>
          <line num="43" count="5" type="stmt"/>
          <line num="44" count="1" type="stmt"/>
          <line num="46" count="5" type="stmt"/>
          <line num="52" count="5" type="stmt"/>
          <line num="54" count="5" type="stmt"/>
          <line num="55" count="5" type="stmt"/>
          <line num="57" count="5" type="stmt"/>
          <line num="67" count="3" type="stmt"/>
          <line num="71" count="3" type="stmt"/>
        </file>
        <file name="index.js" path="/Users/jkalis/Pro/QL/WebCore/luxui/lux-core/src/react/layout/index.js">
          <metrics statements="7" coveredstatements="7" conditionals="0" coveredconditionals="0" methods="1" coveredmethods="1"/>
          <line num="16" count="2" type="stmt"/>
          <line num="23" count="5" type="stmt"/>
          <line num="24" count="5" type="stmt"/>
          <line num="25" count="5" type="stmt"/>
          <line num="27" count="5" type="stmt"/>
          <line num="36" count="2" type="stmt"/>
          <line num="38" count="2" type="stmt"/>
        </file>
        <file name="main.js" path="/Users/jkalis/Pro/QL/WebCore/luxui/lux-core/src/react/layout/main.js">
          <metrics statements="19" coveredstatements="19" conditionals="9" coveredconditionals="9" methods="2" coveredmethods="2"/>
          <line num="20" count="9" type="stmt"/>
          <line num="21" count="9" type="stmt"/>
          <line num="22" count="1" type="stmt"/>
          <line num="25" count="8" type="stmt"/>
          <line num="27" count="5" type="stmt"/>
          <line num="28" count="1" type="stmt"/>
          <line num="30" count="4" type="stmt"/>
          <line num="31" count="3" type="stmt"/>
          <line num="33" count="4" type="stmt"/>
          <line num="35" count="1" type="stmt"/>
          <line num="36" count="1" type="stmt"/>
          <line num="38" count="1" type="stmt"/>
          <line num="39" count="1" type="stmt"/>
          <line num="41" count="2" type="stmt"/>
          <line num="46" count="6" type="stmt"/>
          <line num="47" count="6" type="stmt"/>
          <line num="50" count="9" type="stmt"/>
          <line num="56" count="3" type="stmt"/>
          <line num="58" count="3" type="stmt"/>
        </file>
        <file name="navigation.js" path="/Users/jkalis/Pro/QL/WebCore/luxui/lux-core/src/react/layout/navigation.js">
          <metrics statements="9" coveredstatements="9" conditionals="4" coveredconditionals="4" methods="2" coveredmethods="2"/>
          <line num="14" count="7" type="stmt"/>
          <line num="15" count="5" type="stmt"/>
          <line num="17" count="5" type="stmt"/>
          <line num="23" count="5" type="stmt"/>
          <line num="28" count="5" type="stmt"/>
          <line num="34" count="2" type="stmt"/>
          <line num="48" count="6" type="stmt"/>
          <line num="56" count="4" type="stmt"/>
          <line num="64" count="4" type="stmt"/>
        </file>
      </package>
      <package name="src.react.rest.collection">
        <metrics statements="52" coveredstatements="52" conditionals="30" coveredconditionals="30" methods="12" coveredmethods="12"/>
        <file name="createButton.js" path="/Users/jkalis/Pro/QL/WebCore/luxui/lux-core/src/react/rest/collection/createButton.js">
          <metrics statements="5" coveredstatements="5" conditionals="4" coveredconditionals="4" methods="1" coveredmethods="1"/>
          <line num="13" count="4" type="stmt"/>
          <line num="15" count="2" type="stmt"/>
          <line num="18" count="2" type="stmt"/>
          <line num="20" count="5" type="stmt"/>
          <line num="25" count="5" type="stmt"/>
        </file>
        <file name="index.js" path="/Users/jkalis/Pro/QL/WebCore/luxui/lux-core/src/react/rest/collection/index.js">
          <metrics statements="15" coveredstatements="15" conditionals="5" coveredconditionals="5" methods="4" coveredmethods="4"/>
          <line num="18" count="4" type="stmt"/>
          <line num="19" count="4" type="stmt"/>
          <line num="20" count="4" type="stmt"/>
          <line num="24" count="2" type="stmt"/>
          <line num="27" count="1" type="stmt"/>
          <line num="28" count="1" type="stmt"/>
          <line num="33" count="1" type="stmt"/>
          <line num="36" count="1" type="stmt"/>
          <line num="41" count="3" type="stmt"/>
          <line num="42" count="2" type="stmt"/>
          <line num="44" count="3" type="stmt"/>
          <line num="45" count="1" type="stmt"/>
          <line num="48" count="2" type="stmt"/>
          <line num="60" count="4" type="stmt"/>
          <line num="64" count="4" type="stmt"/>
        </file>
        <file name="item.js" path="/Users/jkalis/Pro/QL/WebCore/luxui/lux-core/src/react/rest/collection/item.js">
          <metrics statements="6" coveredstatements="6" conditionals="4" coveredconditionals="4" methods="1" coveredmethods="1"/>
          <line num="12" count="6" type="stmt"/>
          <line num="15" count="7" type="stmt"/>
          <line num="16" count="1" type="stmt"/>
          <line num="19" count="6" type="stmt"/>
          <line num="23" count="6" type="stmt"/>
          <line num="28" count="6" type="stmt"/>
        </file>
        <file name="list.js" path="/Users/jkalis/Pro/QL/WebCore/luxui/lux-core/src/react/rest/collection/list.js">
          <metrics statements="7" coveredstatements="7" conditionals="3" coveredconditionals="3" methods="2" coveredmethods="2"/>
          <line num="15" count="5" type="stmt"/>
          <line num="19" count="7" type="stmt"/>
          <line num="21" count="5" type="stmt"/>
          <line num="24" count="2" type="stmt"/>
          <line num="27" count="4" type="stmt"/>
          <line num="34" count="5" type="stmt"/>
          <line num="39" count="5" type="stmt"/>
        </file>
        <file name="paging.js" path="/Users/jkalis/Pro/QL/WebCore/luxui/lux-core/src/react/rest/collection/paging.js">
          <metrics statements="19" coveredstatements="19" conditionals="14" coveredconditionals="14" methods="4" coveredmethods="4"/>
          <line num="16" count="9" type="stmt"/>
          <line num="17" count="1" type="stmt"/>
          <line num="20" count="8" type="stmt"/>
          <line num="22" count="8" type="stmt"/>
          <line num="25" count="8" type="stmt"/>
          <line num="27" count="13" type="stmt"/>
          <line num="28" count="1" type="stmt"/>
          <line num="31" count="13" type="stmt"/>
          <line num="32" count="1" type="stmt"/>
          <line num="35" count="13" type="stmt"/>
          <line num="36" count="1" type="stmt"/>
          <line num="39" count="13" type="stmt"/>
          <line num="40" count="1" type="stmt"/>
          <line num="43" count="13" type="stmt"/>
          <line num="44" count="1" type="stmt"/>
          <line num="48" count="8" type="stmt"/>
          <line num="53" count="5" type="stmt"/>
          <line num="58" count="5" type="stmt"/>
          <line num="62" count="5" type="stmt"/>
        </file>
      </package>
      <package name="src.react.rest.item">
        <metrics statements="24" coveredstatements="24" conditionals="17" coveredconditionals="17" methods="7" coveredmethods="7"/>
        <file name="formModel.js" path="/Users/jkalis/Pro/QL/WebCore/luxui/lux-core/src/react/rest/item/formModel.js">
          <metrics statements="20" coveredstatements="20" conditionals="17" coveredconditionals="17" methods="6" coveredmethods="6"/>
          <line num="12" count="1" type="stmt"/>
          <line num="17" count="5" type="stmt"/>
          <line num="20" count="5" type="stmt"/>
          <line num="21" count="4" type="stmt"/>
          <line num="24" count="5" type="stmt"/>
          <line num="28" count="6" type="stmt"/>
          <line num="29" count="1" type="stmt"/>
          <line num="32" count="5" type="stmt"/>
          <line num="35" count="5" type="stmt"/>
          <line num="36" count="1" type="stmt"/>
          <line num="39" count="4" type="stmt"/>
          <line num="43" count="4" type="stmt"/>
          <line num="44" count="1" type="stmt"/>
          <line num="48" count="3" type="stmt"/>
          <line num="51" count="2" type="stmt"/>
          <line num="52" count="2" type="stmt"/>
          <line num="54" count="2" type="stmt"/>
          <line num="62" count="2" type="stmt"/>
          <line num="65" count="3" type="stmt"/>
          <line num="70" count="3" type="stmt"/>
        </file>
        <file name="index.js" path="/Users/jkalis/Pro/QL/WebCore/luxui/lux-core/src/react/rest/item/index.js">
          <metrics statements="4" coveredstatements="4" conditionals="0" coveredconditionals="0" methods="1" coveredmethods="1"/>
          <line num="16" count="1" type="stmt"/>
          <line num="18" count="1" type="stmt"/>
          <line num="20" count="4" type="stmt"/>
          <line num="25" count="4" type="stmt"/>
        </file>
      </package>
    </metrics>
  </project>
</coverage>
