{"/Users/jkalis/Pro/QL/WebCore/luxui/lux-core/jest/setup.js": {"path":"/Users/jkalis/Pro/QL/WebCore/luxui/lux-core/jest/setup.js","statementMap":{"0":{"start":{"line":1,"column":0},"end":{"line":1,"column":42}}},"fnMap":{},"branchMap":{},"s":{"0":40},"f":{},"b":{},"_coverageSchema":"332fd63041d2c1bcb487cc26dd0d5f7d97098a6c","hash":"7afbaa502c67bea99388b346ee7ac10e08c9ddf9"}
,"/Users/jkalis/Pro/QL/WebCore/luxui/lux-core/src/lib/apiRequest.js": {"path":"/Users/jkalis/Pro/QL/WebCore/luxui/lux-core/src/lib/apiRequest.js","statementMap":{"0":{"start":{"line":11,"column":27},"end":{"line":20,"column":1}},"1":{"start":{"line":26,"column":4},"end":{"line":30,"column":6}},"2":{"start":{"line":34,"column":4},"end":{"line":34,"column":31}},"3":{"start":{"line":36,"column":4},"end":{"line":36,"column":15}},"4":{"start":{"line":39,"column":2},"end":{"line":40,"column":18}},"5":{"start":{"line":87,"column":2},"end":{"line":87,"column":59}},"6":{"start":{"line":89,"column":20},"end":{"line":89,"column":40}},"7":{"start":{"line":91,"column":2},"end":{"line":93,"column":3}},"8":{"start":{"line":92,"column":4},"end":{"line":92,"column":48}},"9":{"start":{"line":96,"column":2},"end":{"line":98,"column":3}},"10":{"start":{"line":97,"column":4},"end":{"line":97,"column":25}},"11":{"start":{"line":100,"column":2},"end":{"line":102,"column":3}},"12":{"start":{"line":101,"column":4},"end":{"line":101,"column":46}},"13":{"start":{"line":104,"column":2},"end":{"line":107,"column":39}},"14":{"start":{"line":114,"column":6},"end":{"line":116,"column":35}},"15":{"start":{"line":120,"column":4},"end":{"line":129,"column":5}},"16":{"start":{"line":121,"column":6},"end":{"line":121,"column":43}},"17":{"start":{"line":123,"column":6},"end":{"line":128,"column":11}},"18":{"start":{"line":125,"column":10},"end":{"line":125,"column":27}},"19":{"start":{"line":127,"column":10},"end":{"line":127,"column":32}},"20":{"start":{"line":132,"column":4},"end":{"line":132,"column":25}},"21":{"start":{"line":135,"column":2},"end":{"line":135,"column":15}}},"fnMap":{"0":{"name":"resolvedResponse","decl":{"start":{"line":23,"column":9},"end":{"line":23,"column":25}},"loc":{"start":{"line":23,"column":36},"end":{"line":41,"column":1}}},"1":{"name":"format","decl":{"start":{"line":24,"column":11},"end":{"line":24,"column":17}},"loc":{"start":{"line":24,"column":24},"end":{"line":31,"column":3}}},"2":{"name":"props","decl":{"start":{"line":33,"column":11},"end":{"line":33,"column":16}},"loc":{"start":{"line":33,"column":28},"end":{"line":37,"column":3}}},"3":{"name":"apiRequest","decl":{"start":{"line":86,"column":9},"end":{"line":86,"column":19}},"loc":{"start":{"line":86,"column":45},"end":{"line":108,"column":1}}},"4":{"name":"retryFactory","decl":{"start":{"line":110,"column":9},"end":{"line":110,"column":21}},"loc":{"start":{"line":110,"column":36},"end":{"line":136,"column":1}}},"5":{"name":"retry","decl":{"start":{"line":111,"column":11},"end":{"line":111,"column":16}},"loc":{"start":{"line":111,"column":32},"end":{"line":133,"column":3}}},"6":{"name":"(anonymous_6)","decl":{"start":{"line":124,"column":14},"end":{"line":124,"column":15}},"loc":{"start":{"line":124,"column":34},"end":{"line":128,"column":9}}}},"branchMap":{"0":{"loc":{"start":{"line":86,"column":20},"end":{"line":86,"column":29}},"type":"default-arg","locations":[{"start":{"line":86,"column":26},"end":{"line":86,"column":29}}]},"1":{"loc":{"start":{"line":86,"column":31},"end":{"line":86,"column":43}},"type":"default-arg","locations":[{"start":{"line":86,"column":41},"end":{"line":86,"column":43}}]},"2":{"loc":{"start":{"line":87,"column":20},"end":{"line":87,"column":43}},"type":"binary-expr","locations":[{"start":{"line":87,"column":20},"end":{"line":87,"column":34}},{"start":{"line":87,"column":38},"end":{"line":87,"column":43}}]},"3":{"loc":{"start":{"line":91,"column":2},"end":{"line":93,"column":3}},"type":"if","locations":[{"start":{"line":91,"column":2},"end":{"line":93,"column":3}},{"start":{"line":91,"column":2},"end":{"line":93,"column":3}}]},"4":{"loc":{"start":{"line":96,"column":2},"end":{"line":98,"column":3}},"type":"if","locations":[{"start":{"line":96,"column":2},"end":{"line":98,"column":3}}]},"5":{"loc":{"start":{"line":100,"column":2},"end":{"line":102,"column":3}},"type":"if","locations":[{"start":{"line":100,"column":2},"end":{"line":102,"column":3}},{"start":{"line":100,"column":2},"end":{"line":102,"column":3}}]},"6":{"loc":{"start":{"line":114,"column":6},"end":{"line":116,"column":35}},"type":"binary-expr","locations":[{"start":{"line":114,"column":6},"end":{"line":114,"column":35}},{"start":{"line":116,"column":6},"end":{"line":116,"column":35}}]},"7":{"loc":{"start":{"line":120,"column":4},"end":{"line":129,"column":5}},"type":"if","locations":[{"start":{"line":120,"column":4},"end":{"line":129,"column":5}},{"start":{"line":120,"column":4},"end":{"line":129,"column":5}}]}},"s":{"0":2,"1":6,"2":48,"3":48,"4":6,"5":6,"6":6,"7":6,"8":1,"9":6,"10":6,"11":6,"12":3,"13":6,"14":6,"15":6,"16":1,"17":1,"18":1,"19":1,"20":5,"21":6},"f":{"0":6,"1":6,"2":48,"3":6,"4":6,"5":6,"6":1},"b":{"0":[1],"1":[3],"2":[6,3],"3":[1,5],"4":[6],"5":[3,3],"6":[6,1],"7":[1,5]},"_coverageSchema":"332fd63041d2c1bcb487cc26dd0d5f7d97098a6c","hash":"749a8f4cd81d630eed21932f600d9607bb6522e3"}
,"/Users/jkalis/Pro/QL/WebCore/luxui/lux-core/src/lib/broker.js": {"path":"/Users/jkalis/Pro/QL/WebCore/luxui/lux-core/src/lib/broker.js","statementMap":{"0":{"start":{"line":8,"column":16},"end":{"line":12,"column":1}},"1":{"start":{"line":50,"column":2},"end":{"line":53,"column":3}},"2":{"start":{"line":52,"column":4},"end":{"line":52,"column":100}},"3":{"start":{"line":55,"column":2},"end":{"line":62,"column":7}},"4":{"start":{"line":57,"column":6},"end":{"line":61,"column":9}},"5":{"start":{"line":60,"column":16},"end":{"line":60,"column":35}},"6":{"start":{"line":64,"column":2},"end":{"line":64,"column":16}}},"fnMap":{"0":{"name":"brokerFactory","decl":{"start":{"line":49,"column":9},"end":{"line":49,"column":22}},"loc":{"start":{"line":49,"column":52},"end":{"line":65,"column":1}}},"1":{"name":"(anonymous_1)","decl":{"start":{"line":56,"column":13},"end":{"line":56,"column":14}},"loc":{"start":{"line":56,"column":22},"end":{"line":62,"column":5}}}},"branchMap":{"0":{"loc":{"start":{"line":49,"column":31},"end":{"line":49,"column":42}},"type":"default-arg","locations":[{"start":{"line":49,"column":40},"end":{"line":49,"column":42}}]},"1":{"loc":{"start":{"line":50,"column":2},"end":{"line":53,"column":3}},"type":"if","locations":[{"start":{"line":50,"column":2},"end":{"line":53,"column":3}},{"start":{"line":50,"column":2},"end":{"line":53,"column":3}}]}},"s":{"0":3,"1":4,"2":1,"3":3,"4":5,"5":10,"6":3},"f":{"0":4,"1":5},"b":{"0":[2],"1":[1,3]},"_coverageSchema":"332fd63041d2c1bcb487cc26dd0d5f7d97098a6c","hash":"29096e0dd86a672dc92df4906ed393f2841d77bc"}
,"/Users/jkalis/Pro/QL/WebCore/luxui/lux-core/src/lib/componentRegistry.js": {"path":"/Users/jkalis/Pro/QL/WebCore/luxui/lux-core/src/lib/componentRegistry.js","statementMap":{"0":{"start":{"line":8,"column":17},"end":{"line":8,"column":19}},"1":{"start":{"line":34,"column":2},"end":{"line":36,"column":3}},"2":{"start":{"line":35,"column":4},"end":{"line":35,"column":79}},"3":{"start":{"line":38,"column":2},"end":{"line":40,"column":3}},"4":{"start":{"line":39,"column":4},"end":{"line":39,"column":53}},"5":{"start":{"line":42,"column":2},"end":{"line":44,"column":3}},"6":{"start":{"line":43,"column":4},"end":{"line":43,"column":73}},"7":{"start":{"line":46,"column":25},"end":{"line":46,"column":58}},"8":{"start":{"line":48,"column":2},"end":{"line":50,"column":3}},"9":{"start":{"line":49,"column":4},"end":{"line":49,"column":24}},"10":{"start":{"line":52,"column":2},"end":{"line":52,"column":37}}},"fnMap":{"0":{"name":"componentRegistry","decl":{"start":{"line":33,"column":9},"end":{"line":33,"column":26}},"loc":{"start":{"line":33,"column":55},"end":{"line":53,"column":1}}}},"branchMap":{"0":{"loc":{"start":{"line":33,"column":37},"end":{"line":33,"column":53}},"type":"default-arg","locations":[{"start":{"line":33,"column":49},"end":{"line":33,"column":53}}]},"1":{"loc":{"start":{"line":34,"column":2},"end":{"line":36,"column":3}},"type":"if","locations":[{"start":{"line":34,"column":2},"end":{"line":36,"column":3}},{"start":{"line":34,"column":2},"end":{"line":36,"column":3}}]},"2":{"loc":{"start":{"line":34,"column":6},"end":{"line":34,"column":36}},"type":"binary-expr","locations":[{"start":{"line":34,"column":6},"end":{"line":34,"column":21}},{"start":{"line":34,"column":25},"end":{"line":34,"column":36}}]},"3":{"loc":{"start":{"line":38,"column":2},"end":{"line":40,"column":3}},"type":"if","locations":[{"start":{"line":38,"column":2},"end":{"line":40,"column":3}},{"start":{"line":38,"column":2},"end":{"line":40,"column":3}}]},"4":{"loc":{"start":{"line":38,"column":6},"end":{"line":38,"column":27}},"type":"binary-expr","locations":[{"start":{"line":38,"column":6},"end":{"line":38,"column":8}},{"start":{"line":38,"column":12},"end":{"line":38,"column":27}}]},"5":{"loc":{"start":{"line":42,"column":2},"end":{"line":44,"column":3}},"type":"if","locations":[{"start":{"line":42,"column":2},"end":{"line":44,"column":3}},{"start":{"line":42,"column":2},"end":{"line":44,"column":3}}]},"6":{"loc":{"start":{"line":46,"column":25},"end":{"line":46,"column":58}},"type":"cond-expr","locations":[{"start":{"line":46,"column":42},"end":{"line":46,"column":51}},{"start":{"line":46,"column":54},"end":{"line":46,"column":58}}]},"7":{"loc":{"start":{"line":48,"column":2},"end":{"line":50,"column":3}},"type":"if","locations":[{"start":{"line":48,"column":2},"end":{"line":50,"column":3}},{"start":{"line":48,"column":2},"end":{"line":50,"column":3}}]},"8":{"loc":{"start":{"line":48,"column":6},"end":{"line":48,"column":44}},"type":"binary-expr","locations":[{"start":{"line":48,"column":6},"end":{"line":48,"column":26}},{"start":{"line":48,"column":30},"end":{"line":48,"column":44}}]},"9":{"loc":{"start":{"line":52,"column":9},"end":{"line":52,"column":36}},"type":"binary-expr","locations":[{"start":{"line":52,"column":9},"end":{"line":52,"column":23}},{"start":{"line":52,"column":27},"end":{"line":52,"column":36}}]}},"s":{"0":21,"1":273,"2":3,"3":270,"4":1,"5":269,"6":1,"7":268,"8":268,"9":168,"10":268},"f":{"0":273},"b":{"0":[182],"1":[3,270],"2":[273,271],"3":[1,269],"4":[270,167],"5":[1,268],"6":[165,103],"7":[168,100],"8":[268,169],"9":[268,6]},"_coverageSchema":"332fd63041d2c1bcb487cc26dd0d5f7d97098a6c","hash":"35c918f14d4a6f7f031b759f03b0954c829196c8"}
,"/Users/jkalis/Pro/QL/WebCore/luxui/lux-core/src/lib/debounce.js": {"path":"/Users/jkalis/Pro/QL/WebCore/luxui/lux-core/src/lib/debounce.js","statementMap":{"0":{"start":{"line":49,"column":18},"end":{"line":49,"column":22}},"1":{"start":{"line":53,"column":4},"end":{"line":55,"column":5}},"2":{"start":{"line":54,"column":6},"end":{"line":54,"column":35}},"3":{"start":{"line":57,"column":4},"end":{"line":57,"column":66}},"4":{"start":{"line":60,"column":2},"end":{"line":60,"column":19}}},"fnMap":{"0":{"name":"debounce","decl":{"start":{"line":48,"column":9},"end":{"line":48,"column":17}},"loc":{"start":{"line":48,"column":52},"end":{"line":61,"column":1}}},"1":{"name":"debounced","decl":{"start":{"line":52,"column":11},"end":{"line":52,"column":20}},"loc":{"start":{"line":52,"column":30},"end":{"line":58,"column":3}}}},"branchMap":{"0":{"loc":{"start":{"line":48,"column":22},"end":{"line":48,"column":33}},"type":"default-arg","locations":[{"start":{"line":48,"column":30},"end":{"line":48,"column":33}}]},"1":{"loc":{"start":{"line":48,"column":35},"end":{"line":48,"column":50}},"type":"default-arg","locations":[{"start":{"line":48,"column":44},"end":{"line":48,"column":50}}]},"2":{"loc":{"start":{"line":53,"column":4},"end":{"line":55,"column":5}},"type":"if","locations":[{"start":{"line":53,"column":4},"end":{"line":55,"column":5}},{"start":{"line":53,"column":4},"end":{"line":55,"column":5}}]}},"s":{"0":4,"1":4,"2":1,"3":4,"4":4},"f":{"0":4,"1":4},"b":{"0":[2],"1":[1],"2":[1,3]},"_coverageSchema":"332fd63041d2c1bcb487cc26dd0d5f7d97098a6c","hash":"c0cfb14cda69d6f46e10daac7384f2bbb1562a9b"}
,"/Users/jkalis/Pro/QL/WebCore/luxui/lux-core/src/lib/flattenArray.js": {"path":"/Users/jkalis/Pro/QL/WebCore/luxui/lux-core/src/lib/flattenArray.js","statementMap":{"0":{"start":{"line":22,"column":2},"end":{"line":24,"column":3}},"1":{"start":{"line":23,"column":4},"end":{"line":23,"column":68}},"2":{"start":{"line":26,"column":2},"end":{"line":27,"column":76}},"3":{"start":{"line":27,"column":22},"end":{"line":27,"column":70}}},"fnMap":{"0":{"name":"flattenArray","decl":{"start":{"line":21,"column":9},"end":{"line":21,"column":21}},"loc":{"start":{"line":21,"column":28},"end":{"line":28,"column":1}}},"1":{"name":"(anonymous_1)","decl":{"start":{"line":27,"column":12},"end":{"line":27,"column":13}},"loc":{"start":{"line":27,"column":22},"end":{"line":27,"column":70}}}},"branchMap":{"0":{"loc":{"start":{"line":22,"column":2},"end":{"line":24,"column":3}},"type":"if","locations":[{"start":{"line":22,"column":2},"end":{"line":24,"column":3}},{"start":{"line":22,"column":2},"end":{"line":24,"column":3}}]},"1":{"loc":{"start":{"line":27,"column":31},"end":{"line":27,"column":69}},"type":"cond-expr","locations":[{"start":{"line":27,"column":50},"end":{"line":27,"column":65}},{"start":{"line":27,"column":68},"end":{"line":27,"column":69}}]}},"s":{"0":4,"1":1,"2":3,"3":7},"f":{"0":4,"1":7},"b":{"0":[1,3],"1":[2,5]},"_coverageSchema":"332fd63041d2c1bcb487cc26dd0d5f7d97098a6c","hash":"6fbce575f23a638e3ca5745b65162a7428824076"}
,"/Users/jkalis/Pro/QL/WebCore/luxui/lux-core/src/lib/has.js": {"path":"/Users/jkalis/Pro/QL/WebCore/luxui/lux-core/src/lib/has.js","statementMap":{"0":{"start":{"line":30,"column":2},"end":{"line":31,"column":44}},"1":{"start":{"line":31,"column":19},"end":{"line":31,"column":42}},"2":{"start":{"line":36,"column":2},"end":{"line":37,"column":43}},"3":{"start":{"line":37,"column":18},"end":{"line":37,"column":41}},"4":{"start":{"line":42,"column":2},"end":{"line":42,"column":51}}},"fnMap":{"0":{"name":"hasAll","decl":{"start":{"line":28,"column":9},"end":{"line":28,"column":15}},"loc":{"start":{"line":28,"column":34},"end":{"line":32,"column":1}}},"1":{"name":"(anonymous_1)","decl":{"start":{"line":31,"column":11},"end":{"line":31,"column":12}},"loc":{"start":{"line":31,"column":19},"end":{"line":31,"column":42}}},"2":{"name":"hasAny","decl":{"start":{"line":34,"column":9},"end":{"line":34,"column":15}},"loc":{"start":{"line":34,"column":34},"end":{"line":38,"column":1}}},"3":{"name":"(anonymous_3)","decl":{"start":{"line":37,"column":10},"end":{"line":37,"column":11}},"loc":{"start":{"line":37,"column":18},"end":{"line":37,"column":41}}},"4":{"name":"hasOne","decl":{"start":{"line":40,"column":9},"end":{"line":40,"column":15}},"loc":{"start":{"line":40,"column":33},"end":{"line":43,"column":1}}}},"branchMap":{"0":{"loc":{"start":{"line":42,"column":9},"end":{"line":42,"column":50}},"type":"binary-expr","locations":[{"start":{"line":42,"column":9},"end":{"line":42,"column":18}},{"start":{"line":42,"column":22},"end":{"line":42,"column":50}}]}},"s":{"0":4,"1":6,"2":18,"3":32,"4":111},"f":{"0":4,"1":6,"2":18,"3":32,"4":111},"b":{"0":[111,111]},"_coverageSchema":"332fd63041d2c1bcb487cc26dd0d5f7d97098a6c","hash":"15a52d1181cc6f58a82589f60d87b176af636f3f"}
,"/Users/jkalis/Pro/QL/WebCore/luxui/lux-core/src/lib/herald.js": {"path":"/Users/jkalis/Pro/QL/WebCore/luxui/lux-core/src/lib/herald.js","statementMap":{"0":{"start":{"line":52,"column":18},"end":{"line":52,"column":20}},"1":{"start":{"line":55,"column":4},"end":{"line":57,"column":5}},"2":{"start":{"line":56,"column":6},"end":{"line":56,"column":112}},"3":{"start":{"line":59,"column":4},"end":{"line":68,"column":5}},"4":{"start":{"line":60,"column":6},"end":{"line":60,"column":26}},"5":{"start":{"line":62,"column":6},"end":{"line":62,"column":15}},"6":{"start":{"line":64,"column":6},"end":{"line":67,"column":8}},"7":{"start":{"line":65,"column":8},"end":{"line":65,"column":55}},"8":{"start":{"line":65,"column":43},"end":{"line":65,"column":53}},"9":{"start":{"line":66,"column":8},"end":{"line":66,"column":17}},"10":{"start":{"line":70,"column":4},"end":{"line":70,"column":46}},"11":{"start":{"line":70,"column":28},"end":{"line":70,"column":44}},"12":{"start":{"line":72,"column":4},"end":{"line":72,"column":16}},"13":{"start":{"line":76,"column":4},"end":{"line":76,"column":42}},"14":{"start":{"line":79,"column":2},"end":{"line":79,"column":11}},"15":{"start":{"line":81,"column":2},"end":{"line":81,"column":16}}},"fnMap":{"0":{"name":"heraldFactory","decl":{"start":{"line":51,"column":9},"end":{"line":51,"column":22}},"loc":{"start":{"line":51,"column":25},"end":{"line":82,"column":1}}},"1":{"name":"herald","decl":{"start":{"line":54,"column":11},"end":{"line":54,"column":17}},"loc":{"start":{"line":54,"column":32},"end":{"line":73,"column":3}}},"2":{"name":"(anonymous_2)","decl":{"start":{"line":64,"column":13},"end":{"line":64,"column":14}},"loc":{"start":{"line":64,"column":19},"end":{"line":67,"column":7}}},"3":{"name":"(anonymous_3)","decl":{"start":{"line":65,"column":37},"end":{"line":65,"column":38}},"loc":{"start":{"line":65,"column":43},"end":{"line":65,"column":53}}},"4":{"name":"(anonymous_4)","decl":{"start":{"line":70,"column":22},"end":{"line":70,"column":23}},"loc":{"start":{"line":70,"column":28},"end":{"line":70,"column":44}}},"5":{"name":"update","decl":{"start":{"line":75,"column":11},"end":{"line":75,"column":17}},"loc":{"start":{"line":75,"column":20},"end":{"line":77,"column":3}}}},"branchMap":{"0":{"loc":{"start":{"line":55,"column":4},"end":{"line":57,"column":5}},"type":"if","locations":[{"start":{"line":55,"column":4},"end":{"line":57,"column":5}},{"start":{"line":55,"column":4},"end":{"line":57,"column":5}}]},"1":{"loc":{"start":{"line":59,"column":4},"end":{"line":68,"column":5}},"type":"if","locations":[{"start":{"line":59,"column":4},"end":{"line":68,"column":5}},{"start":{"line":59,"column":4},"end":{"line":68,"column":5}}]}},"s":{"0":9,"1":18,"2":1,"3":17,"4":11,"5":11,"6":11,"7":2,"8":2,"9":2,"10":6,"11":8,"12":6,"13":22,"14":9,"15":9},"f":{"0":9,"1":18,"2":2,"3":2,"4":8,"5":22},"b":{"0":[1,17],"1":[11,6]},"_coverageSchema":"332fd63041d2c1bcb487cc26dd0d5f7d97098a6c","hash":"701f0e0edb3a6ae94b3864181ad3e1e7a504c133"}
,"/Users/jkalis/Pro/QL/WebCore/luxui/lux-core/src/lib/is.js": {"path":"/Users/jkalis/Pro/QL/WebCore/luxui/lux-core/src/lib/is.js","statementMap":{"0":{"start":{"line":32,"column":15},"end":{"line":32,"column":72}},"1":{"start":{"line":32,"column":28},"end":{"line":32,"column":72}},"2":{"start":{"line":34,"column":16},"end":{"line":34,"column":39}},"3":{"start":{"line":34,"column":21},"end":{"line":34,"column":39}},"4":{"start":{"line":35,"column":19},"end":{"line":35,"column":45}},"5":{"start":{"line":35,"column":24},"end":{"line":35,"column":45}},"6":{"start":{"line":36,"column":17},"end":{"line":36,"column":41}},"7":{"start":{"line":36,"column":22},"end":{"line":36,"column":41}},"8":{"start":{"line":37,"column":15},"end":{"line":37,"column":49}},"9":{"start":{"line":37,"column":20},"end":{"line":37,"column":49}},"10":{"start":{"line":38,"column":17},"end":{"line":38,"column":41}},"11":{"start":{"line":38,"column":22},"end":{"line":38,"column":41}},"12":{"start":{"line":39,"column":17},"end":{"line":39,"column":41}},"13":{"start":{"line":39,"column":22},"end":{"line":39,"column":41}},"14":{"start":{"line":50,"column":15},"end":{"line":57,"column":39}},"15":{"start":{"line":51,"column":3},"end":{"line":57,"column":38}},"16":{"start":{"line":67,"column":18},"end":{"line":75,"column":39}},"17":{"start":{"line":68,"column":3},"end":{"line":75,"column":38}}},"fnMap":{"0":{"name":"(anonymous_0)","decl":{"start":{"line":32,"column":15},"end":{"line":32,"column":16}},"loc":{"start":{"line":32,"column":28},"end":{"line":32,"column":72}}},"1":{"name":"(anonymous_1)","decl":{"start":{"line":34,"column":16},"end":{"line":34,"column":17}},"loc":{"start":{"line":34,"column":21},"end":{"line":34,"column":39}}},"2":{"name":"(anonymous_2)","decl":{"start":{"line":35,"column":19},"end":{"line":35,"column":20}},"loc":{"start":{"line":35,"column":24},"end":{"line":35,"column":45}}},"3":{"name":"(anonymous_3)","decl":{"start":{"line":36,"column":17},"end":{"line":36,"column":18}},"loc":{"start":{"line":36,"column":22},"end":{"line":36,"column":41}}},"4":{"name":"(anonymous_4)","decl":{"start":{"line":37,"column":15},"end":{"line":37,"column":16}},"loc":{"start":{"line":37,"column":20},"end":{"line":37,"column":49}}},"5":{"name":"(anonymous_5)","decl":{"start":{"line":38,"column":17},"end":{"line":38,"column":18}},"loc":{"start":{"line":38,"column":22},"end":{"line":38,"column":41}}},"6":{"name":"(anonymous_6)","decl":{"start":{"line":39,"column":17},"end":{"line":39,"column":18}},"loc":{"start":{"line":39,"column":22},"end":{"line":39,"column":41}}},"7":{"name":"(anonymous_7)","decl":{"start":{"line":50,"column":15},"end":{"line":50,"column":16}},"loc":{"start":{"line":51,"column":3},"end":{"line":57,"column":38}}},"8":{"name":"(anonymous_8)","decl":{"start":{"line":67,"column":18},"end":{"line":67,"column":19}},"loc":{"start":{"line":68,"column":3},"end":{"line":75,"column":38}}}},"branchMap":{"0":{"loc":{"start":{"line":37,"column":20},"end":{"line":37,"column":49}},"type":"binary-expr","locations":[{"start":{"line":37,"column":20},"end":{"line":37,"column":30}},{"start":{"line":37,"column":34},"end":{"line":37,"column":49}}]},"1":{"loc":{"start":{"line":51,"column":3},"end":{"line":57,"column":38}},"type":"cond-expr","locations":[{"start":{"line":54,"column":6},"end":{"line":57,"column":38}}]},"2":{"loc":{"start":{"line":54,"column":6},"end":{"line":57,"column":38}},"type":"binary-expr","locations":[{"start":{"line":54,"column":6},"end":{"line":54,"column":11}},{"start":{"line":55,"column":6},"end":{"line":55,"column":29}},{"start":{"line":56,"column":6},"end":{"line":56,"column":38}},{"start":{"line":57,"column":6},"end":{"line":57,"column":38}}]},"3":{"loc":{"start":{"line":68,"column":3},"end":{"line":75,"column":38}},"type":"cond-expr","locations":[{"start":{"line":71,"column":6},"end":{"line":75,"column":38}}]},"4":{"loc":{"start":{"line":71,"column":6},"end":{"line":75,"column":38}},"type":"binary-expr","locations":[{"start":{"line":71,"column":6},"end":{"line":71,"column":11}},{"start":{"line":72,"column":6},"end":{"line":72,"column":29}},{"start":{"line":73,"column":6},"end":{"line":73,"column":18}},{"start":{"line":74,"column":6},"end":{"line":74,"column":24}},{"start":{"line":75,"column":6},"end":{"line":75,"column":38}}]}},"s":{"0":38,"1":589,"2":38,"3":11,"4":38,"5":205,"6":38,"7":7,"8":38,"9":3,"10":38,"11":6,"12":38,"13":360,"14":38,"15":3,"16":38,"17":6},"f":{"0":589,"1":11,"2":205,"3":7,"4":3,"5":6,"6":360,"7":3,"8":6},"b":{"0":[3,3],"1":[3],"2":[3,2,2,2],"3":[6],"4":[6,5,4,4,3]},"_coverageSchema":"332fd63041d2c1bcb487cc26dd0d5f7d97098a6c","hash":"19c5a773524218bfff72273af62660b2db2cdbc0"}
,"/Users/jkalis/Pro/QL/WebCore/luxui/lux-core/src/lib/luxPath.js": {"path":"/Users/jkalis/Pro/QL/WebCore/luxui/lux-core/src/lib/luxPath.js","statementMap":{"0":{"start":{"line":34,"column":14},"end":{"line":34,"column":32}},"1":{"start":{"line":35,"column":15},"end":{"line":36,"column":24}},"2":{"start":{"line":38,"column":2},"end":{"line":38,"column":39}}},"fnMap":{"0":{"name":"luxPath","decl":{"start":{"line":33,"column":9},"end":{"line":33,"column":16}},"loc":{"start":{"line":33,"column":22},"end":{"line":39,"column":1}}}},"branchMap":{"0":{"loc":{"start":{"line":38,"column":9},"end":{"line":38,"column":38}},"type":"binary-expr","locations":[{"start":{"line":38,"column":9},"end":{"line":38,"column":31}},{"start":{"line":38,"column":35},"end":{"line":38,"column":38}}]}},"s":{"0":14,"1":14,"2":14},"f":{"0":14},"b":{"0":[14,1]},"_coverageSchema":"332fd63041d2c1bcb487cc26dd0d5f7d97098a6c","hash":"24c1635d731df41ee497ad4c062d98c2eff7b94b"}
,"/Users/jkalis/Pro/QL/WebCore/luxui/lux-core/src/lib/responseModel.js": {"path":"/Users/jkalis/Pro/QL/WebCore/luxui/lux-core/src/lib/responseModel.js","statementMap":{"0":{"start":{"line":7,"column":22},"end":{"line":7,"column":34}},"1":{"start":{"line":9,"column":14},"end":{"line":9,"column":42}},"2":{"start":{"line":36,"column":2},"end":{"line":40,"column":4}},"3":{"start":{"line":62,"column":21},"end":{"line":62,"column":29}},"4":{"start":{"line":64,"column":2},"end":{"line":68,"column":3}},"5":{"start":{"line":65,"column":18},"end":{"line":65,"column":67}},"6":{"start":{"line":67,"column":4},"end":{"line":67,"column":35}},"7":{"start":{"line":70,"column":22},"end":{"line":70,"column":39}},"8":{"start":{"line":72,"column":2},"end":{"line":95,"column":3}},"9":{"start":{"line":75,"column":6},"end":{"line":75,"column":64}},"10":{"start":{"line":78,"column":6},"end":{"line":78,"column":64}},"11":{"start":{"line":80,"column":6},"end":{"line":85,"column":7}},"12":{"start":{"line":81,"column":21},"end":{"line":81,"column":57}},"13":{"start":{"line":82,"column":22},"end":{"line":82,"column":75}},"14":{"start":{"line":84,"column":8},"end":{"line":84,"column":39}},"15":{"start":{"line":87,"column":6},"end":{"line":87,"column":30}},"16":{"start":{"line":92,"column":20},"end":{"line":92,"column":72}},"17":{"start":{"line":94,"column":6},"end":{"line":94,"column":37}}},"fnMap":{"0":{"name":"format","decl":{"start":{"line":34,"column":9},"end":{"line":34,"column":15}},"loc":{"start":{"line":34,"column":41},"end":{"line":41,"column":1}}},"1":{"name":"handler","decl":{"start":{"line":61,"column":9},"end":{"line":61,"column":16}},"loc":{"start":{"line":61,"column":32},"end":{"line":96,"column":1}}}},"branchMap":{"0":{"loc":{"start":{"line":34,"column":26},"end":{"line":34,"column":39}},"type":"default-arg","locations":[{"start":{"line":34,"column":34},"end":{"line":34,"column":39}}]},"1":{"loc":{"start":{"line":39,"column":12},"end":{"line":39,"column":32}},"type":"binary-expr","locations":[{"start":{"line":39,"column":12},"end":{"line":39,"column":27}},{"start":{"line":39,"column":31},"end":{"line":39,"column":32}}]},"2":{"loc":{"start":{"line":61,"column":17},"end":{"line":61,"column":30}},"type":"default-arg","locations":[{"start":{"line":61,"column":28},"end":{"line":61,"column":30}}]},"3":{"loc":{"start":{"line":64,"column":2},"end":{"line":68,"column":3}},"type":"if","locations":[{"start":{"line":64,"column":2},"end":{"line":68,"column":3}},{"start":{"line":64,"column":2},"end":{"line":68,"column":3}}]},"4":{"loc":{"start":{"line":72,"column":2},"end":{"line":95,"column":3}},"type":"switch","locations":[{"start":{"line":73,"column":4},"end":{"line":75,"column":64}},{"start":{"line":76,"column":4},"end":{"line":78,"column":64}},{"start":{"line":79,"column":4},"end":{"line":87,"column":30}},{"start":{"line":91,"column":4},"end":{"line":94,"column":37}}]},"5":{"loc":{"start":{"line":80,"column":6},"end":{"line":85,"column":7}},"type":"if","locations":[{"start":{"line":80,"column":6},"end":{"line":85,"column":7}},{"start":{"line":80,"column":6},"end":{"line":85,"column":7}}]}},"s":{"0":4,"1":4,"2":10,"3":9,"4":9,"5":2,"6":2,"7":7,"8":7,"9":1,"10":1,"11":3,"12":1,"13":1,"14":1,"15":2,"16":2,"17":2},"f":{"0":10,"1":9},"b":{"0":[2],"1":[10,2],"2":[1],"3":[2,7],"4":[1,1,3,2],"5":[1,2]},"_coverageSchema":"332fd63041d2c1bcb487cc26dd0d5f7d97098a6c","hash":"d892d52115691d2b2809871bbabeb189612805f7"}
,"/Users/jkalis/Pro/QL/WebCore/luxui/lux-core/src/lib/routing.js": {"path":"/Users/jkalis/Pro/QL/WebCore/luxui/lux-core/src/lib/routing.js","statementMap":{"0":{"start":{"line":8,"column":14},"end":{"line":8,"column":16}},"1":{"start":{"line":9,"column":22},"end":{"line":9,"column":24}},"2":{"start":{"line":42,"column":2},"end":{"line":42,"column":43}},"3":{"start":{"line":47,"column":2},"end":{"line":55,"column":3}},"4":{"start":{"line":48,"column":18},"end":{"line":50,"column":53}},"5":{"start":{"line":50,"column":34},"end":{"line":50,"column":49}},"6":{"start":{"line":52,"column":4},"end":{"line":54,"column":24}},"7":{"start":{"line":57,"column":2},"end":{"line":57,"column":21}},"8":{"start":{"line":63,"column":2},"end":{"line":65,"column":3}},"9":{"start":{"line":64,"column":4},"end":{"line":64,"column":58}},"10":{"start":{"line":67,"column":2},"end":{"line":70,"column":3}},"11":{"start":{"line":68,"column":17},"end":{"line":68,"column":31}},"12":{"start":{"line":69,"column":4},"end":{"line":69,"column":73}},"13":{"start":{"line":72,"column":2},"end":{"line":76,"column":3}},"14":{"start":{"line":73,"column":4},"end":{"line":73,"column":30}},"15":{"start":{"line":75,"column":4},"end":{"line":75,"column":11}},"16":{"start":{"line":78,"column":20},"end":{"line":78,"column":38}},"17":{"start":{"line":79,"column":16},"end":{"line":80,"column":42}},"18":{"start":{"line":80,"column":22},"end":{"line":80,"column":38}},"19":{"start":{"line":82,"column":2},"end":{"line":85,"column":3}},"20":{"start":{"line":84,"column":4},"end":{"line":84,"column":98}},"21":{"start":{"line":89,"column":2},"end":{"line":95,"column":3}},"22":{"start":{"line":90,"column":4},"end":{"line":90,"column":37}},"23":{"start":{"line":90,"column":20},"end":{"line":90,"column":36}},"24":{"start":{"line":91,"column":9},"end":{"line":95,"column":3}},"25":{"start":{"line":92,"column":4},"end":{"line":92,"column":39}},"26":{"start":{"line":92,"column":20},"end":{"line":92,"column":38}},"27":{"start":{"line":94,"column":4},"end":{"line":94,"column":20}},"28":{"start":{"line":97,"column":2},"end":{"line":98,"column":39}},"29":{"start":{"line":129,"column":2},"end":{"line":131,"column":3}},"30":{"start":{"line":130,"column":4},"end":{"line":130,"column":62}},"31":{"start":{"line":133,"column":2},"end":{"line":142,"column":3}},"32":{"start":{"line":136,"column":6},"end":{"line":136,"column":29}},"33":{"start":{"line":139,"column":6},"end":{"line":139,"column":40}},"34":{"start":{"line":141,"column":6},"end":{"line":141,"column":69}}},"fnMap":{"0":{"name":"errorString","decl":{"start":{"line":40,"column":9},"end":{"line":40,"column":20}},"loc":{"start":{"line":40,"column":26},"end":{"line":43,"column":1}}},"1":{"name":"lookup","decl":{"start":{"line":46,"column":9},"end":{"line":46,"column":15}},"loc":{"start":{"line":46,"column":22},"end":{"line":58,"column":1}}},"2":{"name":"(anonymous_2)","decl":{"start":{"line":50,"column":14},"end":{"line":50,"column":15}},"loc":{"start":{"line":50,"column":34},"end":{"line":50,"column":49}}},"3":{"name":"register","decl":{"start":{"line":62,"column":9},"end":{"line":62,"column":17}},"loc":{"start":{"line":62,"column":36},"end":{"line":99,"column":1}}},"4":{"name":"(anonymous_4)","decl":{"start":{"line":80,"column":12},"end":{"line":80,"column":13}},"loc":{"start":{"line":80,"column":22},"end":{"line":80,"column":38}}},"5":{"name":"(anonymous_5)","decl":{"start":{"line":90,"column":12},"end":{"line":90,"column":13}},"loc":{"start":{"line":90,"column":20},"end":{"line":90,"column":36}}},"6":{"name":"(anonymous_6)","decl":{"start":{"line":92,"column":12},"end":{"line":92,"column":13}},"loc":{"start":{"line":92,"column":20},"end":{"line":92,"column":38}}},"7":{"name":"routing","decl":{"start":{"line":128,"column":9},"end":{"line":128,"column":16}},"loc":{"start":{"line":128,"column":35},"end":{"line":144,"column":1}}}},"branchMap":{"0":{"loc":{"start":{"line":47,"column":2},"end":{"line":55,"column":3}},"type":"if","locations":[{"start":{"line":47,"column":2},"end":{"line":55,"column":3}},{"start":{"line":47,"column":2},"end":{"line":55,"column":3}}]},"1":{"loc":{"start":{"line":52,"column":18},"end":{"line":54,"column":23}},"type":"cond-expr","locations":[{"start":{"line":53,"column":8},"end":{"line":53,"column":19}},{"start":{"line":54,"column":8},"end":{"line":54,"column":23}}]},"2":{"loc":{"start":{"line":63,"column":2},"end":{"line":65,"column":3}},"type":"if","locations":[{"start":{"line":63,"column":2},"end":{"line":65,"column":3}},{"start":{"line":63,"column":2},"end":{"line":65,"column":3}}]},"3":{"loc":{"start":{"line":63,"column":6},"end":{"line":63,"column":38}},"type":"binary-expr","locations":[{"start":{"line":63,"column":6},"end":{"line":63,"column":14}},{"start":{"line":63,"column":18},"end":{"line":63,"column":38}}]},"4":{"loc":{"start":{"line":67,"column":2},"end":{"line":70,"column":3}},"type":"if","locations":[{"start":{"line":67,"column":2},"end":{"line":70,"column":3}},{"start":{"line":67,"column":2},"end":{"line":70,"column":3}}]},"5":{"loc":{"start":{"line":67,"column":8},"end":{"line":67,"column":69}},"type":"binary-expr","locations":[{"start":{"line":67,"column":8},"end":{"line":67,"column":25}},{"start":{"line":67,"column":29},"end":{"line":67,"column":46}},{"start":{"line":67,"column":50},"end":{"line":67,"column":69}}]},"6":{"loc":{"start":{"line":72,"column":2},"end":{"line":76,"column":3}},"type":"if","locations":[{"start":{"line":72,"column":2},"end":{"line":76,"column":3}},{"start":{"line":72,"column":2},"end":{"line":76,"column":3}}]},"7":{"loc":{"start":{"line":82,"column":2},"end":{"line":85,"column":3}},"type":"if","locations":[{"start":{"line":82,"column":2},"end":{"line":85,"column":3}},{"start":{"line":82,"column":2},"end":{"line":85,"column":3}}]},"8":{"loc":{"start":{"line":89,"column":2},"end":{"line":95,"column":3}},"type":"if","locations":[{"start":{"line":89,"column":2},"end":{"line":95,"column":3}},{"start":{"line":89,"column":2},"end":{"line":95,"column":3}}]},"9":{"loc":{"start":{"line":91,"column":9},"end":{"line":95,"column":3}},"type":"if","locations":[{"start":{"line":91,"column":9},"end":{"line":95,"column":3}},{"start":{"line":91,"column":9},"end":{"line":95,"column":3}}]},"10":{"loc":{"start":{"line":129,"column":2},"end":{"line":131,"column":3}},"type":"if","locations":[{"start":{"line":129,"column":2},"end":{"line":131,"column":3}},{"start":{"line":129,"column":2},"end":{"line":131,"column":3}}]},"11":{"loc":{"start":{"line":133,"column":2},"end":{"line":142,"column":3}},"type":"switch","locations":[{"start":{"line":134,"column":4},"end":{"line":136,"column":29}},{"start":{"line":137,"column":4},"end":{"line":139,"column":40}},{"start":{"line":140,"column":4},"end":{"line":141,"column":69}}]}},"s":{"0":4,"1":4,"2":6,"3":5,"4":3,"5":7,"6":3,"7":5,"8":9,"9":1,"10":8,"11":1,"12":1,"13":7,"14":3,"15":3,"16":4,"17":4,"18":4,"19":4,"20":1,"21":3,"22":1,"23":3,"24":2,"25":1,"26":3,"27":1,"28":3,"29":19,"30":4,"31":15,"32":5,"33":9,"34":1},"f":{"0":6,"1":5,"2":7,"3":9,"4":4,"5":3,"6":3,"7":19},"b":{"0":[3,2],"1":[2,1],"2":[1,8],"3":[9,8],"4":[1,7],"5":[8,3,2],"6":[3,4],"7":[1,3],"8":[1,2],"9":[1,1],"10":[4,15],"11":[5,9,1]},"_coverageSchema":"332fd63041d2c1bcb487cc26dd0d5f7d97098a6c","hash":"466e791eb34561033f0ce8890d9b213213e55954"}
,"/Users/jkalis/Pro/QL/WebCore/luxui/lux-core/src/lib/series.js": {"path":"/Users/jkalis/Pro/QL/WebCore/luxui/lux-core/src/lib/series.js","statementMap":{"0":{"start":{"line":27,"column":4},"end":{"line":28,"column":52}},"1":{"start":{"line":28,"column":21},"end":{"line":28,"column":50}},"2":{"start":{"line":30,"column":4},"end":{"line":30,"column":31}},"3":{"start":{"line":33,"column":2},"end":{"line":33,"column":21}}},"fnMap":{"0":{"name":"series","decl":{"start":{"line":25,"column":9},"end":{"line":25,"column":15}},"loc":{"start":{"line":25,"column":33},"end":{"line":34,"column":1}}},"1":{"name":"composition","decl":{"start":{"line":26,"column":11},"end":{"line":26,"column":22}},"loc":{"start":{"line":26,"column":32},"end":{"line":31,"column":3}}},"2":{"name":"(anonymous_2)","decl":{"start":{"line":28,"column":15},"end":{"line":28,"column":16}},"loc":{"start":{"line":28,"column":21},"end":{"line":28,"column":50}}}},"branchMap":{"0":{"loc":{"start":{"line":28,"column":21},"end":{"line":28,"column":50}},"type":"binary-expr","locations":[{"start":{"line":28,"column":21},"end":{"line":28,"column":35}},{"start":{"line":28,"column":39},"end":{"line":28,"column":50}}]}},"s":{"0":1,"1":3,"2":1,"3":2},"f":{"0":2,"1":1,"2":3},"b":{"0":[3,3]},"_coverageSchema":"332fd63041d2c1bcb487cc26dd0d5f7d97098a6c","hash":"d19f83b02af9d5ae5f17a05669bdcb89c78461b0"}
,"/Users/jkalis/Pro/QL/WebCore/luxui/lux-core/src/lib/storage.js": {"path":"/Users/jkalis/Pro/QL/WebCore/luxui/lux-core/src/lib/storage.js","statementMap":{"0":{"start":{"line":35,"column":2},"end":{"line":38,"column":3}},"1":{"start":{"line":36,"column":25},"end":{"line":36,"column":58}},"2":{"start":{"line":37,"column":4},"end":{"line":37,"column":58}},"3":{"start":{"line":40,"column":28},"end":{"line":44,"column":3}},"4":{"start":{"line":45,"column":20},"end":{"line":45,"column":23}},"5":{"start":{"line":47,"column":2},"end":{"line":51,"column":3}},"6":{"start":{"line":48,"column":4},"end":{"line":48,"column":42}},"7":{"start":{"line":49,"column":9},"end":{"line":51,"column":3}},"8":{"start":{"line":50,"column":4},"end":{"line":50,"column":44}},"9":{"start":{"line":53,"column":2},"end":{"line":53,"column":42}}},"fnMap":{"0":{"name":"storage","decl":{"start":{"line":34,"column":9},"end":{"line":34,"column":16}},"loc":{"start":{"line":34,"column":42},"end":{"line":54,"column":1}}}},"branchMap":{"0":{"loc":{"start":{"line":34,"column":29},"end":{"line":34,"column":40}},"type":"default-arg","locations":[{"start":{"line":34,"column":38},"end":{"line":34,"column":40}}]},"1":{"loc":{"start":{"line":35,"column":2},"end":{"line":38,"column":3}},"type":"if","locations":[{"start":{"line":35,"column":2},"end":{"line":38,"column":3}},{"start":{"line":35,"column":2},"end":{"line":38,"column":3}}]},"2":{"loc":{"start":{"line":47,"column":2},"end":{"line":51,"column":3}},"type":"if","locations":[{"start":{"line":47,"column":2},"end":{"line":51,"column":3}},{"start":{"line":47,"column":2},"end":{"line":51,"column":3}}]},"3":{"loc":{"start":{"line":49,"column":9},"end":{"line":51,"column":3}},"type":"if","locations":[{"start":{"line":49,"column":9},"end":{"line":51,"column":3}},{"start":{"line":49,"column":9},"end":{"line":51,"column":3}}]}},"s":{"0":6,"1":1,"2":1,"3":5,"4":5,"5":5,"6":1,"7":4,"8":1,"9":5},"f":{"0":6},"b":{"0":[1],"1":[1,5],"2":[1,4],"3":[1,3]},"_coverageSchema":"332fd63041d2c1bcb487cc26dd0d5f7d97098a6c","hash":"4eb1b9e2ead022ccf1eb8839f110b0e0b2c67fc9"}
,"/Users/jkalis/Pro/QL/WebCore/luxui/lux-core/src/lib/urlParse.js": {"path":"/Users/jkalis/Pro/QL/WebCore/luxui/lux-core/src/lib/urlParse.js","statementMap":{"0":{"start":{"line":8,"column":18},"end":{"line":8,"column":47}},"1":{"start":{"line":15,"column":2},"end":{"line":19,"column":9}},"2":{"start":{"line":23,"column":21},"end":{"line":23,"column":33}},"3":{"start":{"line":25,"column":2},"end":{"line":27,"column":19}},"4":{"start":{"line":29,"column":2},"end":{"line":29,"column":13}},"5":{"start":{"line":33,"column":2},"end":{"line":40,"column":3}},"6":{"start":{"line":35,"column":6},"end":{"line":35,"column":19}},"7":{"start":{"line":37,"column":6},"end":{"line":37,"column":18}},"8":{"start":{"line":39,"column":6},"end":{"line":39,"column":29}},"9":{"start":{"line":79,"column":2},"end":{"line":81,"column":3}},"10":{"start":{"line":80,"column":4},"end":{"line":80,"column":71}},"11":{"start":{"line":83,"column":2},"end":{"line":85,"column":3}},"12":{"start":{"line":84,"column":4},"end":{"line":84,"column":65}},"13":{"start":{"line":87,"column":21},"end":{"line":87,"column":69}},"14":{"start":{"line":87,"column":32},"end":{"line":87,"column":68}},"15":{"start":{"line":89,"column":14},"end":{"line":89,"column":22}},"16":{"start":{"line":91,"column":15},"end":{"line":91,"column":53}},"17":{"start":{"line":92,"column":15},"end":{"line":92,"column":47}},"18":{"start":{"line":93,"column":19},"end":{"line":93,"column":53}},"19":{"start":{"line":95,"column":22},"end":{"line":97,"column":22}},"20":{"start":{"line":99,"column":15},"end":{"line":99,"column":64}},"21":{"start":{"line":100,"column":15},"end":{"line":100,"column":44}},"22":{"start":{"line":102,"column":33},"end":{"line":102,"column":48}},"23":{"start":{"line":103,"column":32},"end":{"line":103,"column":47}},"24":{"start":{"line":105,"column":2},"end":{"line":117,"column":4}}},"fnMap":{"0":{"name":"queryObject","decl":{"start":{"line":13,"column":9},"end":{"line":13,"column":20}},"loc":{"start":{"line":13,"column":29},"end":{"line":20,"column":1}}},"1":{"name":"queryToObjectReduce","decl":{"start":{"line":22,"column":9},"end":{"line":22,"column":28}},"loc":{"start":{"line":22,"column":37},"end":{"line":30,"column":1}}},"2":{"name":"toValue","decl":{"start":{"line":32,"column":9},"end":{"line":32,"column":16}},"loc":{"start":{"line":32,"column":34},"end":{"line":41,"column":1}}},"3":{"name":"urlParse","decl":{"start":{"line":78,"column":9},"end":{"line":78,"column":17}},"loc":{"start":{"line":78,"column":23},"end":{"line":118,"column":1}}},"4":{"name":"(anonymous_4)","decl":{"start":{"line":87,"column":21},"end":{"line":87,"column":22}},"loc":{"start":{"line":87,"column":32},"end":{"line":87,"column":68}}}},"branchMap":{"0":{"loc":{"start":{"line":15,"column":9},"end":{"line":19,"column":8}},"type":"cond-expr","locations":[{"start":{"line":16,"column":6},"end":{"line":18,"column":38}},{"start":{"line":19,"column":6},"end":{"line":19,"column":8}}]},"1":{"loc":{"start":{"line":25,"column":13},"end":{"line":27,"column":18}},"type":"cond-expr","locations":[{"start":{"line":26,"column":6},"end":{"line":26,"column":33}},{"start":{"line":27,"column":6},"end":{"line":27,"column":18}}]},"2":{"loc":{"start":{"line":33,"column":2},"end":{"line":40,"column":3}},"type":"switch","locations":[{"start":{"line":34,"column":4},"end":{"line":35,"column":19}},{"start":{"line":36,"column":4},"end":{"line":37,"column":18}},{"start":{"line":38,"column":4},"end":{"line":39,"column":29}}]},"3":{"loc":{"start":{"line":79,"column":2},"end":{"line":81,"column":3}},"type":"if","locations":[{"start":{"line":79,"column":2},"end":{"line":81,"column":3}},{"start":{"line":79,"column":2},"end":{"line":81,"column":3}}]},"4":{"loc":{"start":{"line":83,"column":2},"end":{"line":85,"column":3}},"type":"if","locations":[{"start":{"line":83,"column":2},"end":{"line":85,"column":3}},{"start":{"line":83,"column":2},"end":{"line":85,"column":3}}]},"5":{"loc":{"start":{"line":83,"column":6},"end":{"line":83,"column":33}},"type":"binary-expr","locations":[{"start":{"line":83,"column":6},"end":{"line":83,"column":9}},{"start":{"line":83,"column":13},"end":{"line":83,"column":33}}]},"6":{"loc":{"start":{"line":87,"column":32},"end":{"line":87,"column":68}},"type":"cond-expr","locations":[{"start":{"line":87,"column":54},"end":{"line":87,"column":63}},{"start":{"line":87,"column":66},"end":{"line":87,"column":68}}]},"7":{"loc":{"start":{"line":87,"column":32},"end":{"line":87,"column":51}},"type":"binary-expr","locations":[{"start":{"line":87,"column":32},"end":{"line":87,"column":38}},{"start":{"line":87,"column":42},"end":{"line":87,"column":51}}]},"8":{"loc":{"start":{"line":96,"column":44},"end":{"line":96,"column":59}},"type":"cond-expr","locations":[{"start":{"line":96,"column":51},"end":{"line":96,"column":54}},{"start":{"line":96,"column":57},"end":{"line":96,"column":59}}]},"9":{"loc":{"start":{"line":102,"column":19},"end":{"line":102,"column":29}},"type":"default-arg","locations":[{"start":{"line":102,"column":27},"end":{"line":102,"column":29}}]},"10":{"loc":{"start":{"line":103,"column":19},"end":{"line":103,"column":28}},"type":"default-arg","locations":[{"start":{"line":103,"column":26},"end":{"line":103,"column":28}}]},"11":{"loc":{"start":{"line":116,"column":12},"end":{"line":116,"column":36}},"type":"cond-expr","locations":[{"start":{"line":116,"column":20},"end":{"line":116,"column":31}},{"start":{"line":116,"column":34},"end":{"line":116,"column":36}}]}},"s":{"0":14,"1":29,"2":29,"3":29,"4":29,"5":49,"6":2,"7":2,"8":45,"9":31,"10":1,"11":30,"12":1,"13":29,"14":116,"15":29,"16":29,"17":29,"18":29,"19":29,"20":29,"21":29,"22":29,"23":29,"24":29},"f":{"0":29,"1":29,"2":49,"3":31,"4":116},"b":{"0":[15,14],"1":[10,19],"2":[2,2,45],"3":[1,30],"4":[1,29],"5":[30,29],"6":[48,68],"7":[116,81],"8":[10,19],"9":[14],"10":[19],"11":[15,14]},"_coverageSchema":"332fd63041d2c1bcb487cc26dd0d5f7d97098a6c","hash":"5443abdbbff7aa3b8e07016d5090695c3a495156"}
,"/Users/jkalis/Pro/QL/WebCore/luxui/lux-core/src/react/appContext.js": {"path":"/Users/jkalis/Pro/QL/WebCore/luxui/lux-core/src/react/appContext.js","statementMap":{"0":{"start":{"line":40,"column":20},"end":{"line":45,"column":5}},"1":{"start":{"line":47,"column":4},"end":{"line":47,"column":19}},"2":{"start":{"line":52,"column":4},"end":{"line":52,"column":33}},"3":{"start":{"line":55,"column":0},"end":{"line":60,"column":2}},"4":{"start":{"line":61,"column":0},"end":{"line":69,"column":2}}},"fnMap":{"0":{"name":"(anonymous_0)","decl":{"start":{"line":9,"column":2},"end":{"line":9,"column":3}},"loc":{"start":{"line":9,"column":20},"end":{"line":48,"column":3}}},"1":{"name":"(anonymous_1)","decl":{"start":{"line":50,"column":2},"end":{"line":50,"column":3}},"loc":{"start":{"line":50,"column":11},"end":{"line":53,"column":3}}}},"branchMap":{},"s":{"0":1,"1":1,"2":1,"3":3,"4":3},"f":{"0":1,"1":1},"b":{},"_coverageSchema":"332fd63041d2c1bcb487cc26dd0d5f7d97098a6c","hash":"d72084dcef0e6edeac30505cb5431e3f3b6a6405"}
,"/Users/jkalis/Pro/QL/WebCore/luxui/lux-core/src/react/config.js": {"path":"/Users/jkalis/Pro/QL/WebCore/luxui/lux-core/src/react/config.js","statementMap":{"0":{"start":{"line":11,"column":17},"end":{"line":11,"column":19}},"1":{"start":{"line":31,"column":2},"end":{"line":36,"column":3}},"2":{"start":{"line":32,"column":4},"end":{"line":32,"column":63}},"3":{"start":{"line":33,"column":9},"end":{"line":36,"column":3}},"4":{"start":{"line":35,"column":4},"end":{"line":35,"column":97}},"5":{"start":{"line":38,"column":2},"end":{"line":43,"column":3}},"6":{"start":{"line":39,"column":4},"end":{"line":39,"column":66}},"7":{"start":{"line":40,"column":9},"end":{"line":43,"column":3}},"8":{"start":{"line":42,"column":4},"end":{"line":42,"column":108}},"9":{"start":{"line":46,"column":2},"end":{"line":46,"column":47}},"10":{"start":{"line":48,"column":2},"end":{"line":51,"column":15}},"11":{"start":{"line":53,"column":2},"end":{"line":53,"column":18}}},"fnMap":{"0":{"name":"configure","decl":{"start":{"line":30,"column":9},"end":{"line":30,"column":18}},"loc":{"start":{"line":30,"column":44},"end":{"line":54,"column":1}}}},"branchMap":{"0":{"loc":{"start":{"line":31,"column":2},"end":{"line":36,"column":3}},"type":"if","locations":[{"start":{"line":31,"column":2},"end":{"line":36,"column":3}},{"start":{"line":31,"column":2},"end":{"line":36,"column":3}}]},"1":{"loc":{"start":{"line":33,"column":9},"end":{"line":36,"column":3}},"type":"if","locations":[{"start":{"line":33,"column":9},"end":{"line":36,"column":3}},{"start":{"line":33,"column":9},"end":{"line":36,"column":3}}]},"2":{"loc":{"start":{"line":38,"column":2},"end":{"line":43,"column":3}},"type":"if","locations":[{"start":{"line":38,"column":2},"end":{"line":43,"column":3}},{"start":{"line":38,"column":2},"end":{"line":43,"column":3}}]},"3":{"loc":{"start":{"line":40,"column":9},"end":{"line":43,"column":3}},"type":"if","locations":[{"start":{"line":40,"column":9},"end":{"line":43,"column":3}},{"start":{"line":40,"column":9},"end":{"line":43,"column":3}}]}},"s":{"0":2,"1":7,"2":2,"3":5,"4":1,"5":4,"6":1,"7":3,"8":1,"9":2,"10":2,"11":2},"f":{"0":7},"b":{"0":[2,5],"1":[1,4],"2":[1,3],"3":[1,2]},"_coverageSchema":"332fd63041d2c1bcb487cc26dd0d5f7d97098a6c","hash":"f17c046eab20c4bd0266443ce1093be4f5bbc963"}
,"/Users/jkalis/Pro/QL/WebCore/luxui/lux-core/src/react/error.js": {"path":"/Users/jkalis/Pro/QL/WebCore/luxui/lux-core/src/react/error.js","statementMap":{"0":{"start":{"line":15,"column":2},"end":{"line":22,"column":4}},"1":{"start":{"line":24,"column":0},"end":{"line":24,"column":46}},"2":{"start":{"line":26,"column":0},"end":{"line":26,"column":41}}},"fnMap":{"0":{"name":"errorComponent","decl":{"start":{"line":13,"column":9},"end":{"line":13,"column":23}},"loc":{"start":{"line":13,"column":31},"end":{"line":23,"column":1}}}},"branchMap":{},"s":{"0":4,"1":4,"2":4},"f":{"0":4},"b":{},"_coverageSchema":"332fd63041d2c1bcb487cc26dd0d5f7d97098a6c","hash":"9b88fb7a1e9bec7ef116e69d024290f995ccf3f9"}
,"/Users/jkalis/Pro/QL/WebCore/luxui/lux-core/src/react/fatal.js": {"path":"/Users/jkalis/Pro/QL/WebCore/luxui/lux-core/src/react/fatal.js","statementMap":{"0":{"start":{"line":9,"column":33},"end":{"line":9,"column":38}},"1":{"start":{"line":10,"column":15},"end":{"line":10,"column":27}},"2":{"start":{"line":11,"column":2},"end":{"line":11,"column":20}},"3":{"start":{"line":12,"column":2},"end":{"line":12,"column":19}},"4":{"start":{"line":14,"column":2},"end":{"line":14,"column":23}},"5":{"start":{"line":16,"column":2},"end":{"line":29,"column":4}},"6":{"start":{"line":31,"column":0},"end":{"line":37,"column":2}}},"fnMap":{"0":{"name":"FatalErrorComponent","decl":{"start":{"line":8,"column":9},"end":{"line":8,"column":28}},"loc":{"start":{"line":8,"column":36},"end":{"line":30,"column":1}}}},"branchMap":{},"s":{"0":1,"1":1,"2":1,"3":1,"4":1,"5":1,"6":2},"f":{"0":1},"b":{},"_coverageSchema":"332fd63041d2c1bcb487cc26dd0d5f7d97098a6c","hash":"6cabfb0ca380ba722d95b5e27051f27b633c4bf7"}
,"/Users/jkalis/Pro/QL/WebCore/luxui/lux-core/src/react/index.js": {"path":"/Users/jkalis/Pro/QL/WebCore/luxui/lux-core/src/react/index.js","statementMap":{"0":{"start":{"line":22,"column":15},"end":{"line":22,"column":33}},"1":{"start":{"line":50,"column":14},"end":{"line":52,"column":3}},"2":{"start":{"line":55,"column":14},"end":{"line":55,"column":16}},"3":{"start":{"line":58,"column":4},"end":{"line":58,"column":21}},"4":{"start":{"line":59,"column":4},"end":{"line":59,"column":33}},"5":{"start":{"line":62,"column":4},"end":{"line":62,"column":20}},"6":{"start":{"line":65,"column":2},"end":{"line":65,"column":38}},"7":{"start":{"line":66,"column":2},"end":{"line":66,"column":28}},"8":{"start":{"line":67,"column":2},"end":{"line":67,"column":58}},"9":{"start":{"line":67,"column":24},"end":{"line":67,"column":57}},"10":{"start":{"line":68,"column":2},"end":{"line":68,"column":57}},"11":{"start":{"line":68,"column":22},"end":{"line":68,"column":56}},"12":{"start":{"line":70,"column":2},"end":{"line":73,"column":5}},"13":{"start":{"line":72,"column":16},"end":{"line":72,"column":28}},"14":{"start":{"line":79,"column":2},"end":{"line":79,"column":13}},"15":{"start":{"line":89,"column":0},"end":{"line":89,"column":41}},"16":{"start":{"line":89,"column":27},"end":{"line":89,"column":40}},"17":{"start":{"line":119,"column":2},"end":{"line":122,"column":3}},"18":{"start":{"line":121,"column":4},"end":{"line":121,"column":126}},"19":{"start":{"line":124,"column":2},"end":{"line":126,"column":3}},"20":{"start":{"line":125,"column":4},"end":{"line":125,"column":45}},"21":{"start":{"line":128,"column":2},"end":{"line":131,"column":3}},"22":{"start":{"line":130,"column":4},"end":{"line":130,"column":96}},"23":{"start":{"line":133,"column":2},"end":{"line":136,"column":3}},"24":{"start":{"line":135,"column":4},"end":{"line":135,"column":101}},"25":{"start":{"line":138,"column":2},"end":{"line":138,"column":20}},"26":{"start":{"line":140,"column":2},"end":{"line":142,"column":3}},"27":{"start":{"line":141,"column":4},"end":{"line":141,"column":23}},"28":{"start":{"line":144,"column":2},"end":{"line":144,"column":14}},"29":{"start":{"line":149,"column":2},"end":{"line":149,"column":19}},"30":{"start":{"line":151,"column":2},"end":{"line":151,"column":14}},"31":{"start":{"line":156,"column":21},"end":{"line":156,"column":42}},"32":{"start":{"line":158,"column":2},"end":{"line":166,"column":3}},"33":{"start":{"line":160,"column":4},"end":{"line":163,"column":30}},"34":{"start":{"line":165,"column":4},"end":{"line":165,"column":71}},"35":{"start":{"line":171,"column":17},"end":{"line":171,"column":54}},"36":{"start":{"line":173,"column":14},"end":{"line":180,"column":27}},"37":{"start":{"line":182,"column":2},"end":{"line":188,"column":7}},"38":{"start":{"line":185,"column":6},"end":{"line":185,"column":29}},"39":{"start":{"line":187,"column":6},"end":{"line":187,"column":22}},"40":{"start":{"line":196,"column":2},"end":{"line":200,"column":3}},"41":{"start":{"line":197,"column":4},"end":{"line":197,"column":30}},"42":{"start":{"line":199,"column":4},"end":{"line":199,"column":78}},"43":{"start":{"line":199,"column":37},"end":{"line":199,"column":76}},"44":{"start":{"line":202,"column":2},"end":{"line":203,"column":22}}},"fnMap":{"0":{"name":"luxReact","decl":{"start":{"line":49,"column":9},"end":{"line":49,"column":17}},"loc":{"start":{"line":49,"column":26},"end":{"line":80,"column":1}}},"1":{"name":"setState","decl":{"start":{"line":57,"column":11},"end":{"line":57,"column":19}},"loc":{"start":{"line":57,"column":30},"end":{"line":63,"column":3}}},"2":{"name":"(anonymous_2)","decl":{"start":{"line":67,"column":16},"end":{"line":67,"column":17}},"loc":{"start":{"line":67,"column":24},"end":{"line":67,"column":57}}},"3":{"name":"(anonymous_3)","decl":{"start":{"line":68,"column":14},"end":{"line":68,"column":15}},"loc":{"start":{"line":68,"column":22},"end":{"line":68,"column":56}}},"4":{"name":"(anonymous_4)","decl":{"start":{"line":72,"column":9},"end":{"line":72,"column":10}},"loc":{"start":{"line":72,"column":16},"end":{"line":72,"column":28}}},"5":{"name":"(anonymous_5)","decl":{"start":{"line":89,"column":19},"end":{"line":89,"column":20}},"loc":{"start":{"line":89,"column":27},"end":{"line":89,"column":40}}},"6":{"name":"component","decl":{"start":{"line":118,"column":9},"end":{"line":118,"column":18}},"loc":{"start":{"line":118,"column":34},"end":{"line":145,"column":1}}},"7":{"name":"page","decl":{"start":{"line":148,"column":9},"end":{"line":148,"column":13}},"loc":{"start":{"line":148,"column":23},"end":{"line":152,"column":1}}},"8":{"name":"render","decl":{"start":{"line":155,"column":9},"end":{"line":155,"column":15}},"loc":{"start":{"line":155,"column":38},"end":{"line":167,"column":1}}},"9":{"name":"request","decl":{"start":{"line":170,"column":9},"end":{"line":170,"column":16}},"loc":{"start":{"line":170,"column":32},"end":{"line":189,"column":1}}},"10":{"name":"(anonymous_10)","decl":{"start":{"line":183,"column":10},"end":{"line":183,"column":11}},"loc":{"start":{"line":183,"column":24},"end":{"line":188,"column":5}}},"11":{"name":"visit","decl":{"start":{"line":193,"column":9},"end":{"line":193,"column":14}},"loc":{"start":{"line":193,"column":44},"end":{"line":204,"column":1}}},"12":{"name":"(anonymous_12)","decl":{"start":{"line":199,"column":26},"end":{"line":199,"column":27}},"loc":{"start":{"line":199,"column":37},"end":{"line":199,"column":76}}}},"branchMap":{"0":{"loc":{"start":{"line":119,"column":2},"end":{"line":122,"column":3}},"type":"if","locations":[{"start":{"line":119,"column":2},"end":{"line":122,"column":3}},{"start":{"line":119,"column":2},"end":{"line":122,"column":3}}]},"1":{"loc":{"start":{"line":124,"column":2},"end":{"line":126,"column":3}},"type":"if","locations":[{"start":{"line":124,"column":2},"end":{"line":126,"column":3}},{"start":{"line":124,"column":2},"end":{"line":126,"column":3}}]},"2":{"loc":{"start":{"line":128,"column":2},"end":{"line":131,"column":3}},"type":"if","locations":[{"start":{"line":128,"column":2},"end":{"line":131,"column":3}},{"start":{"line":128,"column":2},"end":{"line":131,"column":3}}]},"3":{"loc":{"start":{"line":133,"column":2},"end":{"line":136,"column":3}},"type":"if","locations":[{"start":{"line":133,"column":2},"end":{"line":136,"column":3}},{"start":{"line":133,"column":2},"end":{"line":136,"column":3}}]},"4":{"loc":{"start":{"line":140,"column":2},"end":{"line":142,"column":3}},"type":"if","locations":[{"start":{"line":140,"column":2},"end":{"line":142,"column":3}},{"start":{"line":140,"column":2},"end":{"line":142,"column":3}}]},"5":{"loc":{"start":{"line":171,"column":28},"end":{"line":171,"column":51}},"type":"binary-expr","locations":[{"start":{"line":171,"column":28},"end":{"line":171,"column":32}},{"start":{"line":171,"column":36},"end":{"line":171,"column":51}}]},"6":{"loc":{"start":{"line":173,"column":14},"end":{"line":180,"column":27}},"type":"cond-expr","locations":[{"start":{"line":176,"column":6},"end":{"line":176,"column":13}},{"start":{"line":180,"column":6},"end":{"line":180,"column":27}}]}},"s":{"0":1,"1":2,"2":1,"3":3,"4":3,"5":3,"6":1,"7":1,"8":1,"9":6,"10":1,"11":3,"12":1,"13":6,"14":1,"15":1,"16":1,"17":5,"18":1,"19":4,"20":3,"21":4,"22":1,"23":3,"24":1,"25":2,"26":2,"27":1,"28":2,"29":2,"30":2,"31":3,"32":3,"33":3,"34":1,"35":6,"36":6,"37":6,"38":5,"39":5,"40":3,"41":3,"42":1,"43":1,"44":3},"f":{"0":2,"1":3,"2":6,"3":3,"4":6,"5":1,"6":5,"7":2,"8":3,"9":6,"10":5,"11":3,"12":1},"b":{"0":[1,4],"1":[3,1],"2":[1,3],"3":[1,2],"4":[1,1],"5":[6,3],"6":[1,5]},"_coverageSchema":"332fd63041d2c1bcb487cc26dd0d5f7d97098a6c","hash":"d37cc40e57e1b482640100ca375975f5b52bbf98"}
,"/Users/jkalis/Pro/QL/WebCore/luxui/lux-core/src/react/link.js": {"path":"/Users/jkalis/Pro/QL/WebCore/luxui/lux-core/src/react/link.js","statementMap":{"0":{"start":{"line":14,"column":2},"end":{"line":28,"column":3}},"1":{"start":{"line":15,"column":4},"end":{"line":15,"column":27}},"2":{"start":{"line":16,"column":22},"end":{"line":16,"column":34}},"3":{"start":{"line":18,"column":4},"end":{"line":20,"column":5}},"4":{"start":{"line":19,"column":6},"end":{"line":19,"column":43}},"5":{"start":{"line":22,"column":20},"end":{"line":22,"column":45}},"6":{"start":{"line":24,"column":4},"end":{"line":27,"column":5}},"7":{"start":{"line":25,"column":6},"end":{"line":25,"column":50}},"8":{"start":{"line":26,"column":6},"end":{"line":26,"column":26}},"9":{"start":{"line":33,"column":2},"end":{"line":33,"column":44}},"10":{"start":{"line":38,"column":2},"end":{"line":40,"column":12}},"11":{"start":{"line":69,"column":16},"end":{"line":69,"column":28}},"12":{"start":{"line":70,"column":30},"end":{"line":70,"column":35}},"13":{"start":{"line":72,"column":2},"end":{"line":72,"column":24}},"14":{"start":{"line":73,"column":2},"end":{"line":77,"column":3}},"15":{"start":{"line":74,"column":4},"end":{"line":74,"column":36}},"16":{"start":{"line":76,"column":4},"end":{"line":76,"column":65}},"17":{"start":{"line":79,"column":22},"end":{"line":79,"column":77}},"18":{"start":{"line":79,"column":29},"end":{"line":79,"column":53}},"19":{"start":{"line":80,"column":2},"end":{"line":80,"column":30}},"20":{"start":{"line":82,"column":2},"end":{"line":86,"column":3}},"21":{"start":{"line":83,"column":4},"end":{"line":85,"column":35}},"22":{"start":{"line":88,"column":2},"end":{"line":90,"column":4}},"23":{"start":{"line":92,"column":0},"end":{"line":92,"column":52}},"24":{"start":{"line":93,"column":0},"end":{"line":98,"column":2}}},"fnMap":{"0":{"name":"clickHandler","decl":{"start":{"line":12,"column":9},"end":{"line":12,"column":21}},"loc":{"start":{"line":12,"column":29},"end":{"line":29,"column":1}}},"1":{"name":"isLeftClick","decl":{"start":{"line":31,"column":9},"end":{"line":31,"column":20}},"loc":{"start":{"line":31,"column":28},"end":{"line":34,"column":1}}},"2":{"name":"isModifiedClick","decl":{"start":{"line":36,"column":9},"end":{"line":36,"column":24}},"loc":{"start":{"line":36,"column":32},"end":{"line":41,"column":1}}},"3":{"name":"Link","decl":{"start":{"line":68,"column":9},"end":{"line":68,"column":13}},"loc":{"start":{"line":68,"column":30},"end":{"line":91,"column":1}}},"4":{"name":"(anonymous_4)","decl":{"start":{"line":79,"column":23},"end":{"line":79,"column":24}},"loc":{"start":{"line":79,"column":29},"end":{"line":79,"column":53}}}},"branchMap":{"0":{"loc":{"start":{"line":14,"column":2},"end":{"line":28,"column":3}},"type":"if","locations":[{"start":{"line":14,"column":2},"end":{"line":28,"column":3}}]},"1":{"loc":{"start":{"line":14,"column":6},"end":{"line":14,"column":51}},"type":"binary-expr","locations":[{"start":{"line":14,"column":6},"end":{"line":14,"column":24}},{"start":{"line":14,"column":28},"end":{"line":14,"column":51}}]},"2":{"loc":{"start":{"line":24,"column":4},"end":{"line":27,"column":5}},"type":"if","locations":[{"start":{"line":24,"column":4},"end":{"line":27,"column":5}},{"start":{"line":24,"column":4},"end":{"line":27,"column":5}}]},"3":{"loc":{"start":{"line":33,"column":9},"end":{"line":33,"column":43}},"type":"cond-expr","locations":[{"start":{"line":33,"column":17},"end":{"line":33,"column":35}},{"start":{"line":33,"column":38},"end":{"line":33,"column":43}}]},"4":{"loc":{"start":{"line":38,"column":9},"end":{"line":40,"column":11}},"type":"cond-expr","locations":[{"start":{"line":39,"column":6},"end":{"line":39,"column":74}},{"start":{"line":40,"column":6},"end":{"line":40,"column":11}}]},"5":{"loc":{"start":{"line":39,"column":9},"end":{"line":39,"column":73}},"type":"binary-expr","locations":[{"start":{"line":39,"column":9},"end":{"line":39,"column":22}},{"start":{"line":39,"column":26},"end":{"line":39,"column":38}},{"start":{"line":39,"column":42},"end":{"line":39,"column":55}},{"start":{"line":39,"column":59},"end":{"line":39,"column":73}}]},"6":{"loc":{"start":{"line":73,"column":2},"end":{"line":77,"column":3}},"type":"if","locations":[{"start":{"line":73,"column":2},"end":{"line":77,"column":3}},{"start":{"line":73,"column":2},"end":{"line":77,"column":3}}]},"7":{"loc":{"start":{"line":73,"column":6},"end":{"line":73,"column":33}},"type":"binary-expr","locations":[{"start":{"line":73,"column":6},"end":{"line":73,"column":11}},{"start":{"line":73,"column":15},"end":{"line":73,"column":33}}]},"8":{"loc":{"start":{"line":74,"column":18},"end":{"line":74,"column":35}},"type":"binary-expr","locations":[{"start":{"line":74,"column":18},"end":{"line":74,"column":23}},{"start":{"line":74,"column":27},"end":{"line":74,"column":35}}]},"9":{"loc":{"start":{"line":79,"column":29},"end":{"line":79,"column":53}},"type":"cond-expr","locations":[{"start":{"line":79,"column":33},"end":{"line":79,"column":46}},{"start":{"line":79,"column":49},"end":{"line":79,"column":53}}]},"10":{"loc":{"start":{"line":82,"column":2},"end":{"line":86,"column":3}},"type":"if","locations":[{"start":{"line":82,"column":2},"end":{"line":86,"column":3}},{"start":{"line":82,"column":2},"end":{"line":86,"column":3}}]},"11":{"loc":{"start":{"line":83,"column":20},"end":{"line":85,"column":34}},"type":"cond-expr","locations":[{"start":{"line":84,"column":8},"end":{"line":84,"column":57}},{"start":{"line":85,"column":8},"end":{"line":85,"column":34}}]},"12":{"loc":{"start":{"line":89,"column":19},"end":{"line":89,"column":36}},"type":"binary-expr","locations":[{"start":{"line":89,"column":19},"end":{"line":89,"column":27}},{"start":{"line":89,"column":31},"end":{"line":89,"column":36}}]}},"s":{"0":4,"1":4,"2":4,"3":4,"4":1,"5":4,"6":4,"7":3,"8":3,"9":8,"10":10,"11":22,"12":22,"13":22,"14":22,"15":21,"16":1,"17":21,"18":21,"19":21,"20":21,"21":20,"22":21,"23":12,"24":12},"f":{"0":4,"1":8,"2":10,"3":22,"4":21},"b":{"0":[4],"1":[4,4],"2":[3,1],"3":[7,1],"4":[9,1],"5":[9,8,7,6],"6":[21,1],"7":[22,11],"8":[21,10],"9":[1,20],"10":[20,1],"11":[1,19],"12":[21,1]},"_coverageSchema":"332fd63041d2c1bcb487cc26dd0d5f7d97098a6c","hash":"1d68ef85fc4af65fc22242eb6990922c1d144d5f"}
,"/Users/jkalis/Pro/QL/WebCore/luxui/lux-core/src/react/randomKey.js": {"path":"/Users/jkalis/Pro/QL/WebCore/luxui/lux-core/src/react/randomKey.js","statementMap":{"0":{"start":{"line":9,"column":2},"end":{"line":9,"column":60}}},"fnMap":{"0":{"name":"randomKey","decl":{"start":{"line":7,"column":9},"end":{"line":7,"column":18}},"loc":{"start":{"line":7,"column":21},"end":{"line":10,"column":1}}}},"branchMap":{},"s":{"0":11},"f":{"0":11},"b":{},"_coverageSchema":"332fd63041d2c1bcb487cc26dd0d5f7d97098a6c","hash":"e9abda562250aa4f61ef4517a7ea76082a605ddc"}
,"/Users/jkalis/Pro/QL/WebCore/luxui/lux-core/src/react/responseModel.propType.js": {"path":"/Users/jkalis/Pro/QL/WebCore/luxui/lux-core/src/react/responseModel.propType.js","statementMap":{"0":{"start":{"line":5,"column":14},"end":{"line":19,"column":1}}},"fnMap":{},"branchMap":{},"s":{"0":4},"f":{},"b":{},"_coverageSchema":"332fd63041d2c1bcb487cc26dd0d5f7d97098a6c","hash":"ece4e8a7c380ba752bbef1460e094b0d898ac0d8"}
,"/Users/jkalis/Pro/QL/WebCore/luxui/lux-core/src/react/siren.propType.js": {"path":"/Users/jkalis/Pro/QL/WebCore/luxui/lux-core/src/react/siren.propType.js","statementMap":{"0":{"start":{"line":3,"column":14},"end":{"line":35,"column":1}},"1":{"start":{"line":39,"column":0},"end":{"line":47,"column":3}},"2":{"start":{"line":50,"column":14},"end":{"line":57,"column":1}}},"fnMap":{},"branchMap":{},"s":{"0":11,"1":11,"2":11},"f":{},"b":{},"_coverageSchema":"332fd63041d2c1bcb487cc26dd0d5f7d97098a6c","hash":"689a07eb292eca294fe8549d665ce505e499e284"}
,"/Users/jkalis/Pro/QL/WebCore/luxui/lux-core/src/react/form/index.js": {"path":"/Users/jkalis/Pro/QL/WebCore/luxui/lux-core/src/react/form/index.js","statementMap":{"0":{"start":{"line":10,"column":16},"end":{"line":10,"column":38}},"1":{"start":{"line":12,"column":2},"end":{"line":21,"column":4}},"2":{"start":{"line":17,"column":41},"end":{"line":17,"column":72}},"3":{"start":{"line":23,"column":0},"end":{"line":34,"column":2}},"4":{"start":{"line":36,"column":0},"end":{"line":36,"column":39}}},"fnMap":{"0":{"name":"FormComponent","decl":{"start":{"line":9,"column":9},"end":{"line":9,"column":22}},"loc":{"start":{"line":9,"column":30},"end":{"line":22,"column":1}}},"1":{"name":"(anonymous_1)","decl":{"start":{"line":17,"column":24},"end":{"line":17,"column":25}},"loc":{"start":{"line":17,"column":41},"end":{"line":17,"column":72}}}},"branchMap":{},"s":{"0":0,"1":0,"2":0,"3":5,"4":5},"f":{"0":0,"1":0},"b":{},"_coverageSchema":"332fd63041d2c1bcb487cc26dd0d5f7d97098a6c","hash":"2912ed252ef7b83dd201b4b38e85760bc35f898a"}
,"/Users/jkalis/Pro/QL/WebCore/luxui/lux-core/src/react/form/field/index.js": {"path":"/Users/jkalis/Pro/QL/WebCore/luxui/lux-core/src/react/form/field/index.js","statementMap":{"0":{"start":{"line":33,"column":16},"end":{"line":33,"column":45}},"1":{"start":{"line":35,"column":2},"end":{"line":35,"column":32}},"2":{"start":{"line":37,"column":0},"end":{"line":39,"column":2}},"3":{"start":{"line":41,"column":0},"end":{"line":41,"column":50}}},"fnMap":{"0":{"name":"FormFieldComponent","decl":{"start":{"line":31,"column":9},"end":{"line":31,"column":27}},"loc":{"start":{"line":31,"column":35},"end":{"line":36,"column":1}}}},"branchMap":{},"s":{"0":3,"1":3,"2":6,"3":6},"f":{"0":3},"b":{},"_coverageSchema":"332fd63041d2c1bcb487cc26dd0d5f7d97098a6c","hash":"94f9d4dbfca8f0548da00e02265f2d38a79507bf"}
,"/Users/jkalis/Pro/QL/WebCore/luxui/lux-core/src/react/form/field/wrapper.js": {"path":"/Users/jkalis/Pro/QL/WebCore/luxui/lux-core/src/react/form/field/wrapper.js","statementMap":{"0":{"start":{"line":6,"column":16},"end":{"line":9,"column":3}},"1":{"start":{"line":11,"column":2},"end":{"line":13,"column":3}},"2":{"start":{"line":12,"column":4},"end":{"line":12,"column":30}},"3":{"start":{"line":15,"column":2},"end":{"line":19,"column":4}},"4":{"start":{"line":21,"column":0},"end":{"line":29,"column":2}},"5":{"start":{"line":31,"column":0},"end":{"line":31,"column":64}}},"fnMap":{"0":{"name":"FormFieldWrapperComponent","decl":{"start":{"line":5,"column":9},"end":{"line":5,"column":34}},"loc":{"start":{"line":5,"column":42},"end":{"line":20,"column":1}}}},"branchMap":{"0":{"loc":{"start":{"line":7,"column":29},"end":{"line":7,"column":50}},"type":"binary-expr","locations":[{"start":{"line":7,"column":29},"end":{"line":7,"column":44}},{"start":{"line":7,"column":48},"end":{"line":7,"column":50}}]},"1":{"loc":{"start":{"line":11,"column":2},"end":{"line":13,"column":3}},"type":"if","locations":[{"start":{"line":11,"column":2},"end":{"line":13,"column":3}},{"start":{"line":11,"column":2},"end":{"line":13,"column":3}}]}},"s":{"0":7,"1":7,"2":3,"3":7,"4":10,"5":10},"f":{"0":7},"b":{"0":[7,6],"1":[3,4]},"_coverageSchema":"332fd63041d2c1bcb487cc26dd0d5f7d97098a6c","hash":"013065cb1f0c0432c88ef47b16bbccee947d4484"}
,"/Users/jkalis/Pro/QL/WebCore/luxui/lux-core/src/react/form/field/types/default.js": {"path":"/Users/jkalis/Pro/QL/WebCore/luxui/lux-core/src/react/form/field/types/default.js","statementMap":{"0":{"start":{"line":8,"column":18},"end":{"line":8,"column":47}},"1":{"start":{"line":9,"column":46},"end":{"line":9,"column":51}},"2":{"start":{"line":10,"column":16},"end":{"line":14,"column":3}},"3":{"start":{"line":16,"column":2},"end":{"line":21,"column":4}},"4":{"start":{"line":23,"column":0},"end":{"line":28,"column":2}},"5":{"start":{"line":30,"column":0},"end":{"line":30,"column":61}}},"fnMap":{"0":{"name":"defaultFieldComponent","decl":{"start":{"line":7,"column":9},"end":{"line":7,"column":30}},"loc":{"start":{"line":7,"column":38},"end":{"line":22,"column":1}}}},"branchMap":{"0":{"loc":{"start":{"line":9,"column":23},"end":{"line":9,"column":41}},"type":"default-arg","locations":[{"start":{"line":9,"column":31},"end":{"line":9,"column":41}}]}},"s":{"0":2,"1":2,"2":2,"3":2,"4":9,"5":9},"f":{"0":2},"b":{"0":[1]},"_coverageSchema":"332fd63041d2c1bcb487cc26dd0d5f7d97098a6c","hash":"11dc7d4dbd82dc8c93a73d0694e29cd2550d07b8"}
,"/Users/jkalis/Pro/QL/WebCore/luxui/lux-core/src/react/form/field/types/index.js": {"path":"/Users/jkalis/Pro/QL/WebCore/luxui/lux-core/src/react/form/field/types/index.js","statementMap":{"0":{"start":{"line":5,"column":14},"end":{"line":5,"column":16}},"1":{"start":{"line":8,"column":2},"end":{"line":11,"column":3}},"2":{"start":{"line":10,"column":4},"end":{"line":10,"column":87}},"3":{"start":{"line":13,"column":2},"end":{"line":16,"column":3}},"4":{"start":{"line":15,"column":4},"end":{"line":15,"column":81}},"5":{"start":{"line":18,"column":2},"end":{"line":18,"column":19}},"6":{"start":{"line":23,"column":2},"end":{"line":23,"column":45}}},"fnMap":{"0":{"name":"addType","decl":{"start":{"line":7,"column":9},"end":{"line":7,"column":16}},"loc":{"start":{"line":7,"column":27},"end":{"line":19,"column":1}}},"1":{"name":"getType","decl":{"start":{"line":21,"column":9},"end":{"line":21,"column":16}},"loc":{"start":{"line":21,"column":23},"end":{"line":24,"column":1}}}},"branchMap":{"0":{"loc":{"start":{"line":8,"column":2},"end":{"line":11,"column":3}},"type":"if","locations":[{"start":{"line":8,"column":2},"end":{"line":11,"column":3}},{"start":{"line":8,"column":2},"end":{"line":11,"column":3}}]},"1":{"loc":{"start":{"line":13,"column":2},"end":{"line":16,"column":3}},"type":"if","locations":[{"start":{"line":13,"column":2},"end":{"line":16,"column":3}},{"start":{"line":13,"column":2},"end":{"line":16,"column":3}}]},"2":{"loc":{"start":{"line":23,"column":9},"end":{"line":23,"column":44}},"type":"binary-expr","locations":[{"start":{"line":23,"column":9},"end":{"line":23,"column":20}},{"start":{"line":23,"column":24},"end":{"line":23,"column":44}}]}},"s":{"0":8,"1":12,"2":1,"3":11,"4":1,"5":10,"6":5},"f":{"0":12,"1":5},"b":{"0":[1,11],"1":[1,10],"2":[5,2]},"_coverageSchema":"332fd63041d2c1bcb487cc26dd0d5f7d97098a6c","hash":"e784083e4f46a81dec6e589d4d4b10dcc2d3de4a"}
,"/Users/jkalis/Pro/QL/WebCore/luxui/lux-core/src/react/form/field/types/text.js": {"path":"/Users/jkalis/Pro/QL/WebCore/luxui/lux-core/src/react/form/field/types/text.js","statementMap":{"0":{"start":{"line":10,"column":18},"end":{"line":10,"column":47}},"1":{"start":{"line":11,"column":33},"end":{"line":11,"column":38}},"2":{"start":{"line":13,"column":21},"end":{"line":23,"column":3}},"3":{"start":{"line":18,"column":6},"end":{"line":21,"column":9}},"4":{"start":{"line":25,"column":2},"end":{"line":30,"column":4}},"5":{"start":{"line":32,"column":0},"end":{"line":35,"column":2}},"6":{"start":{"line":36,"column":0},"end":{"line":41,"column":2}},"7":{"start":{"line":43,"column":13},"end":{"line":43,"column":30}},"8":{"start":{"line":45,"column":0},"end":{"line":45,"column":22}},"9":{"start":{"line":46,"column":0},"end":{"line":46,"column":42}}},"fnMap":{"0":{"name":"textFieldComponent","decl":{"start":{"line":9,"column":9},"end":{"line":9,"column":27}},"loc":{"start":{"line":9,"column":44},"end":{"line":31,"column":1}}},"1":{"name":"(anonymous_1)","decl":{"start":{"line":17,"column":14},"end":{"line":17,"column":15}},"loc":{"start":{"line":17,"column":25},"end":{"line":22,"column":5}}}},"branchMap":{},"s":{"0":2,"1":2,"2":2,"3":1,"4":2,"5":7,"6":7,"7":7,"8":7,"9":7},"f":{"0":2,"1":1},"b":{},"_coverageSchema":"332fd63041d2c1bcb487cc26dd0d5f7d97098a6c","hash":"fc07b8b75e01bb9634d3faaa4899ea10486ea9d4"}
,"/Users/jkalis/Pro/QL/WebCore/luxui/lux-core/src/react/layout/auth.js": {"path":"/Users/jkalis/Pro/QL/WebCore/luxui/lux-core/src/react/layout/auth.js","statementMap":{"0":{"start":{"line":16,"column":15},"end":{"line":16,"column":23}},"1":{"start":{"line":18,"column":0},"end":{"line":23,"column":3}},"2":{"start":{"line":20,"column":2},"end":{"line":22,"column":3}},"3":{"start":{"line":21,"column":4},"end":{"line":21,"column":36}},"4":{"start":{"line":26,"column":21},"end":{"line":27,"column":69}},"5":{"start":{"line":27,"column":22},"end":{"line":27,"column":65}},"6":{"start":{"line":29,"column":2},"end":{"line":32,"column":3}},"7":{"start":{"line":31,"column":4},"end":{"line":31,"column":26}},"8":{"start":{"line":34,"column":16},"end":{"line":41,"column":3}},"9":{"start":{"line":38,"column":16},"end":{"line":38,"column":56}},"10":{"start":{"line":39,"column":16},"end":{"line":39,"column":31}},"11":{"start":{"line":43,"column":2},"end":{"line":43,"column":49}},"12":{"start":{"line":45,"column":0},"end":{"line":47,"column":2}},"13":{"start":{"line":49,"column":0},"end":{"line":49,"column":39}}},"fnMap":{"0":{"name":"(anonymous_0)","decl":{"start":{"line":18,"column":7},"end":{"line":18,"column":8}},"loc":{"start":{"line":18,"column":20},"end":{"line":23,"column":1}}},"1":{"name":"authComponent","decl":{"start":{"line":25,"column":9},"end":{"line":25,"column":22}},"loc":{"start":{"line":25,"column":30},"end":{"line":44,"column":1}}},"2":{"name":"(anonymous_2)","decl":{"start":{"line":27,"column":12},"end":{"line":27,"column":13}},"loc":{"start":{"line":27,"column":22},"end":{"line":27,"column":65}}},"3":{"name":"(anonymous_3)","decl":{"start":{"line":38,"column":8},"end":{"line":38,"column":9}},"loc":{"start":{"line":38,"column":14},"end":{"line":38,"column":58}}},"4":{"name":"(anonymous_4)","decl":{"start":{"line":39,"column":8},"end":{"line":39,"column":9}},"loc":{"start":{"line":39,"column":14},"end":{"line":39,"column":33}}}},"branchMap":{"0":{"loc":{"start":{"line":20,"column":2},"end":{"line":22,"column":3}},"type":"if","locations":[{"start":{"line":20,"column":2},"end":{"line":22,"column":3}}]},"1":{"loc":{"start":{"line":26,"column":22},"end":{"line":26,"column":41}},"type":"binary-expr","locations":[{"start":{"line":26,"column":22},"end":{"line":26,"column":35}},{"start":{"line":26,"column":39},"end":{"line":26,"column":41}}]},"2":{"loc":{"start":{"line":29,"column":2},"end":{"line":32,"column":3}},"type":"if","locations":[{"start":{"line":29,"column":2},"end":{"line":32,"column":3}},{"start":{"line":29,"column":2},"end":{"line":32,"column":3}}]},"3":{"loc":{"start":{"line":37,"column":14},"end":{"line":39,"column":33}},"type":"cond-expr","locations":[{"start":{"line":38,"column":8},"end":{"line":38,"column":58}},{"start":{"line":39,"column":8},"end":{"line":39,"column":33}}]}},"s":{"0":4,"1":4,"2":1,"3":1,"4":9,"5":3,"6":9,"7":6,"8":3,"9":1,"10":1,"11":3,"12":4,"13":4},"f":{"0":1,"1":9,"2":3,"3":1,"4":1},"b":{"0":[1],"1":[9,6],"2":[6,3],"3":[2,1]},"_coverageSchema":"332fd63041d2c1bcb487cc26dd0d5f7d97098a6c","hash":"df3c12b395c87afb09ecc571801be9bc789a4fed"}
,"/Users/jkalis/Pro/QL/WebCore/luxui/lux-core/src/react/layout/footer.js": {"path":"/Users/jkalis/Pro/QL/WebCore/luxui/lux-core/src/react/layout/footer.js","statementMap":{"0":{"start":{"line":12,"column":2},"end":{"line":21,"column":4}},"1":{"start":{"line":23,"column":0},"end":{"line":24,"column":2}},"2":{"start":{"line":26,"column":0},"end":{"line":26,"column":43}}},"fnMap":{"0":{"name":"footerComponent","decl":{"start":{"line":10,"column":9},"end":{"line":10,"column":24}},"loc":{"start":{"line":10,"column":27},"end":{"line":22,"column":1}}}},"branchMap":{},"s":{"0":4,"1":3,"2":3},"f":{"0":4},"b":{},"_coverageSchema":"332fd63041d2c1bcb487cc26dd0d5f7d97098a6c","hash":"91e13b46bd7613825de062f87da47c05e80607ca"}
,"/Users/jkalis/Pro/QL/WebCore/luxui/lux-core/src/react/layout/header.js": {"path":"/Users/jkalis/Pro/QL/WebCore/luxui/lux-core/src/react/layout/header.js","statementMap":{"0":{"start":{"line":43,"column":19},"end":{"line":44,"column":52}},"1":{"start":{"line":44,"column":17},"end":{"line":44,"column":42}},"2":{"start":{"line":46,"column":23},"end":{"line":50,"column":3}},"3":{"start":{"line":52,"column":26},"end":{"line":52,"column":38}},"4":{"start":{"line":54,"column":15},"end":{"line":54,"column":31}},"5":{"start":{"line":55,"column":21},"end":{"line":55,"column":43}},"6":{"start":{"line":57,"column":2},"end":{"line":65,"column":4}},"7":{"start":{"line":67,"column":0},"end":{"line":69,"column":2}},"8":{"start":{"line":71,"column":0},"end":{"line":71,"column":43}}},"fnMap":{"0":{"name":"headerComponent","decl":{"start":{"line":42,"column":9},"end":{"line":42,"column":24}},"loc":{"start":{"line":42,"column":32},"end":{"line":66,"column":1}}},"1":{"name":"(anonymous_1)","decl":{"start":{"line":44,"column":12},"end":{"line":44,"column":13}},"loc":{"start":{"line":44,"column":17},"end":{"line":44,"column":42}}}},"branchMap":{"0":{"loc":{"start":{"line":43,"column":19},"end":{"line":44,"column":52}},"type":"binary-expr","locations":[{"start":{"line":43,"column":19},"end":{"line":44,"column":46}},{"start":{"line":44,"column":50},"end":{"line":44,"column":52}}]},"1":{"loc":{"start":{"line":43,"column":20},"end":{"line":43,"column":37}},"type":"binary-expr","locations":[{"start":{"line":43,"column":20},"end":{"line":43,"column":31}},{"start":{"line":43,"column":35},"end":{"line":43,"column":37}}]},"2":{"loc":{"start":{"line":47,"column":10},"end":{"line":47,"column":30}},"type":"binary-expr","locations":[{"start":{"line":47,"column":10},"end":{"line":47,"column":23}},{"start":{"line":47,"column":27},"end":{"line":47,"column":30}}]},"3":{"loc":{"start":{"line":49,"column":11},"end":{"line":49,"column":35}},"type":"binary-expr","locations":[{"start":{"line":49,"column":11},"end":{"line":49,"column":25}},{"start":{"line":49,"column":29},"end":{"line":49,"column":35}}]},"4":{"loc":{"start":{"line":61,"column":25},"end":{"line":61,"column":54}},"type":"binary-expr","locations":[{"start":{"line":61,"column":25},"end":{"line":61,"column":36}},{"start":{"line":61,"column":40},"end":{"line":61,"column":54}}]},"5":{"loc":{"start":{"line":63,"column":19},"end":{"line":63,"column":36}},"type":"binary-expr","locations":[{"start":{"line":63,"column":19},"end":{"line":63,"column":30}},{"start":{"line":63,"column":34},"end":{"line":63,"column":36}}]}},"s":{"0":5,"1":1,"2":5,"3":5,"4":5,"5":5,"6":5,"7":3,"8":3},"f":{"0":5,"1":1},"b":{"0":[5,4],"1":[5,3],"2":[5,4],"3":[5,4],"4":[5,3],"5":[5,3]},"_coverageSchema":"332fd63041d2c1bcb487cc26dd0d5f7d97098a6c","hash":"e73914ee3ca04c7938c114f220aa7615ce671fdd"}
[...]
,"/Users/jkalis/Pro/QL/WebCore/luxui/lux-core/src/react/layout/navigation.js": {"path":"/Users/jkalis/Pro/QL/WebCore/luxui/lux-core/src/react/layout/navigation.js","statementMap":{"0":{"start":{"line":14,"column":2},"end":{"line":32,"column":3}},"1":{"start":{"line":15,"column":22},"end":{"line":15,"column":65}},"2":{"start":{"line":17,"column":22},"end":{"line":21,"column":5}},"3":{"start":{"line":23,"column":22},"end":{"line":26,"column":5}},"4":{"start":{"line":28,"column":4},"end":{"line":31,"column":6}},"5":{"start":{"line":34,"column":2},"end":{"line":34,"column":13}},"6":{"start":{"line":48,"column":2},"end":{"line":54,"column":4}},"7":{"start":{"line":56,"column":0},"end":{"line":62,"column":2}},"8":{"start":{"line":64,"column":0},"end":{"line":64,"column":51}}},"fnMap":{"0":{"name":"linksReduce","decl":{"start":{"line":13,"column":9},"end":{"line":13,"column":20}},"loc":{"start":{"line":13,"column":32},"end":{"line":35,"column":1}}},"1":{"name":"navigationComponent","decl":{"start":{"line":46,"column":9},"end":{"line":46,"column":28}},"loc":{"start":{"line":46,"column":36},"end":{"line":55,"column":1}}}},"branchMap":{"0":{"loc":{"start":{"line":14,"column":2},"end":{"line":32,"column":3}},"type":"if","locations":[{"start":{"line":14,"column":2},"end":{"line":32,"column":3}},{"start":{"line":14,"column":2},"end":{"line":32,"column":3}}]},"1":{"loc":{"start":{"line":15,"column":22},"end":{"line":15,"column":65}},"type":"cond-expr","locations":[{"start":{"line":15,"column":52},"end":{"line":15,"column":60}},{"start":{"line":15,"column":63},"end":{"line":15,"column":65}}]}},"s":{"0":7,"1":5,"2":5,"3":5,"4":5,"5":2,"6":6,"7":4,"8":4},"f":{"0":7,"1":6},"b":{"0":[5,2],"1":[1,4]},"_coverageSchema":"332fd63041d2c1bcb487cc26dd0d5f7d97098a6c","hash":"7b735308daa73c41c041a3d85895c4a6cf77dd93"}
,"/Users/jkalis/Pro/QL/WebCore/luxui/lux-core/src/react/rest/collection/createButton.js": {"path":"/Users/jkalis/Pro/QL/WebCore/luxui/lux-core/src/react/rest/collection/createButton.js","statementMap":{"0":{"start":{"line":13,"column":2},"end":{"line":16,"column":3}},"1":{"start":{"line":15,"column":4},"end":{"line":15,"column":26}},"2":{"start":{"line":18,"column":2},"end":{"line":18,"column":77}},"3":{"start":{"line":20,"column":0},"end":{"line":23,"column":2}},"4":{"start":{"line":25,"column":0},"end":{"line":25,"column":76}}},"fnMap":{"0":{"name":"RestCollectionCreateButton","decl":{"start":{"line":12,"column":9},"end":{"line":12,"column":35}},"loc":{"start":{"line":12,"column":53},"end":{"line":19,"column":1}}}},"branchMap":{"0":{"loc":{"start":{"line":13,"column":2},"end":{"line":16,"column":3}},"type":"if","locations":[{"start":{"line":13,"column":2},"end":{"line":16,"column":3}},{"start":{"line":13,"column":2},"end":{"line":16,"column":3}}]},"1":{"loc":{"start":{"line":13,"column":6},"end":{"line":13,"column":21}},"type":"binary-expr","locations":[{"start":{"line":13,"column":6},"end":{"line":13,"column":11}},{"start":{"line":13,"column":15},"end":{"line":13,"column":21}}]}},"s":{"0":4,"1":2,"2":2,"3":5,"4":5},"f":{"0":4},"b":{"0":[2,2],"1":[4,2]},"_coverageSchema":"332fd63041d2c1bcb487cc26dd0d5f7d97098a6c","hash":"2f5e656b9ce574fc2692093d7517d2fdf4caf788"}
,"/Users/jkalis/Pro/QL/WebCore/luxui/lux-core/src/react/rest/collection/index.js": {"path":"/Users/jkalis/Pro/QL/WebCore/luxui/lux-core/src/react/rest/collection/index.js","statementMap":{"0":{"start":{"line":18,"column":21},"end":{"line":18,"column":61}},"1":{"start":{"line":19,"column":15},"end":{"line":19,"column":49}},"2":{"start":{"line":20,"column":27},"end":{"line":20,"column":59}},"3":{"start":{"line":24,"column":2},"end":{"line":37,"column":11}},"4":{"start":{"line":27,"column":6},"end":{"line":34,"column":7}},"5":{"start":{"line":28,"column":21},"end":{"line":31,"column":9}},"6":{"start":{"line":33,"column":8},"end":{"line":33,"column":63}},"7":{"start":{"line":36,"column":6},"end":{"line":36,"column":17}},"8":{"start":{"line":41,"column":15},"end":{"line":42,"column":51}},"9":{"start":{"line":42,"column":20},"end":{"line":42,"column":47}},"10":{"start":{"line":44,"column":2},"end":{"line":46,"column":3}},"11":{"start":{"line":45,"column":4},"end":{"line":45,"column":69}},"12":{"start":{"line":48,"column":2},"end":{"line":58,"column":4}},"13":{"start":{"line":60,"column":0},"end":{"line":62,"column":2}},"14":{"start":{"line":64,"column":0},"end":{"line":64,"column":60}}},"fnMap":{"0":{"name":"createLinks","decl":{"start":{"line":22,"column":9},"end":{"line":22,"column":20}},"loc":{"start":{"line":22,"column":28},"end":{"line":38,"column":1}}},"1":{"name":"(anonymous_1)","decl":{"start":{"line":25,"column":12},"end":{"line":25,"column":13}},"loc":{"start":{"line":25,"column":29},"end":{"line":37,"column":5}}},"2":{"name":"restCollectionComponent","decl":{"start":{"line":40,"column":9},"end":{"line":40,"column":32}},"loc":{"start":{"line":40,"column":40},"end":{"line":59,"column":1}}},"3":{"name":"(anonymous_3)","decl":{"start":{"line":42,"column":12},"end":{"line":42,"column":13}},"loc":{"start":{"line":42,"column":20},"end":{"line":42,"column":47}}}},"branchMap":{"0":{"loc":{"start":{"line":27,"column":6},"end":{"line":34,"column":7}},"type":"if","locations":[{"start":{"line":27,"column":6},"end":{"line":34,"column":7}}]},"1":{"loc":{"start":{"line":44,"column":2},"end":{"line":46,"column":3}},"type":"if","locations":[{"start":{"line":44,"column":2},"end":{"line":46,"column":3}},{"start":{"line":44,"column":2},"end":{"line":46,"column":3}}]},"2":{"loc":{"start":{"line":52,"column":19},"end":{"line":52,"column":38}},"type":"binary-expr","locations":[{"start":{"line":52,"column":19},"end":{"line":52,"column":32}},{"start":{"line":52,"column":36},"end":{"line":52,"column":38}}]}},"s":{"0":4,"1":4,"2":4,"3":2,"4":1,"5":1,"6":1,"7":1,"8":3,"9":2,"10":3,"11":1,"12":2,"13":4,"14":4},"f":{"0":2,"1":1,"2":3,"3":2},"b":{"0":[1],"1":[1,2],"2":[2,1]},"_coverageSchema":"332fd63041d2c1bcb487cc26dd0d5f7d97098a6c","hash":"f2f06c3e37851b38aaeba94c2fa2941e53aee3fe"}
,"/Users/jkalis/Pro/QL/WebCore/luxui/lux-core/src/react/rest/collection/item.js": {"path":"/Users/jkalis/Pro/QL/WebCore/luxui/lux-core/src/react/rest/collection/item.js","statementMap":{"0":{"start":{"line":12,"column":14},"end":{"line":12,"column":57}},"1":{"start":{"line":15,"column":2},"end":{"line":17,"column":3}},"2":{"start":{"line":16,"column":4},"end":{"line":16,"column":75}},"3":{"start":{"line":19,"column":2},"end":{"line":21,"column":36}},"4":{"start":{"line":23,"column":0},"end":{"line":26,"column":2}},"5":{"start":{"line":28,"column":0},"end":{"line":28,"column":69}}},"fnMap":{"0":{"name":"RestCollectionListItem","decl":{"start":{"line":14,"column":9},"end":{"line":14,"column":31}},"loc":{"start":{"line":14,"column":49},"end":{"line":22,"column":1}}}},"branchMap":{"0":{"loc":{"start":{"line":15,"column":2},"end":{"line":17,"column":3}},"type":"if","locations":[{"start":{"line":15,"column":2},"end":{"line":17,"column":3}},{"start":{"line":15,"column":2},"end":{"line":17,"column":3}}]},"1":{"loc":{"start":{"line":19,"column":9},"end":{"line":21,"column":35}},"type":"cond-expr","locations":[{"start":{"line":20,"column":7},"end":{"line":20,"column":60}},{"start":{"line":21,"column":7},"end":{"line":21,"column":34}}]}},"s":{"0":6,"1":7,"2":1,"3":6,"4":6,"5":6},"f":{"0":7},"b":{"0":[1,6],"1":[3,3]},"_coverageSchema":"332fd63041d2c1bcb487cc26dd0d5f7d97098a6c","hash":"d8c23241953524b4f72c0a087db4bb6975cb8f99"}
,"/Users/jkalis/Pro/QL/WebCore/luxui/lux-core/src/react/rest/collection/list.js": {"path":"/Users/jkalis/Pro/QL/WebCore/luxui/lux-core/src/react/rest/collection/list.js","statementMap":{"0":{"start":{"line":15,"column":31},"end":{"line":15,"column":68}},"1":{"start":{"line":19,"column":2},"end":{"line":22,"column":3}},"2":{"start":{"line":21,"column":4},"end":{"line":21,"column":51}},"3":{"start":{"line":24,"column":2},"end":{"line":32,"column":4}},"4":{"start":{"line":27,"column":8},"end":{"line":29,"column":13}},"5":{"start":{"line":34,"column":0},"end":{"line":37,"column":2}},"6":{"start":{"line":39,"column":0},"end":{"line":39,"column":60}}},"fnMap":{"0":{"name":"RestCollectionList","decl":{"start":{"line":17,"column":9},"end":{"line":17,"column":27}},"loc":{"start":{"line":17,"column":35},"end":{"line":33,"column":1}}},"1":{"name":"(anonymous_1)","decl":{"start":{"line":26,"column":26},"end":{"line":26,"column":27}},"loc":{"start":{"line":27,"column":8},"end":{"line":29,"column":13}}}},"branchMap":{"0":{"loc":{"start":{"line":19,"column":2},"end":{"line":22,"column":3}},"type":"if","locations":[{"start":{"line":19,"column":2},"end":{"line":22,"column":3}}]},"1":{"loc":{"start":{"line":19,"column":6},"end":{"line":19,"column":47}},"type":"binary-expr","locations":[{"start":{"line":19,"column":6},"end":{"line":19,"column":21}},{"start":{"line":19,"column":25},"end":{"line":19,"column":47}}]}},"s":{"0":5,"1":7,"2":5,"3":2,"4":4,"5":5,"6":5},"f":{"0":7,"1":4},"b":{"0":[5],"1":[7,5]},"_coverageSchema":"332fd63041d2c1bcb487cc26dd0d5f7d97098a6c","hash":"ec0d2d4f4aa3efe81e35520419dada1bc0c69dab"}
,"/Users/jkalis/Pro/QL/WebCore/luxui/lux-core/src/react/rest/collection/paging.js": {"path":"/Users/jkalis/Pro/QL/WebCore/luxui/lux-core/src/react/rest/collection/paging.js","statementMap":{"0":{"start":{"line":16,"column":2},"end":{"line":18,"column":3}},"1":{"start":{"line":17,"column":4},"end":{"line":17,"column":64}},"2":{"start":{"line":20,"column":22},"end":{"line":20,"column":24}},"3":{"start":{"line":22,"column":24},"end":{"line":23,"column":77}},"4":{"start":{"line":22,"column":50},"end":{"line":23,"column":77}},"5":{"start":{"line":25,"column":2},"end":{"line":46,"column":7}},"6":{"start":{"line":27,"column":6},"end":{"line":29,"column":7}},"7":{"start":{"line":28,"column":8},"end":{"line":28,"column":37}},"8":{"start":{"line":31,"column":6},"end":{"line":33,"column":7}},"9":{"start":{"line":32,"column":8},"end":{"line":32,"column":36}},"10":{"start":{"line":35,"column":6},"end":{"line":37,"column":7}},"11":{"start":{"line":36,"column":8},"end":{"line":36,"column":39}},"12":{"start":{"line":39,"column":6},"end":{"line":41,"column":7}},"13":{"start":{"line":40,"column":8},"end":{"line":40,"column":36}},"14":{"start":{"line":43,"column":6},"end":{"line":45,"column":7}},"15":{"start":{"line":44,"column":8},"end":{"line":44,"column":36}},"16":{"start":{"line":48,"column":2},"end":{"line":56,"column":21}},"17":{"start":{"line":53,"column":23},"end":{"line":53,"column":87}},"18":{"start":{"line":58,"column":0},"end":{"line":60,"column":2}},"19":{"start":{"line":62,"column":0},"end":{"line":62,"column":59}}},"fnMap":{"0":{"name":"pagingComponent","decl":{"start":{"line":15,"column":9},"end":{"line":15,"column":24}},"loc":{"start":{"line":15,"column":32},"end":{"line":57,"column":1}}},"1":{"name":"(anonymous_1)","decl":{"start":{"line":22,"column":24},"end":{"line":22,"column":25}},"loc":{"start":{"line":22,"column":50},"end":{"line":23,"column":77}}},"2":{"name":"(anonymous_2)","decl":{"start":{"line":26,"column":13},"end":{"line":26,"column":14}},"loc":{"start":{"line":26,"column":23},"end":{"line":46,"column":5}}},"3":{"name":"(anonymous_3)","decl":{"start":{"line":53,"column":15},"end":{"line":53,"column":16}},"loc":{"start":{"line":53,"column":23},"end":{"line":53,"column":87}}}},"branchMap":{"0":{"loc":{"start":{"line":16,"column":2},"end":{"line":18,"column":3}},"type":"if","locations":[{"start":{"line":16,"column":2},"end":{"line":18,"column":3}},{"start":{"line":16,"column":2},"end":{"line":18,"column":3}}]},"1":{"loc":{"start":{"line":27,"column":6},"end":{"line":29,"column":7}},"type":"if","locations":[{"start":{"line":27,"column":6},"end":{"line":29,"column":7}},{"start":{"line":27,"column":6},"end":{"line":29,"column":7}}]},"2":{"loc":{"start":{"line":31,"column":6},"end":{"line":33,"column":7}},"type":"if","locations":[{"start":{"line":31,"column":6},"end":{"line":33,"column":7}},{"start":{"line":31,"column":6},"end":{"line":33,"column":7}}]},"3":{"loc":{"start":{"line":35,"column":6},"end":{"line":37,"column":7}},"type":"if","locations":[{"start":{"line":35,"column":6},"end":{"line":37,"column":7}},{"start":{"line":35,"column":6},"end":{"line":37,"column":7}}]},"4":{"loc":{"start":{"line":39,"column":6},"end":{"line":41,"column":7}},"type":"if","locations":[{"start":{"line":39,"column":6},"end":{"line":41,"column":7}},{"start":{"line":39,"column":6},"end":{"line":41,"column":7}}]},"5":{"loc":{"start":{"line":43,"column":6},"end":{"line":45,"column":7}},"type":"if","locations":[{"start":{"line":43,"column":6},"end":{"line":45,"column":7}},{"start":{"line":43,"column":6},"end":{"line":45,"column":7}}]},"6":{"loc":{"start":{"line":48,"column":9},"end":{"line":56,"column":20}},"type":"cond-expr","locations":[{"start":{"line":50,"column":6},"end":{"line":54,"column":11}},{"start":{"line":56,"column":7},"end":{"line":56,"column":19}}]}},"s":{"0":9,"1":1,"2":8,"3":8,"4":5,"5":8,"6":13,"7":1,"8":13,"9":1,"10":13,"11":1,"12":13,"13":1,"14":13,"15":1,"16":8,"17":5,"18":5,"19":5},"f":{"0":9,"1":5,"2":13,"3":5},"b":{"0":[1,8],"1":[1,12],"2":[1,12],"3":[1,12],"4":[1,12],"5":[1,12],"6":[5,3]},"_coverageSchema":"332fd63041d2c1bcb487cc26dd0d5f7d97098a6c","hash":"872415c032fe8d13d7cbd02674daf8b133f69e43"}
,"/Users/jkalis/Pro/QL/WebCore/luxui/lux-core/src/react/rest/item/formModel.js": {"path":"/Users/jkalis/Pro/QL/WebCore/luxui/lux-core/src/react/rest/item/formModel.js","statementMap":{"0":{"start":{"line":12,"column":2},"end":{"line":12,"column":57}},"1":{"start":{"line":17,"column":16},"end":{"line":17,"column":76}},"2":{"start":{"line":20,"column":2},"end":{"line":22,"column":3}},"3":{"start":{"line":21,"column":4},"end":{"line":21,"column":24}},"4":{"start":{"line":24,"column":2},"end":{"line":24,"column":13}},"5":{"start":{"line":28,"column":2},"end":{"line":30,"column":3}},"6":{"start":{"line":29,"column":4},"end":{"line":29,"column":78}},"7":{"start":{"line":32,"column":18},"end":{"line":33,"column":34}},"8":{"start":{"line":35,"column":2},"end":{"line":37,"column":3}},"9":{"start":{"line":36,"column":4},"end":{"line":36,"column":79}},"10":{"start":{"line":39,"column":17},"end":{"line":39,"column":36}},"11":{"start":{"line":43,"column":2},"end":{"line":45,"column":3}},"12":{"start":{"line":44,"column":4},"end":{"line":44,"column":40}},"13":{"start":{"line":48,"column":23},"end":{"line":63,"column":10}},"14":{"start":{"line":51,"column":6},"end":{"line":60,"column":7}},"15":{"start":{"line":52,"column":8},"end":{"line":59,"column":13}},"16":{"start":{"line":54,"column":12},"end":{"line":58,"column":14}},"17":{"start":{"line":62,"column":6},"end":{"line":62,"column":17}},"18":{"start":{"line":65,"column":2},"end":{"line":72,"column":4}},"19":{"start":{"line":70,"column":21},"end":{"line":70,"column":67}}},"fnMap":{"0":{"name":"required","decl":{"start":{"line":11,"column":9},"end":{"line":11,"column":17}},"loc":{"start":{"line":11,"column":20},"end":{"line":13,"column":1}}},"1":{"name":"formActionsReduce","decl":{"start":{"line":15,"column":9},"end":{"line":15,"column":26}},"loc":{"start":{"line":15,"column":40},"end":{"line":25,"column":1}}},"2":{"name":"formModel","decl":{"start":{"line":27,"column":9},"end":{"line":27,"column":18}},"loc":{"start":{"line":27,"column":39},"end":{"line":73,"column":1}}},"3":{"name":"(anonymous_3)","decl":{"start":{"line":49,"column":12},"end":{"line":49,"column":13}},"loc":{"start":{"line":49,"column":26},"end":{"line":63,"column":5}}},"4":{"name":"(anonymous_4)","decl":{"start":{"line":53,"column":19},"end":{"line":53,"column":20}},"loc":{"start":{"line":53,"column":30},"end":{"line":59,"column":11}}},"5":{"name":"(anonymous_5)","decl":{"start":{"line":70,"column":11},"end":{"line":70,"column":12}},"loc":{"start":{"line":70,"column":21},"end":{"line":70,"column":67}}}},"branchMap":{"0":{"loc":{"start":{"line":17,"column":17},"end":{"line":17,"column":72}},"type":"binary-expr","locations":[{"start":{"line":17,"column":17},"end":{"line":17,"column":66}},{"start":{"line":17,"column":70},"end":{"line":17,"column":72}}]},"1":{"loc":{"start":{"line":20,"column":2},"end":{"line":22,"column":3}},"type":"if","locations":[{"start":{"line":20,"column":2},"end":{"line":22,"column":3}}]},"2":{"loc":{"start":{"line":27,"column":19},"end":{"line":27,"column":37}},"type":"default-arg","locations":[{"start":{"line":27,"column":27},"end":{"line":27,"column":37}}]},"3":{"loc":{"start":{"line":28,"column":2},"end":{"line":30,"column":3}},"type":"if","locations":[{"start":{"line":28,"column":2},"end":{"line":30,"column":3}},{"start":{"line":28,"column":2},"end":{"line":30,"column":3}}]},"4":{"loc":{"start":{"line":28,"column":6},"end":{"line":28,"column":47}},"type":"binary-expr","locations":[{"start":{"line":28,"column":6},"end":{"line":28,"column":20}},{"start":{"line":28,"column":24},"end":{"line":28,"column":47}}]},"5":{"loc":{"start":{"line":35,"column":2},"end":{"line":37,"column":3}},"type":"if","locations":[{"start":{"line":35,"column":2},"end":{"line":37,"column":3}},{"start":{"line":35,"column":2},"end":{"line":37,"column":3}}]},"6":{"loc":{"start":{"line":43,"column":2},"end":{"line":45,"column":3}},"type":"if","locations":[{"start":{"line":43,"column":2},"end":{"line":45,"column":3}},{"start":{"line":43,"column":2},"end":{"line":45,"column":3}}]},"7":{"loc":{"start":{"line":48,"column":24},"end":{"line":48,"column":44}},"type":"binary-expr","locations":[{"start":{"line":48,"column":24},"end":{"line":48,"column":38}},{"start":{"line":48,"column":42},"end":{"line":48,"column":44}}]},"8":{"loc":{"start":{"line":51,"column":6},"end":{"line":60,"column":7}},"type":"if","locations":[{"start":{"line":51,"column":6},"end":{"line":60,"column":7}}]},"9":{"loc":{"start":{"line":67,"column":16},"end":{"line":67,"column":75}},"type":"cond-expr","locations":[{"start":{"line":67,"column":47},"end":{"line":67,"column":49}},{"start":{"line":67,"column":52},"end":{"line":67,"column":75}}]}},"s":{"0":1,"1":5,"2":5,"3":4,"4":5,"5":6,"6":1,"7":5,"8":5,"9":1,"10":4,"11":4,"12":1,"13":3,"14":2,"15":2,"16":2,"17":2,"18":3,"19":3},"f":{"0":1,"1":5,"2":6,"3":2,"4":2,"5":3},"b":{"0":[5,1],"1":[4],"2":[1],"3":[1,5],"4":[6,5],"5":[1,4],"6":[1,3],"7":[3,1],"8":[2],"9":[1,2]},"_coverageSchema":"332fd63041d2c1bcb487cc26dd0d5f7d97098a6c","hash":"5d67a121b56ec0aa8156a4ba318f46c5c4d4f8bd"}
,"/Users/jkalis/Pro/QL/WebCore/luxui/lux-core/src/react/rest/item/index.js": {"path":"/Users/jkalis/Pro/QL/WebCore/luxui/lux-core/src/react/rest/item/index.js","statementMap":{"0":{"start":{"line":16,"column":15},"end":{"line":16,"column":31}},"1":{"start":{"line":18,"column":2},"end":{"line":18,"column":42}},"2":{"start":{"line":20,"column":0},"end":{"line":23,"column":2}},"3":{"start":{"line":25,"column":0},"end":{"line":25,"column":48}}},"fnMap":{"0":{"name":"restItemComponent","decl":{"start":{"line":15,"column":9},"end":{"line":15,"column":26}},"loc":{"start":{"line":15,"column":34},"end":{"line":19,"column":1}}}},"branchMap":{},"s":{"0":1,"1":1,"2":4,"3":4},"f":{"0":1},"b":{},"_coverageSchema":"332fd63041d2c1bcb487cc26dd0d5f7d97098a6c","hash":"422fb9df187350bce025c5e254897c0766ef7ad7"}
}
