TN:
SF:/Users/jkalis/Pro/QL/WebCore/luxui/lux-core/jest/setup.js
FNF:0
FNH:0
DA:1,39
LF:1
LH:1
BRF:0
BRH:0
end_of_record
TN:
SF:/Users/jkalis/Pro/QL/WebCore/luxui/lux-core/src/lib/apiRequest.js
FN:23,resolvedResponse
FN:24,format
FN:33,props
FN:86,apiRequest
FN:110,retryFactory
FN:111,retry
FN:124,(anonymous_6)
FNF:7
FNH:7
FNDA:6,resolvedResponse
FNDA:6,format
FNDA:48,props
FNDA:6,apiRequest
FNDA:6,retryFactory
FNDA:6,retry
FNDA:1,(anonymous_6)
DA:11,2
DA:26,6
DA:34,48
DA:36,48
DA:39,6
DA:87,6
DA:89,6
DA:91,6
DA:92,1
DA:96,6
DA:97,6
DA:100,6
DA:101,3
DA:104,6
DA:114,6
DA:120,6
DA:121,1
DA:123,1
DA:125,1
DA:127,1
DA:132,5
DA:135,6
LF:22
LH:22
BRDA:86,0,0,1
BRDA:86,1,0,3
BRDA:87,2,0,6
BRDA:87,2,1,3
BRDA:91,3,0,1
BRDA:91,3,1,5
BRDA:96,4,0,6
BRDA:100,5,0,3
BRDA:100,5,1,3
BRDA:114,6,0,6
BRDA:114,6,1,1
BRDA:120,7,0,1
BRDA:120,7,1,5
BRF:13
BRH:13
end_of_record
TN:
SF:/Users/jkalis/Pro/QL/WebCore/luxui/lux-core/src/lib/broker.js
FN:49,brokerFactory
FN:56,(anonymous_1)
FNF:2
FNH:2
FNDA:4,brokerFactory
FNDA:5,(anonymous_1)
DA:8,3
DA:50,4
DA:52,1
DA:55,3
DA:57,5
DA:60,10
DA:64,3
LF:7
LH:7
BRDA:49,0,0,2
BRDA:50,1,0,1
BRDA:50,1,1,3
BRF:3
BRH:3
end_of_record
TN:
SF:/Users/jkalis/Pro/QL/WebCore/luxui/lux-core/src/lib/componentRegistry.js
FN:33,componentRegistry
FNF:1
FNH:1
FNDA:276,componentRegistry
DA:8,20
DA:34,276
DA:35,3
DA:38,273
DA:39,1
DA:42,272
DA:43,1
DA:46,271
DA:48,271
DA:49,163
DA:52,271
LF:11
LH:11
BRDA:33,0,0,188
BRDA:34,1,0,3
BRDA:34,1,1,273
BRDA:34,2,0,276
BRDA:34,2,1,274
BRDA:38,3,0,1
BRDA:38,3,1,272
BRDA:38,4,0,273
BRDA:38,4,1,162
BRDA:42,5,0,1
BRDA:42,5,1,271
BRDA:46,6,0,172
BRDA:46,6,1,99
BRDA:48,7,0,163
BRDA:48,7,1,108
BRDA:48,8,0,271
BRDA:48,8,1,164
BRDA:52,9,0,271
BRDA:52,9,1,6
BRF:19
BRH:19
end_of_record
TN:
SF:/Users/jkalis/Pro/QL/WebCore/luxui/lux-core/src/lib/debounce.js
FN:48,debounce
FN:52,debounced
FNF:2
FNH:2
FNDA:4,debounce
FNDA:4,debounced
DA:49,4
DA:53,4
DA:54,1
DA:57,4
DA:60,4
LF:5
LH:5
BRDA:48,0,0,2
BRDA:48,1,0,1
BRDA:53,2,0,1
BRDA:53,2,1,3
BRF:4
BRH:4
end_of_record
TN:
SF:/Users/jkalis/Pro/QL/WebCore/luxui/lux-core/src/lib/flattenArray.js
FN:21,flattenArray
FN:27,(anonymous_1)
FNF:2
FNH:2
FNDA:4,flattenArray
FNDA:7,(anonymous_1)
DA:22,4
DA:23,1
DA:26,3
DA:27,7
LF:4
LH:4
BRDA:22,0,0,1
BRDA:22,0,1,3
BRDA:27,1,0,2
BRDA:27,1,1,5
BRF:4
BRH:4
end_of_record
TN:
SF:/Users/jkalis/Pro/QL/WebCore/luxui/lux-core/src/lib/has.js
FN:28,hasAll
FN:31,(anonymous_1)
FN:34,hasAny
FN:37,(anonymous_3)
FN:40,hasOne
FNF:5
FNH:5
FNDA:4,hasAll
FNDA:6,(anonymous_1)
FNDA:18,hasAny
FNDA:32,(anonymous_3)
FNDA:111,hasOne
DA:30,4
DA:31,6
DA:36,18
DA:37,32
DA:42,111
LF:5
LH:5
BRDA:42,0,0,111
BRDA:42,0,1,111
BRF:2
BRH:2
end_of_record
TN:
SF:/Users/jkalis/Pro/QL/WebCore/luxui/lux-core/src/lib/herald.js
FN:51,heraldFactory
FN:54,herald
FN:64,(anonymous_2)
FN:65,(anonymous_3)
FN:70,(anonymous_4)
FN:75,update
FNF:6
FNH:6
FNDA:9,heraldFactory
FNDA:18,herald
FNDA:2,(anonymous_2)
FNDA:2,(anonymous_3)
FNDA:8,(anonymous_4)
FNDA:22,update
DA:52,9
DA:55,18
DA:56,1
DA:59,17
DA:60,11
DA:62,11
DA:64,11
DA:65,2
DA:66,2
DA:70,8
DA:72,6
DA:76,22
DA:79,9
DA:81,9
LF:14
LH:14
BRDA:55,0,0,1
BRDA:55,0,1,17
BRDA:59,1,0,11
BRDA:59,1,1,6
BRF:4
BRH:4
end_of_record
TN:
SF:/Users/jkalis/Pro/QL/WebCore/luxui/lux-core/src/lib/is.js
FN:32,(anonymous_0)
FN:34,(anonymous_1)
FN:35,(anonymous_2)
FN:36,(anonymous_3)
FN:37,(anonymous_4)
FN:38,(anonymous_5)
FN:39,(anonymous_6)
FN:50,(anonymous_7)
FN:67,(anonymous_8)
FNF:9
FNH:9
FNDA:557,(anonymous_0)
FNDA:11,(anonymous_1)
FNDA:197,(anonymous_2)
FNDA:7,(anonymous_3)
FNDA:3,(anonymous_4)
FNDA:6,(anonymous_5)
FNDA:336,(anonymous_6)
FNDA:3,(anonymous_7)
FNDA:6,(anonymous_8)
DA:32,557
DA:34,37
DA:35,197
DA:36,37
DA:37,37
DA:38,37
DA:39,336
DA:50,37
DA:51,3
DA:67,37
DA:68,6
LF:11
LH:11
BRDA:37,0,0,3
BRDA:37,0,1,3
BRDA:51,1,0,3
BRDA:54,2,0,3
BRDA:54,2,1,2
BRDA:54,2,2,2
BRDA:54,2,3,2
BRDA:68,3,0,6
BRDA:71,4,0,6
BRDA:71,4,1,5
BRDA:71,4,2,4
BRDA:71,4,3,4
BRDA:71,4,4,3
BRF:13
BRH:13
end_of_record
TN:
SF:/Users/jkalis/Pro/QL/WebCore/luxui/lux-core/src/lib/luxPath.js
FN:33,luxPath
FNF:1
FNH:1
FNDA:14,luxPath
DA:34,14
DA:35,14
DA:38,14
LF:3
LH:3
BRDA:38,0,0,14
BRDA:38,0,1,1
BRF:2
BRH:2
end_of_record
TN:
SF:/Users/jkalis/Pro/QL/WebCore/luxui/lux-core/src/lib/responseModel.js
FN:34,format
FN:61,handler
FNF:2
FNH:2
FNDA:10,format
FNDA:9,handler
DA:7,4
DA:9,4
DA:36,10
DA:62,9
DA:64,9
DA:65,2
DA:67,2
DA:70,7
DA:72,7
DA:75,1
DA:78,1
DA:80,3
DA:81,1
DA:82,1
DA:84,1
DA:87,2
DA:92,2
DA:94,2
LF:18
LH:18
BRDA:34,0,0,2
BRDA:39,1,0,10
BRDA:39,1,1,2
BRDA:61,2,0,1
BRDA:64,3,0,2
BRDA:64,3,1,7
BRDA:72,4,0,1
BRDA:72,4,1,1
BRDA:72,4,2,3
BRDA:72,4,3,2
BRDA:80,5,0,1
BRDA:80,5,1,2
BRF:12
BRH:12
end_of_record
TN:
SF:/Users/jkalis/Pro/QL/WebCore/luxui/lux-core/src/lib/routing.js
FN:40,errorString
FN:46,lookup
FN:50,(anonymous_2)
FN:62,register
FN:80,(anonymous_4)
FN:90,(anonymous_5)
FN:92,(anonymous_6)
FN:128,routing
FNF:8
FNH:8
FNDA:6,errorString
FNDA:5,lookup
FNDA:7,(anonymous_2)
FNDA:9,register
FNDA:4,(anonymous_4)
FNDA:3,(anonymous_5)
FNDA:3,(anonymous_6)
FNDA:19,routing
DA:8,4
DA:9,4
DA:42,6
DA:47,5
DA:48,3
DA:50,7
DA:52,3
DA:57,5
DA:63,9
DA:64,1
DA:67,8
DA:68,1
DA:69,1
DA:72,7
DA:73,3
DA:75,3
DA:78,4
DA:79,4
DA:80,4
DA:82,4
DA:84,1
DA:89,3
DA:90,3
DA:91,2
DA:92,3
DA:94,1
DA:97,3
DA:129,19
DA:130,4
DA:133,15
DA:136,5
DA:139,9
DA:141,1
LF:33
LH:33
BRDA:47,0,0,3
BRDA:47,0,1,2
BRDA:52,1,0,2
BRDA:52,1,1,1
BRDA:63,2,0,1
BRDA:63,2,1,8
BRDA:63,3,0,9
BRDA:63,3,1,8
BRDA:67,4,0,1
BRDA:67,4,1,7
BRDA:67,5,0,8
BRDA:67,5,1,3
BRDA:67,5,2,2
BRDA:72,6,0,3
BRDA:72,6,1,4
BRDA:82,7,0,1
BRDA:82,7,1,3
BRDA:89,8,0,1
BRDA:89,8,1,2
BRDA:91,9,0,1
BRDA:91,9,1,1
BRDA:129,10,0,4
BRDA:129,10,1,15
BRDA:133,11,0,5
BRDA:133,11,1,9
BRDA:133,11,2,1
BRF:26
BRH:26
end_of_record
TN:
SF:/Users/jkalis/Pro/QL/WebCore/luxui/lux-core/src/lib/series.js
FN:25,series
FN:26,composition
FN:28,(anonymous_2)
FNF:3
FNH:3
FNDA:2,series
FNDA:1,composition
FNDA:3,(anonymous_2)
DA:27,1
DA:28,3
DA:30,1
DA:33,2
LF:4
LH:4
BRDA:28,0,0,3
BRDA:28,0,1,3
BRF:2
BRH:2
end_of_record
TN:
SF:/Users/jkalis/Pro/QL/WebCore/luxui/lux-core/src/lib/storage.js
FN:34,storage
FNF:1
FNH:1
FNDA:6,storage
DA:35,6
DA:36,1
DA:37,1
DA:40,5
DA:45,5
DA:47,5
DA:48,1
DA:49,4
DA:50,1
DA:53,5
LF:10
LH:10
BRDA:34,0,0,1
BRDA:35,1,0,1
BRDA:35,1,1,5
BRDA:47,2,0,1
BRDA:47,2,1,4
BRDA:49,3,0,1
BRDA:49,3,1,3
BRF:7
BRH:7
end_of_record
TN:
SF:/Users/jkalis/Pro/QL/WebCore/luxui/lux-core/src/lib/urlParse.js
FN:13,queryObject
FN:22,queryToObjectReduce
FN:32,toValue
FN:78,urlParse
FN:87,(anonymous_4)
FNF:5
FNH:5
FNDA:29,queryObject
FNDA:29,queryToObjectReduce
FNDA:49,toValue
FNDA:31,urlParse
FNDA:116,(anonymous_4)
DA:8,14
DA:15,29
DA:23,29
DA:25,29
DA:29,29
DA:33,49
DA:35,2
DA:37,2
DA:39,45
DA:79,31
DA:80,1
DA:83,30
DA:84,1
DA:87,116
DA:89,29
DA:91,29
DA:92,29
DA:93,29
DA:95,29
DA:99,29
DA:100,29
DA:102,29
DA:103,29
DA:105,29
LF:24
LH:24
BRDA:15,0,0,15
BRDA:15,0,1,14
BRDA:25,1,0,10
BRDA:25,1,1,19
BRDA:33,2,0,2
BRDA:33,2,1,2
BRDA:33,2,2,45
BRDA:79,3,0,1
BRDA:79,3,1,30
BRDA:83,4,0,1
BRDA:83,4,1,29
BRDA:83,5,0,30
BRDA:83,5,1,29
BRDA:87,6,0,48
BRDA:87,6,1,68
BRDA:87,7,0,116
BRDA:87,7,1,81
BRDA:96,8,0,10
BRDA:96,8,1,19
BRDA:102,9,0,14
BRDA:103,10,0,19
BRDA:116,11,0,15
BRDA:116,11,1,14
BRF:23
BRH:23
end_of_record
TN:
SF:/Users/jkalis/Pro/QL/WebCore/luxui/lux-core/src/react/appContext.js
FN:9,(anonymous_0)
FN:50,(anonymous_1)
FNF:2
FNH:2
FNDA:1,(anonymous_0)
FNDA:1,(anonymous_1)
DA:40,1
DA:47,1
DA:52,1
DA:55,3
DA:61,3
LF:5
LH:5
BRF:0
BRH:0
end_of_record
TN:
SF:/Users/jkalis/Pro/QL/WebCore/luxui/lux-core/src/react/config.js
FN:30,configure
FNF:1
FNH:1
FNDA:7,configure
DA:11,2
DA:31,7
DA:32,2
DA:33,5
DA:35,1
DA:38,4
DA:39,1
DA:40,3
DA:42,1
DA:46,2
DA:48,2
DA:53,2
LF:12
LH:12
BRDA:31,0,0,2
BRDA:31,0,1,5
BRDA:33,1,0,1
BRDA:33,1,1,4
BRDA:38,2,0,1
BRDA:38,2,1,3
BRDA:40,3,0,1
BRDA:40,3,1,2
BRF:8
BRH:8
end_of_record
TN:
SF:/Users/jkalis/Pro/QL/WebCore/luxui/lux-core/src/react/error.js
FN:13,errorComponent
FNF:1
FNH:1
FNDA:4,errorComponent
DA:15,4
DA:24,4
DA:26,4
LF:3
LH:3
BRF:0
BRH:0
end_of_record
TN:
SF:/Users/jkalis/Pro/QL/WebCore/luxui/lux-core/src/react/fatal.js
FN:8,FatalErrorComponent
FNF:1
FNH:1
FNDA:1,FatalErrorComponent
DA:9,1
DA:10,1
DA:11,1
DA:12,1
DA:14,1
DA:16,1
DA:31,2
LF:7
LH:7
BRF:0
BRH:0
end_of_record
TN:
SF:/Users/jkalis/Pro/QL/WebCore/luxui/lux-core/src/react/index.js
FN:47,luxReact
FN:55,setState
FN:65,(anonymous_2)
FN:66,(anonymous_3)
FN:70,(anonymous_4)
FN:87,(anonymous_5)
FN:105,component
FN:112,page
FN:119,render
FN:134,request
FN:147,(anonymous_10)
FN:157,visit
FN:163,(anonymous_12)
FNF:13
FNH:13
FNDA:2,luxReact
FNDA:3,setState
FNDA:6,(anonymous_2)
FNDA:3,(anonymous_3)
FNDA:6,(anonymous_4)
FNDA:1,(anonymous_5)
FNDA:1,component
FNDA:2,page
FNDA:3,render
FNDA:6,request
FNDA:5,(anonymous_10)
FNDA:3,visit
FNDA:1,(anonymous_12)
DA:20,1
DA:48,2
DA:53,1
DA:56,3
DA:57,3
DA:60,3
DA:63,1
DA:64,1
DA:65,6
DA:66,3
DA:68,1
DA:70,6
DA:77,1
DA:87,1
DA:106,1
DA:108,1
DA:113,2
DA:115,2
DA:120,3
DA:122,3
DA:124,3
DA:129,1
DA:135,6
DA:137,6
DA:146,6
DA:149,5
DA:151,5
DA:160,3
DA:161,3
DA:163,1
DA:166,3
LF:31
LH:31
BRDA:135,0,0,6
BRDA:135,0,1,3
BRDA:137,1,0,1
BRDA:137,1,1,5
BRF:4
BRH:4
end_of_record
TN:
SF:/Users/jkalis/Pro/QL/WebCore/luxui/lux-core/src/react/link.js
FN:12,clickHandler
FN:31,isLeftClick
FN:36,isModifiedClick
FN:68,Link
FN:79,(anonymous_4)
FNF:5
FNH:5
FNDA:4,clickHandler
FNDA:8,isLeftClick
FNDA:10,isModifiedClick
FNDA:22,Link
FNDA:21,(anonymous_4)
DA:14,4
DA:15,4
DA:16,4
DA:18,4
DA:19,1
DA:22,4
DA:24,4
DA:25,3
DA:26,3
DA:33,8
DA:38,10
DA:69,22
DA:70,22
DA:72,22
DA:73,22
DA:74,21
DA:76,1
DA:79,21
DA:80,21
DA:82,21
DA:83,20
DA:88,21
DA:92,12
DA:93,12
LF:24
LH:24
BRDA:14,0,0,4
BRDA:14,1,0,4
BRDA:14,1,1,4
BRDA:24,2,0,3
BRDA:24,2,1,1
BRDA:33,3,0,7
BRDA:33,3,1,1
BRDA:38,4,0,9
BRDA:38,4,1,1
BRDA:39,5,0,9
BRDA:39,5,1,8
BRDA:39,5,2,7
BRDA:39,5,3,6
BRDA:73,6,0,21
BRDA:73,6,1,1
BRDA:73,7,0,22
BRDA:73,7,1,11
BRDA:74,8,0,21
BRDA:74,8,1,10
BRDA:79,9,0,1
BRDA:79,9,1,20
BRDA:82,10,0,20
BRDA:82,10,1,1
BRDA:83,11,0,1
BRDA:83,11,1,19
BRDA:89,12,0,21
BRDA:89,12,1,1
BRF:27
BRH:27
end_of_record
TN:
SF:/Users/jkalis/Pro/QL/WebCore/luxui/lux-core/src/react/randomKey.js
FN:7,randomKey
FNF:1
FNH:1
FNDA:11,randomKey
DA:9,11
LF:1
LH:1
BRF:0
BRH:0
end_of_record
TN:
SF:/Users/jkalis/Pro/QL/WebCore/luxui/lux-core/src/react/responseModel.propType.js
FNF:0
FNH:0
DA:5,4
LF:1
LH:1
BRF:0
BRH:0
end_of_record
TN:
SF:/Users/jkalis/Pro/QL/WebCore/luxui/lux-core/src/react/siren.propType.js
FNF:0
FNH:0
DA:3,11
DA:39,11
DA:50,11
LF:3
LH:3
BRF:0
BRH:0
end_of_record
TN:
SF:/Users/jkalis/Pro/QL/WebCore/luxui/lux-core/src/react/form/index.js
FN:9,FormComponent
FN:17,(anonymous_1)
FNF:2
FNH:0
FNDA:0,FormComponent
FNDA:0,(anonymous_1)
DA:10,0
DA:12,0
DA:17,0
DA:23,5
DA:36,5
LF:5
LH:2
BRF:0
BRH:0
end_of_record
TN:
SF:/Users/jkalis/Pro/QL/WebCore/luxui/lux-core/src/react/form/field/index.js
FN:55,FormFieldComponent
FNF:1
FNH:1
FNDA:2,FormFieldComponent
DA:30,6
DA:31,6
DA:57,2
DA:59,2
DA:61,6
DA:65,6
LF:6
LH:6
BRDA:57,0,0,2
BRDA:57,0,1,1
BRF:2
BRH:2
end_of_record
TN:
SF:/Users/jkalis/Pro/QL/WebCore/luxui/lux-core/src/react/form/field/wrapper.js
FN:5,FormFieldWrapperComponent
FNF:1
FNH:1
FNDA:7,FormFieldWrapperComponent
DA:6,7
DA:11,7
DA:12,3
DA:15,7
DA:21,9
DA:31,9
LF:6
LH:6
BRDA:7,0,0,7
BRDA:7,0,1,6
BRDA:11,1,0,3
BRDA:11,1,1,4
BRF:4
BRH:4
end_of_record
TN:
SF:/Users/jkalis/Pro/QL/WebCore/luxui/lux-core/src/react/form/field/types/default.js
FN:7,defaultFieldComponent
FNF:1
FNH:1
FNDA:2,defaultFieldComponent
DA:8,2
DA:9,2
DA:10,2
DA:16,2
DA:23,7
DA:30,7
LF:6
LH:6
BRDA:9,0,0,1
BRF:1
BRH:1
end_of_record
TN:
SF:/Users/jkalis/Pro/QL/WebCore/luxui/lux-core/src/react/form/field/types/text.js
FN:7,textFieldComponent
FN:15,(anonymous_1)
FNF:2
FNH:2
FNDA:2,textFieldComponent
FNDA:1,(anonymous_1)
DA:8,2
DA:9,2
DA:11,2
DA:16,1
DA:23,2
DA:30,7
DA:34,7
DA:41,7
LF:8
LH:8
BRF:0
BRH:0
end_of_record
TN:
SF:/Users/jkalis/Pro/QL/WebCore/luxui/lux-core/src/react/layout/auth.js
FN:18,(anonymous_0)
FN:25,authComponent
FN:27,(anonymous_2)
FN:38,(anonymous_3)
FN:39,(anonymous_4)
FNF:5
FNH:5
FNDA:1,(anonymous_0)
FNDA:9,authComponent
FNDA:3,(anonymous_2)
FNDA:1,(anonymous_3)
FNDA:1,(anonymous_4)
DA:16,4
DA:18,4
DA:20,1
DA:21,1
DA:26,9
DA:27,3
DA:29,9
DA:31,6
DA:34,3
DA:38,1
DA:39,1
DA:43,3
DA:45,4
DA:49,4
LF:14
LH:14
BRDA:20,0,0,1
BRDA:26,1,0,9
BRDA:26,1,1,6
BRDA:29,2,0,6
BRDA:29,2,1,3
BRDA:37,3,0,2
BRDA:37,3,1,1
BRF:7
BRH:7
end_of_record
TN:
SF:/Users/jkalis/Pro/QL/WebCore/luxui/lux-core/src/react/layout/footer.js
FN:10,footerComponent
FNF:1
FNH:1
FNDA:4,footerComponent
DA:12,4
DA:23,3
DA:26,3
LF:3
LH:3
BRF:0
BRH:0
end_of_record
TN:
SF:/Users/jkalis/Pro/QL/WebCore/luxui/lux-core/src/react/layout/header.js
FN:42,headerComponent
FN:44,(anonymous_1)
FNF:2
FNH:2
FNDA:5,headerComponent
FNDA:1,(anonymous_1)
DA:43,5
DA:44,1
DA:46,5
DA:52,5
DA:54,5
DA:55,5
DA:57,5
DA:67,3
DA:71,3
LF:9
LH:9
BRDA:43,0,0,5
BRDA:43,0,1,4
BRDA:43,1,0,5
BRDA:43,1,1,3
BRDA:47,2,0,5
BRDA:47,2,1,4
BRDA:49,3,0,5
BRDA:49,3,1,4
BRDA:61,4,0,5
BRDA:61,4,1,3
BRDA:63,5,0,5
BRDA:63,5,1,3
BRF:12
BRH:12
end_of_record
TN:
SF:/Users/jkalis/Pro/QL/WebCore/luxui/lux-core/src/react/layout/index.js
FN:22,LayoutComponent
FNF:1
FNH:1
FNDA:5,LayoutComponent
DA:16,2
DA:23,5
DA:24,5
DA:25,5
DA:27,5
DA:36,2
DA:38,2
LF:7
LH:7
BRF:0
BRH:0
end_of_record
TN:
SF:/Users/jkalis/Pro/QL/WebCore/luxui/lux-core/src/react/layout/main.js
FN:17,mainComponent
FN:31,(anonymous_1)
FNF:2
FNH:2
FNDA:9,mainComponent
FNDA:3,(anonymous_1)
DA:20,9
DA:21,9
DA:22,1
DA:25,8
DA:27,5
DA:28,1
DA:30,4
DA:31,3
DA:33,4
DA:35,1
DA:36,1
DA:38,1
DA:39,1
DA:41,2
DA:46,6
DA:47,6
DA:50,9
DA:56,3
DA:58,3
LF:19
LH:19
BRDA:21,0,0,1
BRDA:21,0,1,8
BRDA:27,1,0,1
BRDA:27,1,1,4
BRDA:30,2,0,4
BRDA:30,2,1,1
BRDA:33,3,0,1
BRDA:33,3,1,1
BRDA:33,3,2,2
BRF:9
BRH:9
end_of_record
TN:
SF:/Users/jkalis/Pro/QL/WebCore/luxui/lux-core/src/react/layout/navigation.js
FN:13,linksReduce
FN:46,navigationComponent
FNF:2
FNH:2
FNDA:7,linksReduce
FNDA:6,navigationComponent
DA:14,7
DA:15,5
DA:17,5
DA:23,5
DA:28,5
DA:34,2
DA:48,6
DA:56,4
DA:64,4
LF:9
LH:9
BRDA:14,0,0,5
BRDA:14,0,1,2
BRDA:15,1,0,1
BRDA:15,1,1,4
BRF:4
BRH:4
end_of_record
TN:
SF:/Users/jkalis/Pro/QL/WebCore/luxui/lux-core/src/react/rest/collection/createButton.js
FN:12,RestCollectionCreateButton
FNF:1
FNH:1
FNDA:4,RestCollectionCreateButton
DA:13,4
DA:15,2
DA:18,2
DA:20,5
DA:25,5
LF:5
LH:5
BRDA:13,0,0,2
BRDA:13,0,1,2
BRDA:13,1,0,4
BRDA:13,1,1,2
BRF:4
BRH:4
end_of_record
TN:
SF:/Users/jkalis/Pro/QL/WebCore/luxui/lux-core/src/react/rest/collection/index.js
FN:22,createLinks
FN:25,(anonymous_1)
FN:40,restCollectionComponent
FN:42,(anonymous_3)
FNF:4
FNH:4
FNDA:2,createLinks
FNDA:1,(anonymous_1)
FNDA:3,restCollectionComponent
FNDA:2,(anonymous_3)
DA:18,4
DA:19,4
DA:20,4
DA:24,2
DA:27,1
DA:28,1
DA:33,1
DA:36,1
DA:41,3
DA:42,2
DA:44,3
DA:45,1
DA:48,2
DA:60,4
DA:64,4
LF:15
LH:15
BRDA:27,0,0,1
BRDA:44,1,0,1
BRDA:44,1,1,2
BRDA:52,2,0,2
BRDA:52,2,1,1
BRF:5
BRH:5
end_of_record
TN:
SF:/Users/jkalis/Pro/QL/WebCore/luxui/lux-core/src/react/rest/collection/item.js
FN:14,RestCollectionListItem
FNF:1
FNH:1
FNDA:7,RestCollectionListItem
DA:12,6
DA:15,7
DA:16,1
DA:19,6
DA:23,6
DA:28,6
LF:6
LH:6
BRDA:15,0,0,1
BRDA:15,0,1,6
BRDA:19,1,0,3
BRDA:19,1,1,3
BRF:4
BRH:4
end_of_record
TN:
SF:/Users/jkalis/Pro/QL/WebCore/luxui/lux-core/src/react/rest/collection/list.js
FN:17,RestCollectionList
FN:26,(anonymous_1)
FNF:2
FNH:2
FNDA:7,RestCollectionList
FNDA:4,(anonymous_1)
DA:15,5
DA:19,7
DA:21,5
DA:24,2
DA:27,4
DA:34,5
DA:39,5
LF:7
LH:7
BRDA:19,0,0,5
BRDA:19,1,0,7
BRDA:19,1,1,5
BRF:3
BRH:3
end_of_record
TN:
SF:/Users/jkalis/Pro/QL/WebCore/luxui/lux-core/src/react/rest/collection/paging.js
FN:15,pagingComponent
FN:22,(anonymous_1)
FN:26,(anonymous_2)
FN:53,(anonymous_3)
FNF:4
FNH:4
FNDA:9,pagingComponent
FNDA:5,(anonymous_1)
FNDA:13,(anonymous_2)
FNDA:5,(anonymous_3)
DA:16,9
DA:17,1
DA:20,8
DA:22,8
DA:25,8
DA:27,13
DA:28,1
DA:31,13
DA:32,1
DA:35,13
DA:36,1
DA:39,13
DA:40,1
DA:43,13
DA:44,1
DA:48,8
DA:53,5
DA:58,5
DA:62,5
LF:19
LH:19
BRDA:16,0,0,1
BRDA:16,0,1,8
BRDA:27,1,0,1
BRDA:27,1,1,12
BRDA:31,2,0,1
BRDA:31,2,1,12
BRDA:35,3,0,1
BRDA:35,3,1,12
BRDA:39,4,0,1
BRDA:39,4,1,12
BRDA:43,5,0,1
BRDA:43,5,1,12
BRDA:48,6,0,5
BRDA:48,6,1,3
BRF:14
BRH:14
end_of_record
TN:
SF:/Users/jkalis/Pro/QL/WebCore/luxui/lux-core/src/react/rest/item/formModel.js
FN:11,required
FN:15,formActionsReduce
FN:27,formModel
FN:49,(anonymous_3)
FN:53,(anonymous_4)
FN:70,(anonymous_5)
FNF:6
FNH:6
FNDA:1,required
FNDA:5,formActionsReduce
FNDA:6,formModel
FNDA:2,(anonymous_3)
FNDA:2,(anonymous_4)
FNDA:3,(anonymous_5)
DA:12,1
DA:17,5
DA:20,5
DA:21,4
DA:24,5
DA:28,6
DA:29,1
DA:32,5
DA:35,5
DA:36,1
DA:39,4
DA:43,4
DA:44,1
DA:48,3
DA:51,2
DA:52,2
DA:54,2
DA:62,2
DA:65,3
DA:70,3
LF:20
LH:20
BRDA:17,0,0,5
BRDA:17,0,1,1
BRDA:20,1,0,4
BRDA:27,2,0,1
BRDA:28,3,0,1
BRDA:28,3,1,5
BRDA:28,4,0,6
BRDA:28,4,1,5
BRDA:35,5,0,1
BRDA:35,5,1,4
BRDA:43,6,0,1
BRDA:43,6,1,3
BRDA:48,7,0,3
BRDA:48,7,1,1
BRDA:51,8,0,2
BRDA:67,9,0,1
BRDA:67,9,1,2
BRF:17
BRH:17
end_of_record
TN:
SF:/Users/jkalis/Pro/QL/WebCore/luxui/lux-core/src/react/rest/item/index.js
FN:15,restItemComponent
FNF:1
FNH:1
FNDA:1,restItemComponent
DA:16,1
DA:18,1
DA:20,4
DA:25,4
LF:4
LH:4
BRF:0
BRH:0
end_of_record
