TN:
SF:/Users/jkalis/Pro/QL/WebCore/luxui/lux-core/jest/setup.js
FNF:0
FNH:0
DA:1,33
LF:1
LH:1
BRF:0
BRH:0
end_of_record
TN:
SF:/Users/jkalis/Pro/QL/WebCore/luxui/lux-core/src/lib/apiRequest.js
FN:54,apiRequest
FN:74,(anonymous_1)
FN:78,retryFactory
FN:79,retry
FN:86,(anonymous_4)
FNF:5
FNH:5
FNDA:6,apiRequest
FNDA:6,(anonymous_1)
FNDA:6,retryFactory
FNDA:6,retry
FNDA:1,(anonymous_4)
DA:55,6
DA:57,6
DA:59,6
DA:60,1
DA:64,6
DA:65,6
DA:68,6
DA:69,3
DA:72,6
DA:74,6
DA:82,6
DA:83,1
DA:85,1
DA:87,1
DA:89,1
DA:94,5
DA:97,6
LF:17
LH:17
BRDA:54,0,0,1
BRDA:54,1,0,3
BRDA:55,2,0,6
BRDA:55,2,1,3
BRDA:59,3,0,1
BRDA:59,3,1,5
BRDA:64,4,0,6
BRDA:68,5,0,3
BRDA:68,5,1,3
BRDA:82,6,0,1
BRDA:82,6,1,5
BRDA:82,7,0,6
BRDA:82,7,1,6
BRDA:82,7,2,1
BRF:14
BRH:14
end_of_record
TN:
SF:/Users/jkalis/Pro/QL/WebCore/luxui/lux-core/src/lib/broker.js
FN:49,brokerFactory
FN:56,(anonymous_1)
FNF:2
FNH:2
FNDA:4,brokerFactory
FNDA:5,(anonymous_1)
DA:8,4
DA:50,4
DA:52,1
DA:55,3
DA:57,5
DA:60,3
DA:64,3
LF:7
LH:7
BRDA:49,0,0,2
BRDA:50,1,0,1
BRDA:50,1,1,3
BRF:3
BRH:3
end_of_record
TN:
SF:/Users/jkalis/Pro/QL/WebCore/luxui/lux-core/src/lib/componentRegistry.js
FN:10,addToRegistry
FN:21,findInRegistry
FN:52,componentRegistry
FNF:3
FNH:3
FNDA:180,addToRegistry
FNDA:137,findInRegistry
FNDA:181,componentRegistry
DA:8,15
DA:11,180
DA:12,104
DA:14,76
DA:16,76
DA:17,76
DA:22,137
DA:24,137
DA:53,181
DA:54,1
DA:57,180
DA:58,1
DA:61,179
DA:63,179
DA:65,73
DA:69,105
DA:73,1
LF:17
LH:17
BRDA:11,0,0,104
BRDA:11,0,1,76
BRDA:16,1,0,76
BRDA:16,1,1,21
BRDA:24,2,0,50
BRDA:24,2,1,87
BRDA:52,3,0,166
BRDA:53,4,0,1
BRDA:53,4,1,180
BRDA:57,5,0,1
BRDA:57,5,1,179
BRDA:57,6,0,180
BRDA:57,6,1,98
BRDA:63,7,0,73
BRDA:63,7,1,91
BRDA:63,7,2,105
BRDA:63,7,3,1
BRDA:69,8,0,1
BRDA:69,8,1,104
BRDA:69,9,0,105
BRDA:69,9,1,14
BRF:21
BRH:21
end_of_record
TN:
SF:/Users/jkalis/Pro/QL/WebCore/luxui/lux-core/src/lib/debounce.js
FN:48,debounce
FN:52,debounced
FNF:2
FNH:2
FNDA:4,debounce
FNDA:4,debounced
DA:49,4
DA:53,4
DA:54,1
DA:57,4
DA:60,4
LF:5
LH:5
BRDA:48,0,0,2
BRDA:48,1,0,1
BRDA:53,2,0,1
BRDA:53,2,1,3
BRF:4
BRH:4
end_of_record
TN:
SF:/Users/jkalis/Pro/QL/WebCore/luxui/lux-core/src/lib/flattenArray.js
FN:21,flattenArray
FN:27,(anonymous_1)
FNF:2
FNH:2
FNDA:4,flattenArray
FNDA:7,(anonymous_1)
DA:22,4
DA:23,1
DA:26,3
DA:27,7
LF:4
LH:4
BRDA:22,0,0,1
BRDA:22,0,1,3
BRDA:27,1,0,2
BRDA:27,1,1,5
BRF:4
BRH:4
end_of_record
TN:
SF:/Users/jkalis/Pro/QL/WebCore/luxui/lux-core/src/lib/has.js
FN:28,hasAll
FN:31,(anonymous_1)
FN:34,hasAny
FN:37,(anonymous_3)
FN:40,hasOne
FNF:5
FNH:5
FNDA:4,hasAll
FNDA:6,(anonymous_1)
FNDA:17,hasAny
FNDA:30,(anonymous_3)
FNDA:104,hasOne
DA:30,4
DA:31,6
DA:36,17
DA:37,30
DA:42,104
LF:5
LH:5
BRDA:42,0,0,104
BRDA:42,0,1,104
BRF:2
BRH:2
end_of_record
TN:
SF:/Users/jkalis/Pro/QL/WebCore/luxui/lux-core/src/lib/herald.js
FN:51,heraldFactory
FN:54,herald
FN:64,(anonymous_2)
FN:65,(anonymous_3)
FN:70,(anonymous_4)
FN:75,update
FNF:6
FNH:6
FNDA:19,heraldFactory
FNDA:23,herald
FNDA:2,(anonymous_2)
FNDA:2,(anonymous_3)
FNDA:9,(anonymous_4)
FNDA:33,update
DA:52,19
DA:55,23
DA:56,1
DA:59,22
DA:60,12
DA:62,12
DA:64,12
DA:65,2
DA:66,2
DA:70,10
DA:72,9
DA:76,33
DA:79,19
DA:81,19
LF:14
LH:14
BRDA:55,0,0,1
BRDA:55,0,1,22
BRDA:59,1,0,12
BRDA:59,1,1,10
BRF:4
BRH:4
end_of_record
TN:
SF:/Users/jkalis/Pro/QL/WebCore/luxui/lux-core/src/lib/is.js
FN:32,(anonymous_0)
FN:34,(anonymous_1)
FN:35,(anonymous_2)
FN:36,(anonymous_3)
FN:37,(anonymous_4)
FN:38,(anonymous_5)
FN:39,(anonymous_6)
FNF:7
FNH:7
FNDA:402,(anonymous_0)
FNDA:11,(anonymous_1)
FNDA:138,(anonymous_2)
FNDA:7,(anonymous_3)
FNDA:3,(anonymous_4)
FNDA:6,(anonymous_5)
FNDA:240,(anonymous_6)
DA:32,402
DA:34,34
DA:35,138
DA:36,34
DA:37,34
DA:38,34
DA:39,240
LF:7
LH:7
BRDA:37,0,0,3
BRDA:37,0,1,3
BRF:2
BRH:2
end_of_record
TN:
SF:/Users/jkalis/Pro/QL/WebCore/luxui/lux-core/src/lib/luxPath.js
FN:33,luxPath
FNF:1
FNH:1
FNDA:10,luxPath
DA:34,10
DA:35,9
DA:38,9
LF:3
LH:3
BRF:0
BRH:0
end_of_record
TN:
SF:/Users/jkalis/Pro/QL/WebCore/luxui/lux-core/src/lib/responseModel.js
FN:34,format
FN:61,handler
FNF:2
FNH:2
FNDA:11,format
FNDA:9,handler
DA:7,4
DA:9,4
DA:36,11
DA:62,9
DA:64,9
DA:65,2
DA:67,2
DA:70,7
DA:72,7
DA:75,1
DA:78,1
DA:80,3
DA:81,1
DA:82,1
DA:84,1
DA:87,2
DA:92,2
DA:94,2
LF:18
LH:18
BRDA:34,0,0,2
BRDA:39,1,0,11
BRDA:39,1,1,3
BRDA:61,2,0,1
BRDA:64,3,0,2
BRDA:64,3,1,7
BRDA:72,4,0,1
BRDA:72,4,1,1
BRDA:72,4,2,3
BRDA:72,4,3,2
BRDA:80,5,0,1
BRDA:80,5,1,2
BRF:12
BRH:12
end_of_record
TN:
SF:/Users/jkalis/Pro/QL/WebCore/luxui/lux-core/src/lib/routing.js
FN:40,errorString
FN:46,lookup
FN:50,(anonymous_2)
FN:62,register
FN:80,(anonymous_4)
FN:90,(anonymous_5)
FN:92,(anonymous_6)
FN:128,routing
FNF:8
FNH:8
FNDA:6,errorString
FNDA:5,lookup
FNDA:7,(anonymous_2)
FNDA:9,register
FNDA:4,(anonymous_4)
FNDA:3,(anonymous_5)
FNDA:3,(anonymous_6)
FNDA:19,routing
DA:8,4
DA:9,4
DA:42,6
DA:47,5
DA:48,3
DA:50,7
DA:52,3
DA:57,5
DA:63,9
DA:64,1
DA:67,8
DA:68,1
DA:69,1
DA:72,7
DA:73,3
DA:75,3
DA:78,4
DA:79,4
DA:80,4
DA:82,4
DA:84,1
DA:89,3
DA:90,3
DA:91,2
DA:92,3
DA:94,1
DA:97,3
DA:129,19
DA:130,4
DA:133,15
DA:136,5
DA:139,9
DA:141,1
LF:33
LH:33
BRDA:47,0,0,3
BRDA:47,0,1,2
BRDA:52,1,0,2
BRDA:52,1,1,1
BRDA:63,2,0,1
BRDA:63,2,1,8
BRDA:63,3,0,9
BRDA:63,3,1,8
BRDA:67,4,0,1
BRDA:67,4,1,7
BRDA:67,5,0,8
BRDA:67,5,1,3
BRDA:67,5,2,2
BRDA:72,6,0,3
BRDA:72,6,1,4
BRDA:82,7,0,1
BRDA:82,7,1,3
BRDA:89,8,0,1
BRDA:89,8,1,2
BRDA:91,9,0,1
BRDA:91,9,1,1
BRDA:129,10,0,4
BRDA:129,10,1,15
BRDA:133,11,0,5
BRDA:133,11,1,9
BRDA:133,11,2,1
BRF:26
BRH:26
end_of_record
TN:
SF:/Users/jkalis/Pro/QL/WebCore/luxui/lux-core/src/lib/series.js
FN:25,series
FN:26,composition
FN:28,(anonymous_2)
FNF:3
FNH:3
FNDA:2,series
FNDA:1,composition
FNDA:3,(anonymous_2)
DA:27,1
DA:28,3
DA:30,1
DA:33,2
LF:4
LH:4
BRDA:28,0,0,3
BRDA:28,0,1,3
BRF:2
BRH:2
end_of_record
TN:
SF:/Users/jkalis/Pro/QL/WebCore/luxui/lux-core/src/lib/storage.js
FN:34,storage
FNF:1
FNH:1
FNDA:6,storage
DA:35,6
DA:36,1
DA:37,1
DA:40,5
DA:45,5
DA:47,5
DA:48,1
DA:49,4
DA:50,1
DA:53,5
LF:10
LH:10
BRDA:34,0,0,1
BRDA:35,1,0,1
BRDA:35,1,1,5
BRDA:47,2,0,1
BRDA:47,2,1,4
BRDA:49,3,0,1
BRDA:49,3,1,3
BRF:7
BRH:7
end_of_record
TN:
SF:/Users/jkalis/Pro/QL/WebCore/luxui/lux-core/src/lib/urlParse.js
FN:13,queryObject
FN:22,queryToObjectReduce
FN:32,toValue
FN:78,urlParse
FN:87,(anonymous_4)
FNF:5
FNH:5
FNDA:24,queryObject
FNDA:29,queryToObjectReduce
FNDA:49,toValue
FNDA:27,urlParse
FNDA:96,(anonymous_4)
DA:8,14
DA:15,24
DA:23,29
DA:25,29
DA:29,29
DA:33,49
DA:35,2
DA:37,2
DA:39,45
DA:79,27
DA:80,1
DA:83,26
DA:84,2
DA:87,96
DA:89,24
DA:91,24
DA:92,24
DA:93,24
DA:95,24
DA:99,24
DA:100,24
DA:102,24
DA:103,24
DA:105,24
LF:24
LH:24
BRDA:15,0,0,15
BRDA:15,0,1,9
BRDA:25,1,0,10
BRDA:25,1,1,19
BRDA:33,2,0,2
BRDA:33,2,1,2
BRDA:33,2,2,45
BRDA:79,3,0,1
BRDA:79,3,1,26
BRDA:83,4,0,2
BRDA:83,4,1,24
BRDA:83,5,0,26
BRDA:83,5,1,24
BRDA:87,6,0,48
BRDA:87,6,1,48
BRDA:87,7,0,96
BRDA:87,7,1,71
BRDA:96,8,0,10
BRDA:96,8,1,14
BRDA:102,9,0,9
BRDA:103,10,0,14
BRDA:116,11,0,15
BRDA:116,11,1,9
BRF:23
BRH:23
end_of_record
TN:
SF:/Users/jkalis/Pro/QL/WebCore/luxui/lux-core/src/react/config.js
FN:13,configure
FNF:1
FNH:1
FNDA:7,configure
DA:11,3
DA:14,7
DA:15,2
DA:16,5
DA:18,1
DA:21,4
DA:22,1
DA:23,3
DA:25,1
DA:29,2
DA:31,2
LF:11
LH:11
BRDA:14,0,0,2
BRDA:14,0,1,5
BRDA:16,1,0,1
BRDA:16,1,1,4
BRDA:21,2,0,1
BRDA:21,2,1,3
BRDA:23,3,0,1
BRDA:23,3,1,2
BRF:8
BRH:8
end_of_record
TN:
SF:/Users/jkalis/Pro/QL/WebCore/luxui/lux-core/src/react/error.js
FN:13,errorComponent
FNF:1
FNH:1
FNDA:4,errorComponent
DA:15,4
DA:24,3
DA:26,3
LF:3
LH:3
BRF:0
BRH:0
end_of_record
TN:
SF:/Users/jkalis/Pro/QL/WebCore/luxui/lux-core/src/react/index.js
FN:10,appFactory
FN:18,(anonymous_1)
FN:31,render
FNF:3
FNH:3
FNDA:2,appFactory
FNDA:2,(anonymous_1)
FNDA:2,render
DA:11,2
DA:12,2
DA:14,1
DA:18,1
DA:19,2
DA:21,2
DA:24,1
DA:27,1
DA:32,2
DA:34,2
DA:42,2
LF:11
LH:11
BRDA:34,0,0,1
BRDA:34,0,1,1
BRF:2
BRH:2
end_of_record
TN:
SF:/Users/jkalis/Pro/QL/WebCore/luxui/lux-core/src/react/link.js
FN:13,attributeValue
FN:20,clickHandler
FN:39,isLeftClick
FN:44,isModifiedClick
FN:74,Link
FNF:5
FNH:5
FNDA:21,attributeValue
FNDA:4,clickHandler
FNDA:8,isLeftClick
FNDA:10,isModifiedClick
FNDA:22,Link
DA:14,21
DA:15,21
DA:17,21
DA:22,4
DA:23,4
DA:24,4
DA:26,4
DA:27,1
DA:30,4
DA:32,4
DA:33,3
DA:34,3
DA:41,8
DA:46,10
DA:75,22
DA:76,22
DA:78,22
DA:79,22
DA:80,21
DA:82,1
DA:85,21
DA:86,21
DA:88,21
DA:89,20
DA:94,21
DA:98,11
LF:26
LH:26
BRDA:17,0,0,2
BRDA:17,0,1,19
BRDA:22,1,0,4
BRDA:22,2,0,4
BRDA:22,2,1,4
BRDA:32,3,0,3
BRDA:32,3,1,1
BRDA:41,4,0,7
BRDA:41,4,1,1
BRDA:46,5,0,9
BRDA:46,5,1,1
BRDA:47,6,0,9
BRDA:47,6,1,8
BRDA:47,6,2,7
BRDA:47,6,3,6
BRDA:79,7,0,21
BRDA:79,7,1,1
BRDA:79,8,0,22
BRDA:79,8,1,11
BRDA:80,9,0,21
BRDA:80,9,1,10
BRDA:88,10,0,20
BRDA:88,10,1,1
BRDA:89,11,0,1
BRDA:89,11,1,19
BRDA:95,12,0,21
BRDA:95,12,1,1
BRF:27
BRH:27
end_of_record
TN:
SF:/Users/jkalis/Pro/QL/WebCore/luxui/lux-core/src/react/randomKey.js
FN:6,randomKey
FNF:1
FNH:1
FNDA:11,randomKey
DA:8,11
LF:1
LH:1
BRF:0
BRH:0
end_of_record
TN:
SF:/Users/jkalis/Pro/QL/WebCore/luxui/lux-core/src/react/render.js
FN:19,promiseOfAnError
FN:21,(anonymous_1)
FN:32,render
FN:56,(anonymous_3)
FN:59,(anonymous_4)
FNF:5
FNH:5
FNDA:2,promiseOfAnError
FNDA:2,(anonymous_1)
FNDA:5,render
FNDA:3,(anonymous_3)
FNDA:1,(anonymous_4)
DA:17,1
DA:21,2
DA:22,2
DA:33,5
DA:36,2
DA:42,3
DA:43,3
DA:45,2
DA:47,1
DA:49,1
DA:52,1
DA:55,3
DA:56,3
DA:59,1
DA:61,1
DA:62,1
LF:16
LH:16
BRDA:32,0,0,2
BRDA:33,1,0,2
BRDA:33,1,1,3
BRDA:45,2,0,1
BRDA:45,2,1,1
BRDA:61,3,0,1
BRF:6
BRH:6
end_of_record
TN:
SF:/Users/jkalis/Pro/QL/WebCore/luxui/lux-core/src/react/responseModel.propType.js
FNF:0
FNH:0
DA:5,3
LF:1
LH:1
BRF:0
BRH:0
end_of_record
TN:
SF:/Users/jkalis/Pro/QL/WebCore/luxui/lux-core/src/react/siren.propType.js
FNF:0
FNH:0
DA:3,9
DA:5,9
DA:14,9
DA:18,9
DA:24,9
DA:30,9
LF:6
LH:6
BRF:0
BRH:0
end_of_record
TN:
SF:/Users/jkalis/Pro/QL/WebCore/luxui/lux-core/src/react/form/index.js
FN:7,FormComponent
FNF:1
FNH:0
FNDA:0,FormComponent
DA:9,0
DA:11,3
DA:19,3
LF:3
LH:2
BRF:0
BRH:0
end_of_record
TN:
SF:/Users/jkalis/Pro/QL/WebCore/luxui/lux-core/src/react/layout/auth.js
FN:18,(anonymous_0)
FN:25,authComponent
FN:27,(anonymous_2)
FN:38,(anonymous_3)
FN:39,(anonymous_4)
FNF:5
FNH:5
FNDA:1,(anonymous_0)
FNDA:9,authComponent
FNDA:3,(anonymous_2)
FNDA:1,(anonymous_3)
FNDA:1,(anonymous_4)
DA:16,3
DA:18,3
DA:20,1
DA:21,1
DA:26,9
DA:27,3
DA:29,9
DA:31,6
DA:34,3
DA:38,1
DA:39,1
DA:43,3
DA:45,3
DA:49,3
LF:14
LH:14
BRDA:20,0,0,1
BRDA:26,1,0,9
BRDA:26,1,1,6
BRDA:29,2,0,6
BRDA:29,2,1,3
BRDA:37,3,0,2
BRDA:37,3,1,1
BRF:7
BRH:7
end_of_record
TN:
SF:/Users/jkalis/Pro/QL/WebCore/luxui/lux-core/src/react/layout/footer.js
FN:10,footerComponent
FNF:1
FNH:1
FNDA:4,footerComponent
DA:12,4
DA:23,2
DA:26,2
LF:3
LH:3
BRF:0
BRH:0
end_of_record
TN:
SF:/Users/jkalis/Pro/QL/WebCore/luxui/lux-core/src/react/layout/header.js
FN:42,headerComponent
FN:44,(anonymous_1)
FNF:2
FNH:2
FNDA:5,headerComponent
FNDA:1,(anonymous_1)
DA:43,5
DA:44,1
DA:46,5
DA:52,5
DA:54,5
DA:55,5
DA:57,5
DA:67,2
DA:71,2
LF:9
LH:9
BRDA:43,0,0,5
BRDA:43,0,1,4
BRDA:43,1,0,5
BRDA:43,1,1,3
BRDA:47,2,0,5
BRDA:47,2,1,4
BRDA:49,3,0,5
BRDA:49,3,1,4
BRDA:61,4,0,5
BRDA:61,4,1,3
BRDA:63,5,0,5
BRDA:63,5,1,3
BRF:12
BRH:12
end_of_record
TN:
SF:/Users/jkalis/Pro/QL/WebCore/luxui/lux-core/src/react/layout/index.js
FN:23,layoutComponent
FNF:1
FNH:1
FNDA:5,layoutComponent
DA:16,1
DA:24,5
DA:25,5
DA:26,5
DA:28,5
DA:37,1
DA:39,1
LF:7
LH:7
BRF:0
BRH:0
end_of_record
TN:
SF:/Users/jkalis/Pro/QL/WebCore/luxui/lux-core/src/react/layout/main.js
FN:17,mainComponent
FN:31,(anonymous_1)
FNF:2
FNH:2
FNDA:8,mainComponent
FNDA:3,(anonymous_1)
DA:20,8
DA:21,8
DA:22,1
DA:25,7
DA:27,4
DA:28,1
DA:30,3
DA:31,3
DA:33,3
DA:35,1
DA:36,1
DA:38,1
DA:39,1
DA:42,1
DA:46,5
DA:49,8
DA:55,2
DA:57,2
LF:18
LH:18
BRDA:21,0,0,1
BRDA:21,0,1,7
BRDA:27,1,0,1
BRDA:27,1,1,3
BRDA:33,2,0,1
BRDA:33,2,1,1
BRDA:33,2,2,1
BRF:7
BRH:7
end_of_record
TN:
SF:/Users/jkalis/Pro/QL/WebCore/luxui/lux-core/src/react/layout/navigation.js
FN:13,linksReduce
FN:46,navigationComponent
FNF:2
FNH:2
FNDA:7,linksReduce
FNDA:6,navigationComponent
DA:14,7
DA:15,5
DA:17,5
DA:23,5
DA:28,5
DA:34,2
DA:48,6
DA:56,3
DA:64,3
LF:9
LH:9
BRDA:14,0,0,5
BRDA:14,0,1,2
BRDA:15,1,0,1
BRDA:15,1,1,4
BRF:4
BRH:4
end_of_record
TN:
SF:/Users/jkalis/Pro/QL/WebCore/luxui/lux-core/src/react/rest/collection/createButton.js
FN:12,RestCollectionCreateButton
FNF:1
FNH:1
FNDA:4,RestCollectionCreateButton
DA:13,4
DA:15,2
DA:18,2
DA:20,4
DA:25,4
LF:5
LH:5
BRDA:13,0,0,2
BRDA:13,0,1,2
BRDA:13,1,0,4
BRDA:13,1,1,2
BRF:4
BRH:4
end_of_record
TN:
SF:/Users/jkalis/Pro/QL/WebCore/luxui/lux-core/src/react/rest/collection/index.js
FN:22,createLinks
FN:25,(anonymous_1)
FN:40,restCollectionComponent
FN:42,(anonymous_3)
FNF:4
FNH:4
FNDA:1,createLinks
FNDA:1,(anonymous_1)
FNDA:2,restCollectionComponent
FNDA:1,(anonymous_3)
DA:18,3
DA:19,3
DA:20,3
DA:24,1
DA:27,1
DA:28,1
DA:33,1
DA:36,1
DA:41,2
DA:42,1
DA:44,2
DA:45,1
DA:48,1
DA:60,3
DA:64,3
LF:15
LH:15
BRDA:27,0,0,1
BRDA:44,1,0,1
BRDA:44,1,1,1
BRF:3
BRH:3
end_of_record
TN:
SF:/Users/jkalis/Pro/QL/WebCore/luxui/lux-core/src/react/rest/collection/item.js
FN:14,RestCollectionListItem
FNF:1
FNH:1
FNDA:7,RestCollectionListItem
DA:12,5
DA:15,7
DA:16,1
DA:19,6
DA:23,5
DA:28,5
LF:6
LH:6
BRDA:15,0,0,1
BRDA:15,0,1,6
BRDA:19,1,0,3
BRDA:19,1,1,3
BRF:4
BRH:4
end_of_record
TN:
SF:/Users/jkalis/Pro/QL/WebCore/luxui/lux-core/src/react/rest/collection/list.js
FN:17,RestCollectionList
FN:26,(anonymous_1)
FNF:2
FNH:2
FNDA:6,RestCollectionList
FNDA:4,(anonymous_1)
DA:15,4
DA:19,6
DA:21,4
DA:24,2
DA:27,4
DA:34,4
DA:39,4
LF:7
LH:7
BRDA:19,0,0,4
BRDA:19,1,0,6
BRDA:19,1,1,4
BRF:3
BRH:3
end_of_record
TN:
SF:/Users/jkalis/Pro/QL/WebCore/luxui/lux-core/src/react/rest/collection/paging.js
FN:15,pagingComponent
FN:22,(anonymous_1)
FN:26,(anonymous_2)
FN:53,(anonymous_3)
FNF:4
FNH:4
FNDA:8,pagingComponent
FNDA:5,(anonymous_1)
FNDA:12,(anonymous_2)
FNDA:5,(anonymous_3)
DA:16,8
DA:17,1
DA:20,7
DA:22,7
DA:25,7
DA:27,12
DA:28,1
DA:31,12
DA:32,1
DA:35,12
DA:36,1
DA:39,12
DA:40,1
DA:43,12
DA:44,1
DA:48,7
DA:53,5
DA:58,4
DA:62,4
LF:19
LH:19
BRDA:16,0,0,1
BRDA:16,0,1,7
BRDA:27,1,0,1
BRDA:27,1,1,11
BRDA:31,2,0,1
BRDA:31,2,1,11
BRDA:35,3,0,1
BRDA:35,3,1,11
BRDA:39,4,0,1
BRDA:39,4,1,11
BRDA:43,5,0,1
BRDA:43,5,1,11
BRDA:48,6,0,5
BRDA:48,6,1,2
BRF:14
BRH:14
end_of_record
TN:
SF:/Users/jkalis/Pro/QL/WebCore/luxui/lux-core/src/react/rest/item/formModel.js
FN:11,required
FN:15,formActionsReduce
FN:27,formModel
FN:49,(anonymous_3)
FN:53,(anonymous_4)
FN:70,(anonymous_5)
FNF:6
FNH:6
FNDA:1,required
FNDA:5,formActionsReduce
FNDA:6,formModel
FNDA:2,(anonymous_3)
FNDA:2,(anonymous_4)
FNDA:3,(anonymous_5)
DA:12,1
DA:17,5
DA:20,5
DA:21,4
DA:24,5
DA:28,6
DA:29,1
DA:32,5
DA:35,5
DA:36,1
DA:39,4
DA:43,4
DA:44,1
DA:48,3
DA:51,2
DA:52,2
DA:54,2
DA:62,2
DA:65,3
DA:70,3
LF:20
LH:20
BRDA:17,0,0,5
BRDA:17,0,1,1
BRDA:20,1,0,4
BRDA:27,2,0,1
BRDA:28,3,0,1
BRDA:28,3,1,5
BRDA:28,4,0,6
BRDA:28,4,1,5
BRDA:35,5,0,1
BRDA:35,5,1,4
BRDA:43,6,0,1
BRDA:43,6,1,3
BRDA:48,7,0,3
BRDA:48,7,1,1
BRDA:51,8,0,2
BRDA:67,9,0,1
BRDA:67,9,1,2
BRF:17
BRH:17
end_of_record
TN:
SF:/Users/jkalis/Pro/QL/WebCore/luxui/lux-core/src/react/rest/item/index.js
FN:15,restItemComponent
FNF:1
FNH:1
FNDA:1,restItemComponent
DA:16,1
DA:18,1
DA:20,3
DA:25,3
LF:4
LH:4
BRF:0
BRH:0
end_of_record
